P-CAD 2002 PCB(v17.00.50): PcbNet.cpp (3208) at Mon Nov 17 21:27:55 2014
P-CAD 2002 PCB(v17.00.50): TangSlst.cpp (146) at Thu Apr 02 23:03:14 2015
P-CAD 2002 PCB(v17.00.50): TangText.cpp (2652) at Mon Apr 17 12:07:31 2017
P-CAD 2002 PCB(v17.00.50): TangText.cpp (2652) at Mon Apr 17 12:10:35 2017
P-CAD 2002 PCB(v17.00.50): TangText.cpp (2652) at Thu May 11 09:10:16 2017
P-CAD 2002 PCB(v17.00.50): TangText.cpp (2652) at Thu May 11 09:10:42 2017
P-CAD 2002 PCB(v17.00.50): TangText.cpp (2652) at Thu May 11 09:10:55 2017
P-CAD 2002 PCB(v17.00.50): TangText.cpp (2652) at Wed May 31 11:14:26 2017
P-CAD 2002 PCB(v17.00.50): AsciiParse.cpp (16027) at Mon Aug 14 14:54:50 2017
P-CAD 2002 PCB(v17.00.50) 'C:\рабочая папка\PCB\Dpg-2-bt\DPGdaks-1-102\PCAD\DPGdaks-1-102.fpc.pcb': ADialog.cpp (3594) at Mon Dec 18 09:51:48 2017
P-CAD 2002 PCB(v17.00.50): TangText.cpp (2652) at Wed Jan 17 14:47:00 2018
P-CAD 2002 PCB(v17.00.50): TangText.cpp (2652) at Wed Jan 17 14:50:40 2018
P-CAD 2002 PCB(v17.00.50): TangText.cpp (2652) at Wed Jan 17 14:53:25 2018
P-CAD 2002 PCB(v17.00.50): TangText.cpp (2652) at Wed Jan 17 14:56:32 2018
P-CAD 2002 PCB(v17.00.50): TangText.cpp (2652) at Tue Jan 30 11:29:07 2018
P-CAD 2002 PCB(v17.00.50): TangText.cpp (2652) at Tue Jan 30 11:56:05 2018
P-CAD 2002 PCB(v17.00.50): TangText.cpp (2652) at Tue Jan 30 11:56:43 2018
P-CAD 2002 PCB(v17.00.50): TangText.cpp (2652) at Tue Jan 30 11:56:44 2018
P-CAD 2002 PCB(v17.00.50): TangText.cpp (2652) at Tue Jan 30 11:56:45 2018
P-CAD 2002 PCB(v17.00.50): TangText.cpp (2652) at Tue Jan 30 11:56:45 2018
P-CAD 2002 PCB(v17.00.50): TangText.cpp (2652) at Tue Jan 30 11:56:46 2018
P-CAD 2002 PCB(v17.00.50): TangText.cpp (2652) at Tue Jan 30 11:56:47 2018
P-CAD 2002 PCB(v17.00.50): TangText.cpp (2652) at Tue Jan 30 11:56:48 2018
P-CAD 2002 PCB(v17.00.50): TangText.cpp (2652) at Tue Jan 30 11:56:49 2018
P-CAD 2002 PCB(v17.00.50): TangText.cpp (2652) at Tue Jan 30 11:56:49 2018
P-CAD 2002 PCB(v17.00.50): TangText.cpp (2652) at Tue Jan 30 11:56:50 2018
P-CAD 2002 PCB(v17.00.50): TangText.cpp (2652) at Tue Jan 30 12:35:52 2018
P-CAD 2002 PCB(v17.00.50): TangText.cpp (2652) at Mon Feb 19 12:20:33 2018
P-CAD 2002 PCB(v17.00.50): PadVia.cpp (6869) at Fri Mar 16 15:15:40 2018
P-CAD 2002 PCB(v17.00.50): PadVia.cpp (6869) at Fri Mar 16 15:15:55 2018
P-CAD 2002 PCB(v17.00.50): PadVia.cpp (6869) at Fri Mar 16 15:15:56 2018
P-CAD 2002 PCB(v17.00.50): PadVia.cpp (6869) at Fri Mar 16 15:15:56 2018
P-CAD 2002 PCB(v17.00.50): TangText.cpp (2652) at Tue Apr 03 17:37:38 2018
P-CAD 2002 PCB(v17.00.50): TangText.cpp (2652) at Tue Apr 03 17:37:41 2018
P-CAD 2002 PCB(v17.00.50): TangText.cpp (2652) at Tue Apr 03 17:37:42 2018
P-CAD 2006 PCB(v19.02.9589): TangText.cpp (2846) at Mon Apr 09 09:49:37 2018
P-CAD 2006 PCB(v19.02.9589): TangText.cpp (2846) at Mon Apr 09 09:49:58 2018
P-CAD 2006 PCB(v19.02.9589): TangText.cpp (2846) at Mon Apr 09 10:56:32 2018
P-CAD 2006 PCB(v19.02.9589): TangText.cpp (2846) at Mon Apr 09 11:13:39 2018
P-CAD 2006 PCB(v19.02.9589): TangText.cpp (2846) at Mon Apr 09 11:13:57 2018
P-CAD 2006 PCB(v19.02.9589): TangText.cpp (2846) at Mon Apr 09 11:13:58 2018
P-CAD 2006 PCB(v19.02.9589): TangText.cpp (2846) at Mon Apr 09 11:13:59 2018
P-CAD 2006 PCB(v19.02.9589): TangText.cpp (2846) at Mon Apr 09 11:38:04 2018
P-CAD 2006 PCB(v19.02.9589): TangText.cpp (2846) at Mon Apr 09 11:38:13 2018
P-CAD 2006 PCB(v19.02.9589): TangText.cpp (2846) at Mon Apr 09 11:38:13 2018
P-CAD 2006 PCB(v19.02.9589): TangText.cpp (2846) at Mon Apr 09 11:39:30 2018
P-CAD 2006 PCB(v19.02.9589): TangText.cpp (2846) at Mon Apr 09 11:39:31 2018
P-CAD 2006 PCB(v19.02.9589): TangText.cpp (2846) at Mon Apr 09 11:39:32 2018
P-CAD 2006 PCB(v19.02.9589): TangText.cpp (2846) at Mon Apr 09 11:43:37 2018
P-CAD 2006 PCB(v19.02.9589): TangText.cpp (2846) at Mon Apr 09 11:44:21 2018
P-CAD 2006 PCB(v19.02.9589): TangText.cpp (2846) at Mon Apr 16 16:55:31 2018
P-CAD 2006 PCB(v19.02.9589): TangText.cpp (2846) at Mon Apr 16 16:55:32 2018
P-CAD 2006 PCB(v19.02.9589): TangText.cpp (2846) at Mon Apr 16 16:55:33 2018
P-CAD 2006 PCB(v19.02.9589): TangText.cpp (2846) at Mon Apr 16 16:57:12 2018
P-CAD 2006 PCB(v19.02.9589): TangText.cpp (2846) at Mon Apr 16 16:57:14 2018
P-CAD 2006 PCB(v19.02.9589): TangText.cpp (2846) at Mon Apr 16 16:57:14 2018
P-CAD 2006 PCB(v19.02.9589): TangText.cpp (2846) at Mon Apr 16 17:37:03 2018
P-CAD 2006 PCB(v19.02.9589): TangText.cpp (2846) at Mon Apr 16 17:38:36 2018
P-CAD 2006 PCB(v19.02.9589): TangText.cpp (2846) at Fri Apr 20 11:09:30 2018
P-CAD 2006 PCB(v19.02.9589): TangText.cpp (2846) at Fri Apr 20 11:09:32 2018
P-CAD 2006 PCB(v19.02.9589): TangText.cpp (2846) at Fri Apr 20 11:09:33 2018
P-CAD 2006 PCB(v19.02.9589): TangText.cpp (2846) at Fri Apr 20 11:11:27 2018
P-CAD 2006 PCB(v19.02.9589): TangText.cpp (2846) at Fri Apr 20 11:11:28 2018
P-CAD 2006 PCB(v19.02.9589): TangText.cpp (2846) at Fri Apr 20 11:11:29 2018
P-CAD 2006 PCB(v19.02.9589): TangText.cpp (2846) at Fri Apr 20 11:12:43 2018
P-CAD 2006 PCB(v19.02.9589): TangText.cpp (2846) at Fri Apr 20 11:12:45 2018
P-CAD 2006 PCB(v19.02.9589): TangText.cpp (2846) at Fri Apr 20 11:12:45 2018
P-CAD 2006 PCB(v19.02.9589): TangText.cpp (2846) at Fri Apr 20 11:53:55 2018
P-CAD 2006 PCB(v19.02.9589): TangText.cpp (2846) at Fri Apr 20 11:53:56 2018
P-CAD 2006 PCB(v19.02.9589): TangText.cpp (2846) at Fri Apr 20 11:53:56 2018
P-CAD 2006 PCB(v19.02.9589): TangText.cpp (2846) at Fri Apr 20 11:55:39 2018
P-CAD 2006 PCB(v19.02.9589): TangText.cpp (2846) at Fri Apr 20 11:55:40 2018
P-CAD 2006 PCB(v19.02.9589): TangText.cpp (2846) at Fri Apr 20 11:55:40 2018
P-CAD 2006 PCB(v19.02.9589): TangText.cpp (2846) at Fri Apr 20 13:09:37 2018
P-CAD 2006 PCB(v19.02.9589): TangText.cpp (2846) at Fri Apr 20 13:09:38 2018
P-CAD 2006 PCB(v19.02.9589): TangText.cpp (2846) at Fri Apr 20 13:09:39 2018
P-CAD 2006 PCB(v19.02.9589): TangText.cpp (2846) at Wed Apr 25 12:25:45 2018
P-CAD 2006 PCB(v19.02.9589): TangText.cpp (2846) at Wed Apr 25 12:25:46 2018
P-CAD 2006 PCB(v19.02.9589): TangText.cpp (2846) at Thu Apr 26 17:16:25 2018
P-CAD 2006 PCB(v19.02.9589): TangText.cpp (2846) at Thu Apr 26 17:16:27 2018
P-CAD 2006 PCB(v19.02.9589): TangText.cpp (2846) at Fri Apr 27 12:33:50 2018
P-CAD 2006 PCB(v19.02.9589): TangText.cpp (2846) at Fri Apr 27 14:28:07 2018
P-CAD 2006 PCB(v19.02.9589): TangText.cpp (2846) at Fri Apr 27 14:45:07 2018
P-CAD 2006 PCB(v19.02.9589): TangText.cpp (2846) at Sat Apr 28 11:33:50 2018
P-CAD 2006 PCB(v19.02.9589): TangText.cpp (2846) at Sat Apr 28 11:42:21 2018
P-CAD 2006 PCB(v19.02.9589): TangText.cpp (2846) at Sat Apr 28 11:42:22 2018
P-CAD 2006 PCB(v19.02.9589): TangText.cpp (2846) at Sat Apr 28 12:01:14 2018
P-CAD 2006 PCB(v19.02.9589): TangText.cpp (2846) at Sat Apr 28 12:02:01 2018
P-CAD 2006 PCB(v19.02.9589): TangText.cpp (2846) at Sat Apr 28 12:09:05 2018
P-CAD 2006 PCB(v19.02.9589) 'C:\Users\serduk\Desktop\importtango\PCAD\Onix-oc-bt-1.1.pcb.fpc.pcb': VPolyObj.cpp (810) at Mon May 07 10:43:32 2018
P-CAD 2006 PCB(v19.02.9589): TangText.cpp (2846) at Mon May 14 17:06:16 2018
P-CAD 2006 PCB(v19.02.9589): TangText.cpp (2846) at Wed Jun 20 10:06:55 2018
P-CAD 2006 PCB(v19.02.9589): TangText.cpp (2846) at Wed Jun 20 10:10:40 2018
P-CAD 2006 PCB(v19.02.9589): TangText.cpp (2846) at Thu Jun 21 09:25:41 2018
P-CAD 2006 PCB(v19.02.9589): TangText.cpp (2846) at Thu Aug 23 11:49:28 2018
P-CAD 2006 PCB(v19.02.9589): TangText.cpp (2846) at Thu Aug 23 11:50:29 2018
P-CAD 2006 PCB(v19.02.9589): TangText.cpp (2846) at Thu Aug 23 11:52:17 2018
P-CAD 2006 PCB(v19.02.9589): TangText.cpp (2846) at Thu Aug 23 11:58:38 2018
P-CAD 2006 PCB(v19.02.9589): TangText.cpp (2846) at Thu Aug 23 12:02:55 2018
P-CAD 2006 PCB(v19.02.9589): TangText.cpp (2846) at Thu Aug 23 12:04:35 2018
P-CAD 2006 PCB(v19.02.9589): TangText.cpp (2846) at Thu Aug 23 12:06:17 2018
P-CAD 2006 PCB(v19.02.9589): TangText.cpp (2846) at Tue Sep 11 12:42:36 2018
P-CAD 2006 PCB(v19.02.9589): TangText.cpp (2846) at Tue Sep 11 12:42:38 2018
P-CAD 2006 PCB(v19.02.9589): TangText.cpp (2846) at Tue Sep 11 12:42:39 2018
P-CAD 2006 PCB(v19.02.9589): TangText.cpp (2846) at Tue Sep 11 12:48:52 2018
P-CAD 2006 PCB(v19.02.9589): TangText.cpp (2846) at Tue Sep 11 12:48:57 2018
P-CAD 2006 PCB(v19.02.9589): TangText.cpp (2846) at Tue Sep 11 12:48:58 2018
P-CAD 2006 PCB(v19.02.9589): TangText.cpp (2846) at Tue Sep 11 12:56:19 2018
P-CAD 2006 PCB(v19.02.9589): TangText.cpp (2846) at Tue Sep 11 12:56:20 2018
P-CAD 2006 PCB(v19.02.9589): TangText.cpp (2846) at Tue Sep 11 12:56:21 2018
P-CAD 2006 PCB(v19.02.9589): TangText.cpp (2846) at Tue Sep 11 12:57:03 2018
P-CAD 2006 PCB(v19.02.9589): TangText.cpp (2846) at Tue Sep 11 12:57:04 2018
P-CAD 2006 PCB(v19.02.9589): TangText.cpp (2846) at Tue Sep 11 12:57:04 2018
P-CAD 2006 PCB(v19.02.9589): TangText.cpp (2846) at Tue Sep 11 12:59:27 2018
P-CAD 2006 PCB(v19.02.9589): TangText.cpp (2846) at Tue Sep 11 12:59:29 2018
P-CAD 2006 PCB(v19.02.9589): TangText.cpp (2846) at Tue Sep 11 12:59:31 2018
P-CAD 2006 PCB(v19.02.9589): TangText.cpp (2846) at Tue Sep 11 13:00:48 2018
P-CAD 2006 PCB(v19.02.9589): TangText.cpp (2846) at Tue Sep 11 13:00:49 2018
P-CAD 2006 PCB(v19.02.9589): TangText.cpp (2846) at Tue Sep 11 13:00:49 2018
P-CAD 2006 PCB(v19.02.9589): TangText.cpp (2846) at Wed Sep 12 16:39:05 2018
P-CAD 2006 PCB(v19.02.9589): TangText.cpp (2846) at Wed Sep 12 16:39:25 2018
P-CAD 2006 PCB(v19.02.9589): TangText.cpp (2846) at Wed Sep 12 16:39:27 2018
P-CAD 2006 PCB(v19.02.9589): TangText.cpp (2846) at Wed Sep 12 17:30:35 2018
P-CAD 2006 PCB(v19.02.9589): TangText.cpp (2846) at Wed Sep 12 17:30:40 2018
P-CAD 2006 PCB(v19.02.9589): TangText.cpp (2846) at Wed Sep 12 17:30:41 2018
P-CAD 2006 PCB(v19.02.9589): TangText.cpp (2846) at Wed Sep 12 17:32:58 2018
P-CAD 2006 PCB(v19.02.9589): TangText.cpp (2846) at Wed Sep 12 17:32:59 2018
P-CAD 2006 PCB(v19.02.9589): TangText.cpp (2846) at Wed Sep 12 17:33:00 2018
P-CAD 2006 PCB(v19.02.9589): TangText.cpp (2846) at Wed Sep 12 18:14:16 2018
P-CAD 2006 PCB(v19.02.9589): TangText.cpp (2846) at Wed Sep 12 18:14:17 2018
P-CAD 2006 PCB(v19.02.9589): TangText.cpp (2846) at Wed Sep 12 18:14:18 2018
P-CAD 2006 PCB(v19.02.9589): TangText.cpp (2846) at Wed Sep 12 18:15:02 2018
P-CAD 2006 PCB(v19.02.9589): TangText.cpp (2846) at Wed Sep 12 18:15:05 2018
P-CAD 2006 PCB(v19.02.9589): TangText.cpp (2846) at Wed Sep 12 18:15:05 2018
P-CAD 2006 PCB(v19.02.9589): TangText.cpp (2846) at Wed Sep 12 18:15:38 2018
P-CAD 2006 PCB(v19.02.9589): TangText.cpp (2846) at Wed Sep 12 18:15:39 2018
P-CAD 2006 PCB(v19.02.9589): TangText.cpp (2846) at Wed Sep 12 18:15:40 2018
P-CAD 2006 PCB(v19.02.9589): TangText.cpp (2846) at Wed Sep 12 18:16:32 2018
P-CAD 2006 PCB(v19.02.9589): TangText.cpp (2846) at Wed Sep 12 18:16:33 2018
P-CAD 2006 PCB(v19.02.9589): TangText.cpp (2846) at Wed Sep 12 18:16:33 2018
P-CAD 2006 PCB(v19.02.9589): TangText.cpp (2846) at Wed Sep 12 18:16:57 2018
P-CAD 2006 PCB(v19.02.9589): TangText.cpp (2846) at Wed Sep 12 18:18:53 2018
P-CAD 2006 PCB(v19.02.9589): TangText.cpp (2846) at Wed Sep 12 18:19:45 2018
P-CAD 2006 PCB(v19.02.9589): TangText.cpp (2846) at Wed Sep 12 18:20:04 2018
P-CAD 2006 PCB(v19.02.9589): TangText.cpp (2846) at Wed Sep 12 18:34:00 2018
P-CAD 2006 PCB(v19.02.9589) 'C:\рабочая папка\PCB\Spectr-4-bt\spectr-4-43\PCAD\spectr-4-43bt_M(ADXL1002).fpc.pcb': VPolyObj.cpp (810) at Fri Sep 14 16:02:12 2018
P-CAD 2006 PCB(v19.02.9589) 'C:\рабочая папка\PCB\Spectr-4-bt\spectr-4-43\PCAD\spectr-4-43bt_M(ADXL1002).fpc.pcb': VPolyObj.cpp (810) at Fri Sep 14 16:02:28 2018
P-CAD 2006 PCB(v19.02.9589) 'C:\рабочая папка\PCB\Spectr-4-bt\spectr-4-43\PCAD\spectr-4-43bt_M(ADXL1002).fpc.pcb': VPolyObj.cpp (810) at Fri Sep 14 16:02:53 2018
P-CAD 2006 PCB(v19.02.9589) 'C:\рабочая папка\PCB\Spectr-4-bt\spectr-4-43\PCAD\spectr-4-43bt_M(ADXL1002).fpc.pcb': VPolyObj.cpp (810) at Fri Sep 14 16:03:02 2018
P-CAD 2006 PCB(v19.02.9589) 'C:\рабочая папка\PCB\Spectr-4-bt\spectr-4-43\PCAD\spectr-4-43bt_M(ADXL1002).fpc.pcb': VPolyObj.cpp (810) at Fri Sep 14 16:03:10 2018
P-CAD 2006 PCB(v19.02.9589) 'C:\рабочая папка\PCB\Spectr-4-bt\spectr-4-43\PCAD\spectr-4-43bt_M(ADXL1002).fpc.pcb': VPolyObj.cpp (810) at Fri Sep 14 16:03:18 2018
P-CAD 2006 PCB(v19.02.9589) 'C:\рабочая папка\PCB\Spectr-4-bt\spectr-4-43\PCAD\spectr-4-43bt_R(ADXL1002).fpc.pcb': VPolyObj.cpp (810) at Fri Sep 14 16:05:58 2018
P-CAD 2006 PCB(v19.02.9589) 'C:\рабочая папка\PCB\Spectr-4-bt\spectr-4-43\PCAD\spectr-4-43bt_R(ADXL1002).fpc.pcb': VPolyObj.cpp (810) at Fri Sep 14 16:06:12 2018
P-CAD 2006 PCB(v19.02.9589) 'C:\рабочая папка\PCB\Spectr-4-bt\spectr-4-43\PCAD\spectr-4-43bt_R(ADXL1002).fpc.pcb': VPolyObj.cpp (810) at Fri Sep 14 16:06:19 2018
P-CAD 2006 PCB(v19.02.9589) 'C:\рабочая папка\PCB\Spectr-4-bt\spectr-4-43\PCAD\spectr-4-43bt_R(ADXL1002).fpc.pcb': VPolyObj.cpp (810) at Fri Sep 14 16:08:49 2018
P-CAD 2006 PCB(v19.02.9589) 'C:\рабочая папка\PCB\Spectr-4-bt\spectr-4-43\PCAD\spectr-4-43bt_R(ADXL1002).fpc.pcb': VPolyObj.cpp (810) at Fri Sep 14 16:08:50 2018
P-CAD 2006 PCB(v19.02.9589) 'C:\рабочая папка\PCB\Spectr-4-bt\spectr-4-43\PCAD\spectr-4-43bt_R(ADXL1002).fpc.pcb': VPolyObj.cpp (810) at Fri Sep 14 16:10:41 2018
P-CAD 2006 PCB(v19.02.9589) 'C:\рабочая папка\PCB\Spectr-4-bt\spectr-4-43\PCAD\spectr-4-43bt_R(ADXL1002).fpc.pcb': VPolyObj.cpp (810) at Fri Sep 14 16:11:33 2018
P-CAD 2006 PCB(v19.02.9589) 'C:\рабочая папка\PCB\Spectr-4-bt\spectr-4-43\PCAD\spectr-4-43bt_R(ADXL1002).fpc.pcb': VPolyObj.cpp (810) at Fri Sep 14 16:11:34 2018
P-CAD 2006 PCB(v19.02.9589) 'C:\рабочая папка\PCB\Spectr-4-bt\spectr-4-43\PCAD\spectr-4-43bt_R(ADXL1002).fpc.pcb': VPolyObj.cpp (810) at Fri Sep 14 16:11:46 2018
P-CAD 2006 PCB(v19.02.9589) 'C:\рабочая папка\PCB\Spectr-4-bt\spectr-4-43\PCAD\spectr-4-43bt_R(ADXL1002).fpc.pcb': VPolyObj.cpp (810) at Fri Sep 14 16:11:52 2018
P-CAD 2006 PCB(v19.02.9589) 'C:\рабочая папка\PCB\Spectr-4-bt\spectr-4-43\PCAD\spectr-4-43bt_R(ADXL1002).fpc.pcb': VPolyObj.cpp (810) at Fri Sep 14 16:11:57 2018
P-CAD 2006 PCB(v19.02.9589) 'C:\рабочая папка\PCB\Spectr-4-bt\spectr-4-43\PCAD\spectr-4-43bt_R(ADXL1002).fpc.pcb': VPolyObj.cpp (810) at Fri Sep 14 16:12:18 2018
P-CAD 2006 PCB(v19.02.9589) 'C:\рабочая папка\PCB\Spectr-4-bt\spectr-4-43\PCAD\spectr-4-43bt_R(ADXL1002).fpc.pcb': VPolyObj.cpp (810) at Fri Sep 14 16:12:28 2018
P-CAD 2006 PCB(v19.02.9589) 'C:\рабочая папка\PCB\Spectr-4-bt\spectr-4-43\PCAD\spectr-4-43bt_R(ADXL1002).fpc.pcb': VPolyObj.cpp (810) at Fri Sep 14 16:12:42 2018
P-CAD 2006 PCB(v19.02.9589) 'C:\рабочая папка\PCB\Spectr-4-bt\spectr-4-43\PCAD\spectr-4-43bt_R(ADXL1002).fpc.pcb': VPolyObj.cpp (810) at Fri Sep 14 16:13:58 2018
P-CAD 2006 PCB(v19.02.9589) 'C:\рабочая папка\PCB\Spectr-4-bt\spectr-4-43\PCAD\spectr-4-43bt_R(ADXL1002).fpc.pcb': VPolyObj.cpp (810) at Fri Sep 14 16:14:02 2018
P-CAD 2006 PCB(v19.02.9589) 'C:\рабочая папка\PCB\Spectr-4-bt\spectr-4-43\PCAD\spectr-4-43bt_R(ADXL1002).fpc.pcb': VPolyObj.cpp (810) at Fri Sep 14 16:14:06 2018
P-CAD 2006 PCB(v19.02.9589) 'C:\рабочая папка\PCB\Spectr-4-bt\spectr-4-43\PCAD\spectr-4-43bt_R(ADXL1002).fpc.pcb': VPolyObj.cpp (810) at Fri Sep 14 16:14:53 2018
P-CAD 2006 PCB(v19.02.9589) 'C:\рабочая папка\PCB\Spectr-4-bt\spectr-4-43\PCAD\spectr-4-43bt_R(ADXL1002).fpc.pcb': VPolyObj.cpp (810) at Fri Sep 14 16:15:13 2018
P-CAD 2006 PCB(v19.02.9589) 'C:\рабочая папка\PCB\Spectr-4-bt\spectr-4-43\PCAD\spectr-4-43bt_R(ADXL1002).fpc.pcb': VPolyObj.cpp (810) at Fri Sep 14 16:15:40 2018
P-CAD 2006 PCB(v19.02.9589) 'C:\рабочая папка\PCB\Spectr-4-bt\spectr-4-43\PCAD\spectr-4-43bt_R(ADXL1002).fpc.pcb': VPolyObj.cpp (810) at Fri Sep 14 16:18:22 2018
P-CAD 2006 PCB(v19.02.9589) 'C:\рабочая папка\PCB\Spectr-4-bt\spectr-4-43\PCAD\spectr-4-43bt_R(ADXL1002).fpc.pcb': VPolyObj.cpp (810) at Fri Sep 14 16:18:23 2018
P-CAD 2006 PCB(v19.02.9589) 'C:\рабочая папка\PCB\Spectr-4-bt\spectr-4-43\PCAD\spectr-4-43bt_R(ADXL1002).fpc.pcb': VPolyObj.cpp (810) at Fri Sep 14 16:18:36 2018
P-CAD 2006 PCB(v19.02.9589) 'C:\рабочая папка\PCB\Spectr-4-bt\spectr-4-43\PCAD\spectr-4-43bt_R(ADXL1002).fpc.pcb': VPolyObj.cpp (810) at Fri Sep 14 16:18:47 2018
P-CAD 2006 PCB(v19.02.9589) 'C:\рабочая папка\PCB\Spectr-4-bt\spectr-4-43\PCAD\spectr-4-43bt_R(ADXL1002).fpc.pcb': VPolyObj.cpp (810) at Fri Sep 14 16:21:53 2018
P-CAD 2006 PCB(v19.02.9589) 'C:\рабочая папка\PCB\Spectr-4-bt\spectr-4-43\PCAD\spectr-4-43bt_R(ADXL1002).fpc.pcb': VPolyObj.cpp (810) at Fri Sep 14 16:28:40 2018
P-CAD 2006 PCB(v19.02.9589) 'C:\рабочая папка\PCB\Spectr-4-bt\spectr-4-43\PCAD\spectr-4-43bt_R(ADXL1002).fpc.pcb': VPolyObj.cpp (810) at Fri Sep 14 16:28:43 2018
P-CAD 2006 PCB(v19.02.9589) 'C:\рабочая папка\PCB\Spectr-4-bt\spectr-4-43\PCAD\spectr-4-43bt_R(ADXL1002).fpc.pcb': VPolyObj.cpp (810) at Fri Sep 14 16:29:16 2018
P-CAD 2006 PCB(v19.02.9589) 'C:\рабочая папка\PCB\Spectr-4-bt\spectr-4-43\PCAD\spectr-4-43bt_R(ADXL1002).fpc.pcb': VPolyObj.cpp (810) at Fri Sep 14 16:31:37 2018
P-CAD 2006 PCB(v19.02.9589) 'C:\рабочая папка\PCB\Spectr-4-bt\spectr-4-43\PCAD\spectr-4-43bt_R(ADXL1002).fpc.pcb': VPolyObj.cpp (810) at Fri Sep 14 16:32:46 2018
P-CAD 2006 PCB(v19.02.9589) 'C:\рабочая папка\PCB\Spectr-4-bt\spectr-4-43\PCAD\spectr-4-43bt_R(ADXL1002).fpc.pcb': VPolyObj.cpp (810) at Fri Sep 14 16:32:48 2018
P-CAD 2006 PCB(v19.02.9589) 'C:\рабочая папка\PCB\Spectr-4-bt\spectr-4-43\PCAD\spectr-4-43bt_R(ADXL1002).fpc.pcb': VPolyObj.cpp (810) at Fri Sep 14 16:32:52 2018
P-CAD 2006 PCB(v19.02.9589) 'C:\рабочая папка\PCB\Spectr-4-bt\spectr-4-43\PCAD\spectr-4-43bt_R(ADXL1002).fpc.pcb': VPolyObj.cpp (810) at Fri Sep 14 16:39:56 2018
P-CAD 2006 PCB(v19.02.9589) 'C:\рабочая папка\PCB\Spectr-4-bt\spectr-4-43\PCAD\spectr-4-43bt_R(ADXL1002).fpc.pcb': VPolyObj.cpp (810) at Fri Sep 14 16:39:57 2018
P-CAD 2006 PCB(v19.02.9589) 'C:\рабочая папка\PCB\Spectr-4-bt\spectr-4-43\PCAD\spectr-4-43bt_R(ADXL1002).fpc.pcb': VPolyObj.cpp (810) at Fri Sep 14 16:46:48 2018
P-CAD 2006 PCB(v19.02.9589) 'C:\рабочая папка\PCB\Spectr-4-bt\spectr-4-43\PCAD\spectr-4-43bt_R(ADXL1002).fpc.pcb': VPolyObj.cpp (810) at Fri Sep 14 16:46:49 2018
P-CAD 2006 PCB(v19.02.9589) 'C:\рабочая папка\PCB\Spectr-4-bt\spectr-4-43\PCAD\spectr-4-43bt_R(ADXL1002).fpc.pcb': VPolyObj.cpp (810) at Fri Sep 14 16:46:52 2018
P-CAD 2006 PCB(v19.02.9589) 'C:\рабочая папка\PCB\Spectr-4-bt\spectr-4-43\PCAD\spectr-4-43bt_R(ADXL1002).fpc.pcb': VPolyObj.cpp (810) at Fri Sep 14 16:48:28 2018
P-CAD 2006 PCB(v19.02.9589) 'C:\рабочая папка\PCB\Spectr-4-bt\spectr-4-43\PCAD\spectr-4-43bt_R(ADXL1002).fpc.pcb': VPolyObj.cpp (810) at Fri Sep 14 16:48:29 2018
P-CAD 2006 PCB(v19.02.9589) 'C:\рабочая папка\PCB\Spectr-4-bt\spectr-4-43\PCAD\spectr-4-43bt.fpc.pcb': VPolyObj.cpp (810) at Fri Sep 14 17:10:21 2018
P-CAD 2006 PCB(v19.02.9589) 'C:\рабочая папка\PCB\Spectr-4-bt\spectr-4-43\PCAD\spectr-4-43bt.fpc.pcb': VPolyObj.cpp (810) at Fri Sep 14 17:10:25 2018
P-CAD 2006 PCB(v19.02.9589) 'C:\рабочая папка\PCB\Spectr-4-bt\spectr-4-43\PCAD\spectr-4-43bt.fpc.pcb': VPolyObj.cpp (810) at Fri Sep 14 17:10:38 2018
P-CAD 2006 PCB(v19.02.9589) 'C:\рабочая папка\PCB\Spectr-4-bt\spectr-4-43\PCAD\spectr-4-43bt.fpc.pcb': VPolyObj.cpp (810) at Fri Sep 14 17:13:47 2018
P-CAD 2006 PCB(v19.02.9589) 'C:\рабочая папка\PCB\Spectr-4-bt\spectr-4-43\PCAD\spectr-4-43bt.fpc.pcb': VPolyObj.cpp (810) at Fri Sep 14 17:13:52 2018
P-CAD 2006 PCB(v19.02.9589) 'C:\рабочая папка\PCB\Spectr-4-bt\spectr-4-43\PCAD\spectr-4-43bt.fpc.pcb': VPolyObj.cpp (810) at Fri Sep 14 17:16:05 2018
P-CAD 2006 PCB(v19.02.9589) 'C:\рабочая папка\PCB\Spectr-4-bt\spectr-4-43\PCAD\test.fpc.pcb': VPolyObj.cpp (810) at Fri Sep 14 17:25:13 2018
P-CAD 2006 PCB(v19.02.9589) 'C:\рабочая папка\PCB\Spectr-4-bt\spectr-4-43\PCAD\test.fpc.pcb': VPolyObj.cpp (810) at Fri Sep 14 17:25:15 2018
P-CAD 2006 PCB(v19.02.9589) 'C:\рабочая папка\PCB\Spectr-4-bt\spectr-4-43\PCAD\test.fpc.pcb': VPolyObj.cpp (810) at Fri Sep 14 17:27:11 2018
P-CAD 2006 PCB(v19.02.9589) 'C:\рабочая папка\PCB\Spectr-4-bt\spectr-4-43\PCAD\test.fpc.pcb': VPolyObj.cpp (810) at Fri Sep 14 17:27:14 2018
P-CAD 2006 PCB(v19.02.9589) 'C:\рабочая папка\PCB\Spectr-4-bt\spectr-4-43\PCAD\test.fpc.pcb': VPolyObj.cpp (810) at Fri Sep 14 17:35:34 2018
P-CAD 2006 PCB(v19.02.9589) 'C:\рабочая папка\PCB\Spectr-4-bt\spectr-4-43\PCAD\test.fpc.pcb': VPolyObj.cpp (810) at Fri Sep 14 17:35:36 2018
P-CAD 2006 PCB(v19.02.9589) 'C:\рабочая папка\PCB\Spectr-4-bt\spectr-4-43\PCAD\test.fpc.pcb': VPolyObj.cpp (810) at Fri Sep 14 17:35:56 2018
P-CAD 2006 PCB(v19.02.9589) 'C:\рабочая папка\PCB\Spectr-4-bt\spectr-4-43\PCAD\test.fpc.pcb': VPolyObj.cpp (810) at Fri Sep 14 17:36:14 2018
P-CAD 2006 PCB(v19.02.9589) 'C:\рабочая папка\PCB\Spectr-4-bt\spectr-4-43\PCAD\test.fpc.pcb': VPolyObj.cpp (810) at Fri Sep 14 17:39:17 2018
P-CAD 2006 PCB(v19.02.9589) 'C:\рабочая папка\PCB\Spectr-4-bt\spectr-4-43\PCAD\test.fpc.pcb': VPolyObj.cpp (810) at Fri Sep 14 17:39:32 2018
P-CAD 2006 PCB(v19.02.9589) 'C:\рабочая папка\PCB\Spectr-4-bt\spectr-4-43\PCAD\test.fpc.pcb': VPolyObj.cpp (810) at Fri Sep 14 17:39:46 2018
P-CAD 2006 PCB(v19.02.9589) 'C:\рабочая папка\PCB\Spectr-4-bt\spectr-4-43\PCAD\test.fpc.pcb': VPolyObj.cpp (810) at Fri Sep 14 17:40:01 2018
P-CAD 2006 PCB(v19.02.9589) 'C:\рабочая папка\PCB\Spectr-4-bt\spectr-4-43\PCAD\test.fpc.pcb': VPolyObj.cpp (810) at Fri Sep 14 17:40:26 2018
P-CAD 2006 PCB(v19.02.9589) 'C:\рабочая папка\PCB\Spectr-4-bt\spectr-4-43\PCAD\test.fpc.pcb': VPolyObj.cpp (810) at Fri Sep 14 17:41:09 2018
P-CAD 2006 PCB(v19.02.9589) 'C:\рабочая папка\PCB\Spectr-4-bt\spectr-4-43\PCAD\test.fpc.pcb': VPolyObj.cpp (810) at Fri Sep 14 18:15:02 2018
P-CAD 2006 PCB(v19.02.9589) 'C:\рабочая папка\PCB\Spectr-4-bt\spectr-4-43\PCAD\test.fpc.pcb': VPolyObj.cpp (810) at Fri Sep 14 18:15:04 2018
P-CAD 2006 PCB(v19.02.9589) 'C:\рабочая папка\PCB\Spectr-4-bt\spectr-4-43\PCAD\test.fpc.pcb': VPolyObj.cpp (810) at Fri Sep 14 18:16:42 2018
P-CAD 2006 PCB(v19.02.9589) 'C:\рабочая папка\PCB\Spectr-4-bt\spectr-4-43\PCAD\test.fpc.pcb': VPolyObj.cpp (810) at Fri Sep 14 18:16:45 2018
P-CAD 2006 PCB(v19.02.9589) 'C:\рабочая папка\PCB\Spectr-4-bt\spectr-4-43\PCAD\spectr-4-43bt.fpc.pcb': VPolyObj.cpp (810) at Fri Sep 14 18:21:08 2018
P-CAD 2006 PCB(v19.02.9589) 'C:\рабочая папка\PCB\Spectr-4-bt\spectr-4-43\PCAD\spectr-4-43bt.fpc.pcb': VPolyObj.cpp (810) at Fri Sep 14 18:21:10 2018
P-CAD 2006 PCB(v19.02.9589) 'C:\рабочая папка\PCB\Spectr-4-bt\spectr-4-43\PCAD\spectr-4-43bt.fpc.pcb': VPolyObj.cpp (810) at Fri Sep 14 18:40:53 2018
P-CAD 2006 PCB(v19.02.9589) 'C:\рабочая папка\PCB\Spectr-4-bt\spectr-4-43\PCAD\spectr-4-43bt_R(ADXL1002).fpc.pcb': VPolyObj.cpp (810) at Mon Sep 24 10:55:20 2018
P-CAD 2006 PCB(v19.02.9589) 'C:\рабочая папка\PCB\Spectr-4-bt\spectr-4-43\PCAD\spectr-4-43bt_R(ADXL1002).fpc.pcb': VPolyObj.cpp (810) at Mon Sep 24 10:55:21 2018
P-CAD 2006 PCB(v19.02.9589) 'C:\рабочая папка\PCB\Spectr-4-bt\spectr-4-43\PCAD\spectr-4-43bt_R(ADXL1002).fpc.pcb': VPolyObj.cpp (810) at Mon Sep 24 10:55:30 2018
P-CAD 2006 PCB(v19.02.9589) 'C:\рабочая папка\PCB\Spectr-4-bt\spectr-4-43\PCAD\spectr-4-43bt_R(ADXL1002).fpc.pcb': VPolyObj.cpp (810) at Mon Sep 24 10:55:51 2018
P-CAD 2006 PCB(v19.02.9589) 'C:\рабочая папка\PCB\Spectr-4-bt\spectr-4-43\PCAD\spectr-4-43bt_R(ADXL1002).fpc.pcb': VPolyObj.cpp (810) at Mon Sep 24 10:56:01 2018
P-CAD 2006 PCB(v19.02.9589) 'C:\рабочая папка\PCB\Spectr-4-bt\spectr-4-43\PCAD\spectr-4-43bt_R(ADXL1002).fpc.pcb': VPolyObj.cpp (810) at Mon Sep 24 10:56:01 2018
P-CAD 2006 PCB(v19.02.9589) 'C:\рабочая папка\PCB\Spectr-4-bt\spectr-4-43\PCAD\spectr-4-43bt_R(ADXL1002).fpc.pcb': VPolyObj.cpp (810) at Mon Sep 24 10:56:03 2018
P-CAD 2006 PCB(v19.02.9589) 'C:\рабочая папка\PCB\Spectr-4-bt\spectr-4-43\PCAD\spectr-4-43bt_R(ADXL1002).fpc.pcb': VPolyObj.cpp (810) at Mon Sep 24 10:56:07 2018
P-CAD 2006 PCB(v19.02.9589) 'C:\рабочая папка\PCB\Spectr-4-bt\spectr-4-43\PCAD\spectr-4-43bt_R(ADXL1002).fpc.pcb': VPolyObj.cpp (810) at Mon Sep 24 10:56:15 2018
P-CAD 2006 PCB(v19.02.9589) 'C:\рабочая папка\PCB\Spectr-4-bt\spectr-4-43\PCAD\spectr-4-43bt_R(ADXL1002).fpc.pcb': VPolyObj.cpp (810) at Mon Sep 24 10:56:15 2018
P-CAD 2006 PCB(v19.02.9589) 'C:\рабочая папка\PCB\Spectr-4-bt\spectr-4-43\PCAD\spectr-4-43bt_R(ADXL1002).fpc.pcb': VPolyObj.cpp (810) at Mon Sep 24 10:56:17 2018
P-CAD 2006 PCB(v19.02.9589) 'C:\рабочая папка\PCB\Spectr-4-bt\spectr-4-43\PCAD\spectr-4-43bt_R(ADXL1002).fpc.pcb': VPolyObj.cpp (810) at Mon Sep 24 10:56:21 2018
P-CAD 2006 PCB(v19.02.9589) 'C:\рабочая папка\PCB\Spectr-4-bt\spectr-4-43\PCAD\spectr-4-43bt_R(ADXL1002).fpc.pcb': VPolyObj.cpp (810) at Mon Sep 24 10:57:42 2018
P-CAD 2006 PCB(v19.02.9589) 'C:\рабочая папка\PCB\Spectr-4-bt\spectr-4-43\PCAD\spectr-4-43bt_R(ADXL1002).fpc.pcb': VPolyObj.cpp (810) at Mon Sep 24 10:57:49 2018
P-CAD 2006 PCB(v19.02.9589) 'C:\рабочая папка\PCB\Spectr-4-bt\spectr-4-43\PCAD\spectr-4-43bt_R(ADXL1002).fpc.pcb': VPolyObj.cpp (810) at Mon Sep 24 10:58:01 2018
P-CAD 2006 PCB(v19.02.9589) 'C:\рабочая папка\PCB\Spectr-4-bt\spectr-4-43\PCAD\spectr-4-43bt_R(ADXL1002).fpc.pcb': VPolyObj.cpp (810) at Mon Sep 24 10:58:04 2018
P-CAD 2006 PCB(v19.02.9589) 'C:\рабочая папка\PCB\Spectr-4-bt\spectr-4-43\PCAD\spectr-4-43bt_R(ADXL1002).fpc.pcb': VPolyObj.cpp (810) at Mon Sep 24 10:58:07 2018
P-CAD 2006 PCB(v19.02.9589) 'C:\рабочая папка\PCB\Spectr-4-bt\spectr-4-43\PCAD\spectr-4-43bt_R(ADXL1002).fpc.pcb': VPolyObj.cpp (810) at Mon Sep 24 10:58:09 2018
P-CAD 2006 PCB(v19.02.9589) 'C:\рабочая папка\PCB\Spectr-4-bt\spectr-4-43\PCAD\spectr-4-43bt_R(ADXL1002).fpc.pcb': VPolyObj.cpp (810) at Mon Sep 24 10:58:10 2018
P-CAD 2006 PCB(v19.02.9589) 'C:\рабочая папка\PCB\Spectr-4-bt\spectr-4-43\PCAD\spectr-4-43bt_R(ADXL1002).fpc.pcb': VPolyObj.cpp (810) at Mon Sep 24 10:58:14 2018
P-CAD 2006 PCB(v19.02.9589) 'C:\рабочая папка\PCB\Spectr-4-bt\spectr-4-43\PCAD\spectr-4-43bt_R(ADXL1002).fpc.pcb': VPolyObj.cpp (810) at Mon Sep 24 10:58:21 2018
P-CAD 2006 PCB(v19.02.9589) 'C:\рабочая папка\PCB\Spectr-4-bt\spectr-4-43\PCAD\spectr-4-43bt_R(ADXL1002).fpc.pcb': VPolyObj.cpp (810) at Mon Sep 24 10:58:25 2018
P-CAD 2006 PCB(v19.02.9589) 'C:\рабочая папка\PCB\Spectr-4-bt\spectr-4-43\PCAD\spectr-4-43bt_R(ADXL1002).fpc.pcb': VPolyObj.cpp (810) at Mon Sep 24 10:58:27 2018
P-CAD 2006 PCB(v19.02.9589) 'C:\рабочая папка\PCB\Spectr-4-bt\spectr-4-43\PCAD\spectr-4-43bt_R(ADXL1002).fpc.pcb': VPolyObj.cpp (810) at Mon Sep 24 10:58:34 2018
P-CAD 2006 PCB(v19.02.9589) 'C:\рабочая папка\PCB\Spectr-4-bt\spectr-4-43\PCAD\spectr-4-43bt_R(ADXL1002).fpc.pcb': VPolyObj.cpp (810) at Mon Sep 24 10:59:10 2018
P-CAD 2006 PCB(v19.02.9589) 'C:\рабочая папка\PCB\Spectr-4-bt\spectr-4-43\PCAD\spectr-4-43bt_R(ADXL1002).fpc.pcb': VPolyObj.cpp (810) at Mon Sep 24 10:59:13 2018
P-CAD 2006 PCB(v19.02.9589) 'C:\рабочая папка\PCB\Spectr-4-bt\spectr-4-43\PCAD\spectr-4-43bt_R(ADXL1002).fpc.pcb': VPolyObj.cpp (810) at Mon Sep 24 10:59:18 2018
P-CAD 2006 PCB(v19.02.9589) 'C:\рабочая папка\PCB\Spectr-4-bt\spectr-4-43\PCAD\spectr-4-43bt_R(ADXL1002).fpc.pcb': VPolyObj.cpp (810) at Mon Sep 24 10:59:23 2018
P-CAD 2006 PCB(v19.02.9589) 'C:\рабочая папка\PCB\Spectr-4-bt\spectr-4-43\PCAD\spectr-4-43bt_R(ADXL1002).fpc.pcb': VPolyObj.cpp (810) at Mon Sep 24 10:59:34 2018
P-CAD 2006 PCB(v19.02.9589) 'C:\рабочая папка\PCB\Spectr-4-bt\spectr-4-43\PCAD\spectr-4-43bt_R(ADXL1002).fpc.pcb': VPolyObj.cpp (810) at Mon Sep 24 10:59:38 2018
P-CAD 2006 PCB(v19.02.9589) 'C:\рабочая папка\PCB\Spectr-4-bt\spectr-4-43\PCAD\spectr-4-43bt_R(ADXL1002).fpc.pcb': VPolyObj.cpp (810) at Mon Sep 24 10:59:50 2018
P-CAD 2006 PCB(v19.02.9589) 'C:\рабочая папка\PCB\Spectr-4-bt\spectr-4-43\PCAD\spectr-4-43bt_R(ADXL1002).fpc.pcb': VPolyObj.cpp (810) at Mon Sep 24 10:59:52 2018
P-CAD 2006 PCB(v19.02.9589) 'C:\рабочая папка\PCB\Spectr-4-bt\spectr-4-43\PCAD\spectr-4-43bt_R(ADXL1002).fpc.pcb': VPolyObj.cpp (810) at Mon Sep 24 11:00:12 2018
P-CAD 2006 PCB(v19.02.9589) 'C:\рабочая папка\PCB\Spectr-4-bt\spectr-4-43\PCAD\spectr-4-43bt_R(ADXL1002).fpc.pcb': VPolyObj.cpp (810) at Mon Sep 24 11:00:14 2018
P-CAD 2006 PCB(v19.02.9589): TangText.cpp (2846) at Mon Oct 01 12:08:13 2018
P-CAD 2006 PCB(v19.02.9589): TangText.cpp (2846) at Mon Oct 01 12:08:14 2018
P-CAD 2006 PCB(v19.02.9589): TangText.cpp (2846) at Mon Oct 01 12:08:42 2018
P-CAD 2006 PCB(v19.02.9589): TangText.cpp (2846) at Mon Oct 01 12:08:48 2018
P-CAD 2006 PCB(v19.02.9589): TangText.cpp (2846) at Mon Oct 01 12:10:28 2018
P-CAD 2006 PCB(v19.02.9589): TangText.cpp (2846) at Mon Oct 01 12:10:33 2018
P-CAD 2006 PCB(v19.02.9589): TangText.cpp (2846) at Mon Oct 01 12:13:53 2018
P-CAD 2006 PCB(v19.02.9589): TangText.cpp (2846) at Mon Oct 01 12:13:54 2018
P-CAD 2006 PCB(v19.02.9589): TangText.cpp (2846) at Mon Oct 01 12:15:54 2018
P-CAD 2006 PCB(v19.02.9589): TangText.cpp (2846) at Mon Oct 01 12:15:56 2018
P-CAD 2006 PCB(v19.02.9589): TangText.cpp (2846) at Mon Oct 01 12:17:05 2018
P-CAD 2006 PCB(v19.02.9589): TangText.cpp (2846) at Mon Oct 01 12:17:06 2018
P-CAD 2006 PCB(v19.02.9589): TangText.cpp (2846) at Mon Oct 01 12:19:41 2018
P-CAD 2006 PCB(v19.02.9589): TangText.cpp (2846) at Mon Oct 01 12:19:42 2018
P-CAD 2006 PCB(v19.02.9589): TangText.cpp (2846) at Wed Oct 03 16:16:21 2018
P-CAD 2006 PCB(v19.02.9589): TangText.cpp (2846) at Wed Oct 03 16:35:11 2018
P-CAD 2006 PCB(v19.02.9589): TangText.cpp (2846) at Wed Oct 03 17:08:53 2018
P-CAD 2006 PCB(v19.02.9589): TangText.cpp (2846) at Wed Oct 03 17:17:19 2018
P-CAD 2006 PCB(v19.02.9589): TangText.cpp (2846) at Wed Oct 03 17:23:27 2018
P-CAD 2006 PCB(v19.02.9589): TangText.cpp (2846) at Thu Oct 04 11:44:43 2018
P-CAD 2006 PCB(v19.02.9589): TangText.cpp (2846) at Thu Oct 04 15:16:52 2018
P-CAD 2006 PCB(v19.02.9589): TangText.cpp (2846) at Thu Oct 04 15:20:03 2018
P-CAD 2006 PCB(v19.02.9589): TangText.cpp (2846) at Thu Oct 04 15:22:23 2018
P-CAD 2006 PCB(v19.02.9589): PadVia.cpp (7209) at Mon Oct 22 17:43:31 2018
P-CAD 2006 PCB(v19.02.9589): PadVia.cpp (7209) at Mon Oct 22 17:43:33 2018
P-CAD 2006 PCB(v19.02.9589): PadVia.cpp (7209) at Mon Oct 22 17:43:33 2018
P-CAD 2006 PCB(v19.02.9589): TangText.cpp (2846) at Fri Nov 23 14:20:22 2018
P-CAD 2006 PCB(v19.02.9589): Net.cpp (478) at Thu Dec 06 10:53:11 2018
P-CAD 2006 PCB(v19.02.9589): Net.cpp (479) at Thu Dec 06 10:53:13 2018
P-CAD 2006 PCB(v19.02.9589): Net.cpp (478) at Thu Dec 06 11:06:00 2018
P-CAD 2006 PCB(v19.02.9589): Net.cpp (479) at Thu Dec 06 11:06:02 2018
P-CAD 2006 PCB(v19.02.9589): Net.cpp (478) at Thu Dec 06 11:10:39 2018
P-CAD 2006 PCB(v19.02.9589): Net.cpp (479) at Thu Dec 06 11:10:41 2018
P-CAD 2006 PCB(v19.02.9589): Net.cpp (478) at Thu Dec 06 11:14:25 2018
P-CAD 2006 PCB(v19.02.9589): Net.cpp (479) at Thu Dec 06 11:14:27 2018
P-CAD 2006 PCB(v19.02.9589): PadVia.cpp (7209) at Fri Dec 07 12:57:52 2018
P-CAD 2006 PCB(v19.02.9589): PadVia.cpp (7209) at Fri Dec 07 12:57:53 2018
P-CAD 2006 PCB(v19.02.9589): PadVia.cpp (7209) at Fri Dec 07 12:57:54 2018
P-CAD 2006 PCB(v19.02.9589): PadVia.cpp (7209) at Tue Dec 11 16:29:05 2018
P-CAD 2006 PCB(v19.02.9589): PadVia.cpp (7209) at Tue Dec 11 16:30:29 2018
P-CAD 2006 PCB(v19.02.9589): PadVia.cpp (7209) at Tue Dec 11 17:22:54 2018
P-CAD 2006 PCB(v19.02.9589): PadVia.cpp (7209) at Tue Dec 11 17:24:13 2018
P-CAD 2006 PCB(v19.02.9589): PadVia.cpp (7209) at Tue Dec 11 17:26:45 2018
P-CAD 2006 PCB(v19.02.9589): PadVia.cpp (7209) at Tue Dec 11 17:27:41 2018
P-CAD 2006 PCB(v19.02.9589): PadVia.cpp (7209) at Wed Dec 12 09:31:43 2018
P-CAD 2006 PCB(v19.02.9589): PadVia.cpp (7209) at Wed Dec 12 09:32:29 2018
P-CAD 2006 PCB(v19.02.9589): PadVia.cpp (7209) at Wed Dec 12 09:33:16 2018
P-CAD 2006 PCB(v19.02.9589): PadVia.cpp (7209) at Wed Dec 12 09:34:03 2018
P-CAD 2006 PCB(v19.02.9589): PadVia.cpp (7209) at Wed Dec 12 09:47:36 2018
P-CAD 2006 PCB(v19.02.9589): PadVia.cpp (7209) at Wed Dec 12 09:49:38 2018
P-CAD 2006 PCB(v19.02.9589): PadVia.cpp (7209) at Wed Dec 12 09:59:08 2018
P-CAD 2006 PCB(v19.02.9589): PadVia.cpp (7209) at Wed Dec 12 10:00:02 2018
P-CAD 2006 PCB(v19.02.9589): PadVia.cpp (7209) at Wed Dec 12 10:00:29 2018
P-CAD 2006 PCB(v19.02.9589): PadVia.cpp (7209) at Wed Dec 12 10:02:53 2018
P-CAD 2006 PCB(v19.02.9589): PadVia.cpp (7209) at Wed Dec 12 10:03:18 2018
P-CAD 2006 PCB(v19.02.9589): PadVia.cpp (7209) at Wed Dec 12 10:37:34 2018
P-CAD 2006 PCB(v19.02.9589): PadVia.cpp (7209) at Wed Dec 12 10:52:12 2018
P-CAD 2006 PCB(v19.02.9589): PadVia.cpp (7209) at Wed Dec 12 14:55:22 2018
P-CAD 2006 PCB(v19.02.9589): PadVia.cpp (7209) at Wed Dec 12 14:55:24 2018
P-CAD 2006 PCB(v19.02.9589): PadVia.cpp (7209) at Wed Dec 12 15:06:22 2018
P-CAD 2006 PCB(v19.02.9589): PadVia.cpp (7209) at Wed Dec 12 15:06:24 2018
P-CAD 2006 PCB(v19.02.9589): PadVia.cpp (7209) at Wed Dec 12 15:10:21 2018
P-CAD 2006 PCB(v19.02.9589): PadVia.cpp (7209) at Wed Dec 12 15:10:22 2018
P-CAD 2006 PCB(v19.02.9589): PadVia.cpp (7209) at Wed Dec 12 15:12:44 2018
P-CAD 2006 PCB(v19.02.9589): PadVia.cpp (7209) at Wed Dec 12 15:12:44 2018
P-CAD 2006 PCB(v19.02.9589): TangText.cpp (2846) at Wed Dec 12 15:12:45 2018
P-CAD 2006 PCB(v19.02.9589): TangText.cpp (2846) at Wed Dec 12 15:12:46 2018
P-CAD 2006 PCB(v19.02.9589): TangText.cpp (2846) at Wed Dec 12 15:12:47 2018
P-CAD 2006 PCB(v19.02.9589): TangText.cpp (2846) at Wed Dec 12 15:12:47 2018
P-CAD 2006 PCB(v19.02.9589): TangText.cpp (2846) at Wed Dec 12 15:12:48 2018
P-CAD 2006 PCB(v19.02.9589): TangText.cpp (2846) at Wed Dec 12 15:12:48 2018
P-CAD 2006 PCB(v19.02.9589): TangText.cpp (2846) at Wed Dec 12 15:12:49 2018
P-CAD 2006 PCB(v19.02.9589): TangText.cpp (2846) at Wed Dec 12 15:12:49 2018
P-CAD 2006 PCB(v19.02.9589): TangText.cpp (2846) at Wed Dec 12 15:12:49 2018
P-CAD 2006 PCB(v19.02.9589): TangText.cpp (2846) at Wed Dec 12 15:12:50 2018
P-CAD 2006 PCB(v19.02.9589): TangText.cpp (2846) at Wed Dec 12 15:12:50 2018
P-CAD 2006 PCB(v19.02.9589): TangText.cpp (2846) at Wed Dec 12 15:12:50 2018
P-CAD 2006 PCB(v19.02.9589): TangText.cpp (2846) at Wed Dec 12 15:12:51 2018
P-CAD 2006 PCB(v19.02.9589): TangText.cpp (2846) at Wed Dec 12 15:12:51 2018
P-CAD 2006 PCB(v19.02.9589): TangText.cpp (2846) at Wed Dec 12 15:12:51 2018
P-CAD 2006 PCB(v19.02.9589): TangText.cpp (2846) at Wed Dec 12 15:12:52 2018
P-CAD 2006 PCB(v19.02.9589): TangText.cpp (2846) at Wed Dec 12 15:12:52 2018
P-CAD 2006 PCB(v19.02.9589): TangText.cpp (2846) at Wed Dec 12 15:12:52 2018
P-CAD 2006 PCB(v19.02.9589): TangText.cpp (2846) at Wed Dec 12 15:12:52 2018
P-CAD 2006 PCB(v19.02.9589): TangText.cpp (2846) at Wed Dec 12 15:12:53 2018
P-CAD 2006 PCB(v19.02.9589): TangText.cpp (2846) at Wed Dec 12 15:12:53 2018
P-CAD 2006 PCB(v19.02.9589): TangText.cpp (2846) at Wed Dec 12 15:12:53 2018
P-CAD 2006 PCB(v19.02.9589): TangText.cpp (2846) at Wed Dec 12 15:12:53 2018
P-CAD 2006 PCB(v19.02.9589): TangText.cpp (2846) at Wed Dec 12 15:12:53 2018
P-CAD 2006 PCB(v19.02.9589): TangText.cpp (2846) at Wed Dec 12 15:12:54 2018
P-CAD 2006 PCB(v19.02.9589): TangText.cpp (2846) at Wed Dec 12 15:12:54 2018
P-CAD 2006 PCB(v19.02.9589): TangText.cpp (2846) at Wed Dec 12 15:12:54 2018
P-CAD 2006 PCB(v19.02.9589): PadVia.cpp (7209) at Wed Dec 12 15:14:10 2018
P-CAD 2006 PCB(v19.02.9589): PadVia.cpp (7209) at Wed Dec 12 15:14:11 2018
P-CAD 2006 PCB(v19.02.9589): PadVia.cpp (7209) at Wed Dec 12 15:15:26 2018
P-CAD 2006 PCB(v19.02.9589): PadVia.cpp (7209) at Wed Dec 12 15:15:27 2018
P-CAD 2006 PCB(v19.02.9589): PadVia.cpp (7209) at Wed Dec 12 15:19:43 2018
P-CAD 2006 PCB(v19.02.9589): PadVia.cpp (7209) at Wed Dec 12 15:19:44 2018
P-CAD 2006 PCB(v19.02.9589): PadVia.cpp (7209) at Wed Dec 12 15:23:33 2018
P-CAD 2006 PCB(v19.02.9589): PadVia.cpp (7209) at Wed Dec 12 15:23:34 2018
P-CAD 2006 PCB(v19.02.9589): TangText.cpp (2846) at Wed Dec 12 15:30:58 2018
P-CAD 2006 PCB(v19.02.9589): TangText.cpp (2846) at Wed Dec 12 15:31:58 2018
P-CAD 2006 PCB(v19.02.9589): TangText.cpp (2846) at Wed Dec 12 15:33:04 2018
P-CAD 2006 PCB(v19.02.9589): PadVia.cpp (7209) at Wed Dec 12 15:40:21 2018
P-CAD 2006 PCB(v19.02.9589): PadVia.cpp (7209) at Wed Dec 12 15:40:22 2018
P-CAD 2006 PCB(v19.02.9589): TangText.cpp (2846) at Wed Dec 12 15:42:38 2018
P-CAD 2006 PCB(v19.02.9589): TangText.cpp (2846) at Wed Dec 12 15:49:22 2018
P-CAD 2006 PCB(v19.02.9589): PadVia.cpp (7209) at Wed Dec 12 16:00:31 2018
P-CAD 2006 PCB(v19.02.9589): TangText.cpp (2846) at Fri Dec 14 09:53:42 2018
P-CAD 2006 PCB(v19.02.9589): PadVia.cpp (7209) at Mon Jan 14 10:12:31 2019
P-CAD 2006 PCB(v19.02.9589): PadVia.cpp (7209) at Mon Jan 14 10:13:19 2019
P-CAD 2006 PCB(v19.02.9589): PadVia.cpp (7209) at Mon Jan 14 10:18:54 2019
P-CAD 2006 PCB(v19.02.9589): PadVia.cpp (7209) at Mon Jan 14 10:18:56 2019
P-CAD 2006 PCB(v19.02.9589): Net.cpp (478) at Tue Feb 05 09:41:09 2019
P-CAD 2006 PCB(v19.02.9589): Net.cpp (479) at Tue Feb 05 09:41:12 2019
P-CAD 2006 PCB(v19.02.9589): Net.cpp (478) at Tue Feb 05 17:52:37 2019
P-CAD 2006 PCB(v19.02.9589): Net.cpp (479) at Tue Feb 05 17:52:39 2019
P-CAD 2006 PCB(v19.02.9589): Net.cpp (478) at Tue Feb 05 17:59:20 2019
P-CAD 2006 PCB(v19.02.9589): Net.cpp (479) at Tue Feb 05 17:59:21 2019
P-CAD 2006 PCB(v19.02.9589): Net.cpp (478) at Wed Feb 06 09:46:29 2019
P-CAD 2006 PCB(v19.02.9589): Net.cpp (479) at Wed Feb 06 09:46:32 2019
