P-CAD ASCII File Open: DBSd-1.0.pcb.fpc.ERR

======================================================================

Warning (line 3336): Invalid (self-intersecting) polygon detected.
Warning (line 4297): Invalid (self-intersecting) polygon detected.
Warning (line 4306): Invalid (self-intersecting) polygon detected.
Warning (line 4315): Invalid (self-intersecting) polygon detected.
Warning (line 4324): Invalid (self-intersecting) polygon detected.
Warning (line 4333): Invalid (self-intersecting) polygon detected.
Warning (line 4342): Invalid (self-intersecting) polygon detected.
Warning (line 4356): Invalid (self-intersecting) polygon detected.
Warning (line 4365): Invalid (self-intersecting) polygon detected.
Warning (line 4374): Invalid (self-intersecting) polygon detected.
Warning (line 4383): Invalid (self-intersecting) polygon detected.
Warning (line 4392): Invalid (self-intersecting) polygon detected.
Warning (line 4401): Invalid (self-intersecting) polygon detected.
Warning (line 4410): Invalid (self-intersecting) polygon detected.
Warning (line 4644): Invalid (self-intersecting) polygon detected.
Error   (line 4723): Could not add object to layer 0.


Total errors:       1
Total warnings:    15






































----------------------------------------------------------------------

15-Nov-18  12:58                                            Page    1

