P-CAD ASCII File Open: DBSens-1-0U.fpc.ERR

======================================================================

Warning (line 6042): Invalid (self-intersecting) polygon detected.
Warning (line 6074): Invalid (self-intersecting) polygon detected.
Warning (line 6083): Invalid (self-intersecting) polygon detected.
Warning (line 6117): Invalid (self-intersecting) polygon detected.
Warning (line 6126): Invalid (self-intersecting) polygon detected.
Warning (line 6202): Invalid (self-intersecting) polygon detected.
Warning (line 6229): Invalid (self-intersecting) polygon detected.
Warning (line 6257): Invalid (self-intersecting) polygon detected.
Warning (line 6296): Invalid (self-intersecting) polygon detected.
Warning (line 6305): Invalid (self-intersecting) polygon detected.
Warning (line 6314): Invalid (self-intersecting) polygon detected.
Warning (line 6323): Invalid (self-intersecting) polygon detected.
Warning (line 6332): Invalid (self-intersecting) polygon detected.
Warning (line 6349): Invalid (self-intersecting) polygon detected.
Warning (line 6358): Invalid (self-intersecting) polygon detected.
Warning (line 6375): Invalid (self-intersecting) polygon detected.
Warning (line 6384): Invalid (self-intersecting) polygon detected.
Warning (line 6480): Invalid (self-intersecting) polygon detected.
Warning (line 6493): Invalid (self-intersecting) polygon detected.
Warning (line 6516): Invalid (self-intersecting) polygon detected.
Warning (line 6539): Invalid (self-intersecting) polygon detected.
Warning (line 6592): Invalid (self-intersecting) polygon detected.
Warning (line 6663): Invalid (self-intersecting) polygon detected.
Warning (line 6766): Invalid (self-intersecting) polygon detected.
Warning (line 6868): Invalid (self-intersecting) polygon detected.
Warning (line 6891): Invalid (self-intersecting) polygon detected.
Warning (line 6914): Invalid (self-intersecting) polygon detected.
Warning (line 6978): Invalid (self-intersecting) polygon detected.
Warning (line 7038): Invalid (self-intersecting) polygon detected.
Warning (line 7074): Invalid (self-intersecting) polygon detected.
Warning (line 7130): Invalid (self-intersecting) polygon detected.
Warning (line 7173): Invalid (self-intersecting) polygon detected.
Warning (line 7447): Invalid (self-intersecting) polygon detected.
Warning (line 8644): Invalid (self-intersecting) polygon detected.
Warning (line 10822): Invalid (self-intersecting) polygon detected.
Warning (line 11159): Invalid (self-intersecting) polygon detected.
Warning (line 11168): Invalid (self-intersecting) polygon detected.
Warning (line 11177): Invalid (self-intersecting) polygon detected.
Warning (line 11186): Invalid (self-intersecting) polygon detected.
Warning (line 11195): Invalid (self-intersecting) polygon detected.
Warning (line 11204): Invalid (self-intersecting) polygon detected.
Warning (line 11213): Invalid (self-intersecting) polygon detected.
Warning (line 11222): Invalid (self-intersecting) polygon detected.
Warning (line 11231): Invalid (self-intersecting) polygon detected.
Warning (line 11240): Invalid (self-intersecting) polygon detected.
Warning (line 11249): Invalid (self-intersecting) polygon detected.
Warning (line 11258): Invalid (self-intersecting) polygon detected.
Warning (line 11267): Invalid (self-intersecting) polygon detected.
Warning (line 11276): Invalid (self-intersecting) polygon detected.
Warning (line 11285): Invalid (self-intersecting) polygon detected.
Warning (line 11294): Invalid (self-intersecting) polygon detected.
Warning (line 11303): Invalid (self-intersecting) polygon detected.
Warning (line 11312): Invalid (self-intersecting) polygon detected.
Warning (line 11321): Invalid (self-intersecting) polygon detected.
Warning (line 11330): Invalid (self-intersecting) polygon detected.
Warning (line 11339): Invalid (self-intersecting) polygon detected.
Warning (line 11348): Invalid (self-intersecting) polygon detected.
Warning (line 11357): Invalid (self-intersecting) polygon detected.

----------------------------------------------------------------------

04-Oct-18  15:22                                            Page    1

P-CAD ASCII File Open: DBSens-1-0U.fpc.ERR

======================================================================

Warning (line 11366): Invalid (self-intersecting) polygon detected.
Warning (line 11375): Invalid (self-intersecting) polygon detected.
Warning (line 11384): Invalid (self-intersecting) polygon detected.
Warning (line 11442): Invalid (self-intersecting) polygon detected.
Warning (line 11451): Invalid (self-intersecting) polygon detected.
Warning (line 11460): Invalid (self-intersecting) polygon detected.
Warning (line 11469): Invalid (self-intersecting) polygon detected.
Warning (line 11478): Invalid (self-intersecting) polygon detected.
Warning (line 11487): Invalid (self-intersecting) polygon detected.
Warning (line 11519): Invalid (self-intersecting) polygon detected.
Warning (line 11528): Invalid (self-intersecting) polygon detected.
Warning (line 11537): Invalid (self-intersecting) polygon detected.
Warning (line 11546): Invalid (self-intersecting) polygon detected.
Warning (line 11555): Invalid (self-intersecting) polygon detected.
Warning (line 11564): Invalid (self-intersecting) polygon detected.
Warning (line 11573): Invalid (self-intersecting) polygon detected.
Warning (line 11582): Invalid (self-intersecting) polygon detected.
Warning (line 11591): Invalid (self-intersecting) polygon detected.
Warning (line 11600): Invalid (self-intersecting) polygon detected.
Warning (line 11609): Invalid (self-intersecting) polygon detected.
Warning (line 11630): Invalid (self-intersecting) polygon detected.
Warning (line 11641): Invalid (self-intersecting) polygon detected.
Warning (line 11650): Invalid (self-intersecting) polygon detected.
Warning (line 11659): Invalid (self-intersecting) polygon detected.
Warning (line 11668): Invalid (self-intersecting) polygon detected.
Warning (line 11677): Invalid (self-intersecting) polygon detected.
Warning (line 11686): Invalid (self-intersecting) polygon detected.
Warning (line 11695): Invalid (self-intersecting) polygon detected.
Warning (line 11704): Invalid (self-intersecting) polygon detected.
Warning (line 11713): Invalid (self-intersecting) polygon detected.
Warning (line 11722): Invalid (self-intersecting) polygon detected.
Warning (line 11731): Invalid (self-intersecting) polygon detected.
Warning (line 11740): Invalid (self-intersecting) polygon detected.
Warning (line 11749): Invalid (self-intersecting) polygon detected.
Warning (line 11758): Invalid (self-intersecting) polygon detected.
Warning (line 11767): Invalid (self-intersecting) polygon detected.
Warning (line 11776): Invalid (self-intersecting) polygon detected.
Warning (line 11785): Invalid (self-intersecting) polygon detected.
Warning (line 11820): Invalid (self-intersecting) polygon detected.
Warning (line 11829): Invalid (self-intersecting) polygon detected.
Warning (line 11838): Invalid (self-intersecting) polygon detected.
Warning (line 11851): Invalid (self-intersecting) polygon detected.
Warning (line 11860): Invalid (self-intersecting) polygon detected.
Warning (line 11869): Invalid (self-intersecting) polygon detected.
Warning (line 11878): Invalid (self-intersecting) polygon detected.
Warning (line 11895): Invalid (self-intersecting) polygon detected.
Warning (line 11905): Invalid (self-intersecting) polygon detected.
Warning (line 11914): Invalid (self-intersecting) polygon detected.
Warning (line 11923): Invalid (self-intersecting) polygon detected.
Warning (line 11932): Invalid (self-intersecting) polygon detected.
Warning (line 11941): Invalid (self-intersecting) polygon detected.
Warning (line 11950): Invalid (self-intersecting) polygon detected.
Warning (line 11959): Invalid (self-intersecting) polygon detected.
Warning (line 11968): Invalid (self-intersecting) polygon detected.
Warning (line 11977): Invalid (self-intersecting) polygon detected.
Warning (line 11986): Invalid (self-intersecting) polygon detected.
Warning (line 11995): Invalid (self-intersecting) polygon detected.

----------------------------------------------------------------------

04-Oct-18  15:22                                            Page    2

P-CAD ASCII File Open: DBSens-1-0U.fpc.ERR

======================================================================

Warning (line 12004): Invalid (self-intersecting) polygon detected.
Warning (line 12013): Invalid (self-intersecting) polygon detected.
Warning (line 12022): Invalid (self-intersecting) polygon detected.
Warning (line 12031): Invalid (self-intersecting) polygon detected.
Warning (line 12040): Invalid (self-intersecting) polygon detected.
Warning (line 12049): Invalid (self-intersecting) polygon detected.
Warning (line 12058): Invalid (self-intersecting) polygon detected.
Warning (line 12067): Invalid (self-intersecting) polygon detected.
Warning (line 12076): Invalid (self-intersecting) polygon detected.
Warning (line 12085): Invalid (self-intersecting) polygon detected.
Warning (line 12094): Invalid (self-intersecting) polygon detected.
Warning (line 12103): Invalid (self-intersecting) polygon detected.
Warning (line 12122): Invalid (self-intersecting) polygon detected.
Warning (line 12131): Invalid (self-intersecting) polygon detected.
Warning (line 12140): Invalid (self-intersecting) polygon detected.
Warning (line 12149): Invalid (self-intersecting) polygon detected.
Warning (line 12158): Invalid (self-intersecting) polygon detected.
Warning (line 12167): Invalid (self-intersecting) polygon detected.
Warning (line 12176): Invalid (self-intersecting) polygon detected.
Warning (line 12185): Invalid (self-intersecting) polygon detected.
Warning (line 12194): Invalid (self-intersecting) polygon detected.
Warning (line 12203): Invalid (self-intersecting) polygon detected.
Warning (line 12212): Invalid (self-intersecting) polygon detected.
Warning (line 12221): Invalid (self-intersecting) polygon detected.
Warning (line 12230): Invalid (self-intersecting) polygon detected.
Warning (line 12239): Invalid (self-intersecting) polygon detected.
Warning (line 12248): Invalid (self-intersecting) polygon detected.
Warning (line 12257): Invalid (self-intersecting) polygon detected.
Warning (line 12266): Invalid (self-intersecting) polygon detected.
Warning (line 12275): Invalid (self-intersecting) polygon detected.


Total errors:       0
Total warnings:   145























----------------------------------------------------------------------

04-Oct-18  15:22                                            Page    3

