P-CAD ASCII File Open: DBSens-1-0.fpc.ERR

======================================================================

Warning (line 5151): Invalid (self-intersecting) polygon detected.
Warning (line 7892): Invalid (self-intersecting) polygon detected.
Warning (line 7901): Invalid (self-intersecting) polygon detected.
Warning (line 7910): Invalid (self-intersecting) polygon detected.
Warning (line 7919): Invalid (self-intersecting) polygon detected.
Warning (line 7929): Invalid (self-intersecting) polygon detected.
Warning (line 7939): Invalid (self-intersecting) polygon detected.
Warning (line 7968): Invalid (self-intersecting) polygon detected.
Warning (line 7977): Invalid (self-intersecting) polygon detected.
Warning (line 7986): Invalid (self-intersecting) polygon detected.
Warning (line 7995): Invalid (self-intersecting) polygon detected.
Warning (line 8004): Invalid (self-intersecting) polygon detected.
Warning (line 8013): Invalid (self-intersecting) polygon detected.
Warning (line 8022): Invalid (self-intersecting) polygon detected.
Warning (line 8031): Invalid (self-intersecting) polygon detected.
Warning (line 8040): Invalid (self-intersecting) polygon detected.
Warning (line 8049): Invalid (self-intersecting) polygon detected.
Warning (line 8058): Invalid (self-intersecting) polygon detected.
Warning (line 8067): Invalid (self-intersecting) polygon detected.
Warning (line 8076): Invalid (self-intersecting) polygon detected.
Warning (line 8085): Invalid (self-intersecting) polygon detected.
Warning (line 8094): Invalid (self-intersecting) polygon detected.
Warning (line 8103): Invalid (self-intersecting) polygon detected.
Warning (line 8148): Invalid (self-intersecting) polygon detected.
Warning (line 8157): Invalid (self-intersecting) polygon detected.
Warning (line 8170): Invalid (self-intersecting) polygon detected.
Warning (line 8179): Invalid (self-intersecting) polygon detected.
Warning (line 8188): Invalid (self-intersecting) polygon detected.
Warning (line 8197): Invalid (self-intersecting) polygon detected.
Warning (line 8206): Invalid (self-intersecting) polygon detected.
Warning (line 8229): Invalid (self-intersecting) polygon detected.
Warning (line 8238): Invalid (self-intersecting) polygon detected.
Warning (line 8247): Invalid (self-intersecting) polygon detected.
Warning (line 8256): Invalid (self-intersecting) polygon detected.
Warning (line 8265): Invalid (self-intersecting) polygon detected.
Warning (line 8274): Invalid (self-intersecting) polygon detected.
Warning (line 8283): Invalid (self-intersecting) polygon detected.
Warning (line 8292): Invalid (self-intersecting) polygon detected.
Warning (line 8301): Invalid (self-intersecting) polygon detected.
Warning (line 8310): Invalid (self-intersecting) polygon detected.
Warning (line 8320): Invalid (self-intersecting) polygon detected.
Warning (line 8330): Invalid (self-intersecting) polygon detected.
Warning (line 8340): Invalid (self-intersecting) polygon detected.
Warning (line 8350): Invalid (self-intersecting) polygon detected.
Warning (line 8359): Invalid (self-intersecting) polygon detected.
Warning (line 8368): Invalid (self-intersecting) polygon detected.
Warning (line 8377): Invalid (self-intersecting) polygon detected.
Warning (line 8386): Invalid (self-intersecting) polygon detected.
Warning (line 8395): Invalid (self-intersecting) polygon detected.
Warning (line 8404): Invalid (self-intersecting) polygon detected.
Warning (line 8413): Invalid (self-intersecting) polygon detected.
Warning (line 8423): Invalid (self-intersecting) polygon detected.
Warning (line 8433): Invalid (self-intersecting) polygon detected.
Warning (line 8442): Invalid (self-intersecting) polygon detected.
Warning (line 8451): Invalid (self-intersecting) polygon detected.
Warning (line 8460): Invalid (self-intersecting) polygon detected.
Warning (line 8469): Invalid (self-intersecting) polygon detected.
Warning (line 8478): Invalid (self-intersecting) polygon detected.

----------------------------------------------------------------------

08-Nov-18  11:53                                            Page    1

P-CAD ASCII File Open: DBSens-1-0.fpc.ERR

======================================================================

Warning (line 9481): Invalid (self-intersecting) polygon detected.
Warning (line 9491): Invalid (self-intersecting) polygon detected.
Warning (line 9500): Invalid (self-intersecting) polygon detected.
Warning (line 9509): Invalid (self-intersecting) polygon detected.
Warning (line 9530): Invalid (self-intersecting) polygon detected.
Warning (line 9540): Invalid (self-intersecting) polygon detected.
Warning (line 9550): Invalid (self-intersecting) polygon detected.
Warning (line 9639): Invalid (self-intersecting) polygon detected.
Warning (line 9648): Invalid (self-intersecting) polygon detected.
Warning (line 9657): Invalid (self-intersecting) polygon detected.
Warning (line 9678): Invalid (self-intersecting) polygon detected.
Warning (line 9687): Invalid (self-intersecting) polygon detected.
Warning (line 9696): Invalid (self-intersecting) polygon detected.
Warning (line 9736): Invalid (self-intersecting) polygon detected.
Warning (line 9749): Invalid (self-intersecting) polygon detected.
Warning (line 9764): Invalid (self-intersecting) polygon detected.
Warning (line 9782): Invalid (self-intersecting) polygon detected.
Warning (line 9833): Invalid (self-intersecting) polygon detected.
Warning (line 9842): Invalid (self-intersecting) polygon detected.
Warning (line 9851): Invalid (self-intersecting) polygon detected.
Warning (line 9860): Invalid (self-intersecting) polygon detected.
Warning (line 9870): Invalid (self-intersecting) polygon detected.
Warning (line 9880): Invalid (self-intersecting) polygon detected.
Warning (line 9890): Invalid (self-intersecting) polygon detected.
Warning (line 9900): Invalid (self-intersecting) polygon detected.
Warning (line 9910): Invalid (self-intersecting) polygon detected.


Total errors:       0
Total warnings:    84



























----------------------------------------------------------------------

08-Nov-18  11:53                                            Page    2

