P-CAD ASCII File Open: DBSens-1-11_exp.fpc.ERR

======================================================================

Warning (line 5438): Invalid (self-intersecting) polygon detected.
Warning (line 9289): Invalid (self-intersecting) polygon detected.
Warning (line 9298): Invalid (self-intersecting) polygon detected.
Warning (line 9307): Invalid (self-intersecting) polygon detected.
Warning (line 9316): Invalid (self-intersecting) polygon detected.
Warning (line 9325): Invalid (self-intersecting) polygon detected.
Warning (line 9334): Invalid (self-intersecting) polygon detected.
Warning (line 9343): Invalid (self-intersecting) polygon detected.
Warning (line 9353): Invalid (self-intersecting) polygon detected.
Warning (line 9363): Invalid (self-intersecting) polygon detected.
Warning (line 9373): Invalid (self-intersecting) polygon detected.
Warning (line 9382): Invalid (self-intersecting) polygon detected.
Warning (line 9391): Invalid (self-intersecting) polygon detected.
Warning (line 9400): Invalid (self-intersecting) polygon detected.
Warning (line 9409): Invalid (self-intersecting) polygon detected.
Warning (line 9418): Invalid (self-intersecting) polygon detected.
Warning (line 9427): Invalid (self-intersecting) polygon detected.
Warning (line 9436): Invalid (self-intersecting) polygon detected.
Warning (line 9445): Invalid (self-intersecting) polygon detected.
Warning (line 9454): Invalid (self-intersecting) polygon detected.
Warning (line 9463): Invalid (self-intersecting) polygon detected.
Warning (line 9472): Invalid (self-intersecting) polygon detected.
Warning (line 9482): Invalid (self-intersecting) polygon detected.
Warning (line 9492): Invalid (self-intersecting) polygon detected.
Warning (line 9502): Invalid (self-intersecting) polygon detected.
Warning (line 9512): Invalid (self-intersecting) polygon detected.
Warning (line 9521): Invalid (self-intersecting) polygon detected.
Warning (line 9530): Invalid (self-intersecting) polygon detected.
Warning (line 9539): Invalid (self-intersecting) polygon detected.
Warning (line 9548): Invalid (self-intersecting) polygon detected.
Warning (line 9557): Invalid (self-intersecting) polygon detected.
Warning (line 9566): Invalid (self-intersecting) polygon detected.
Warning (line 9575): Invalid (self-intersecting) polygon detected.
Warning (line 9585): Invalid (self-intersecting) polygon detected.
Warning (line 9595): Invalid (self-intersecting) polygon detected.
Warning (line 9604): Invalid (self-intersecting) polygon detected.
Warning (line 9613): Invalid (self-intersecting) polygon detected.
Warning (line 9622): Invalid (self-intersecting) polygon detected.
Warning (line 9631): Invalid (self-intersecting) polygon detected.
Warning (line 9640): Invalid (self-intersecting) polygon detected.
Warning (line 9649): Invalid (self-intersecting) polygon detected.
Warning (line 9676): Invalid (self-intersecting) polygon detected.
Warning (line 9731): Invalid (self-intersecting) polygon detected.
Warning (line 9740): Invalid (self-intersecting) polygon detected.
Warning (line 9749): Invalid (self-intersecting) polygon detected.
Warning (line 9758): Invalid (self-intersecting) polygon detected.
Warning (line 9767): Invalid (self-intersecting) polygon detected.
Warning (line 9776): Invalid (self-intersecting) polygon detected.
Warning (line 9785): Invalid (self-intersecting) polygon detected.
Warning (line 9794): Invalid (self-intersecting) polygon detected.
Warning (line 9803): Invalid (self-intersecting) polygon detected.
Warning (line 9813): Invalid (self-intersecting) polygon detected.
Warning (line 9823): Invalid (self-intersecting) polygon detected.
Warning (line 9832): Invalid (self-intersecting) polygon detected.
Warning (line 9841): Invalid (self-intersecting) polygon detected.
Warning (line 9850): Invalid (self-intersecting) polygon detected.
Warning (line 9859): Invalid (self-intersecting) polygon detected.
Warning (line 9868): Invalid (self-intersecting) polygon detected.

----------------------------------------------------------------------

22-Nov-18  10:44                                            Page    1

P-CAD ASCII File Open: DBSens-1-11_exp.fpc.ERR

======================================================================

Warning (line 9877): Invalid (self-intersecting) polygon detected.
Warning (line 9886): Invalid (self-intersecting) polygon detected.
Warning (line 9895): Invalid (self-intersecting) polygon detected.
Warning (line 9904): Invalid (self-intersecting) polygon detected.
Warning (line 9913): Invalid (self-intersecting) polygon detected.
Warning (line 9936): Invalid (self-intersecting) polygon detected.
Warning (line 9945): Invalid (self-intersecting) polygon detected.
Warning (line 9954): Invalid (self-intersecting) polygon detected.
Warning (line 9963): Invalid (self-intersecting) polygon detected.
Warning (line 9972): Invalid (self-intersecting) polygon detected.
Warning (line 9981): Invalid (self-intersecting) polygon detected.
Warning (line 9994): Invalid (self-intersecting) polygon detected.
Warning (line 10003): Invalid (self-intersecting) polygon detected.
Warning (line 10012): Invalid (self-intersecting) polygon detected.
Warning (line 10021): Invalid (self-intersecting) polygon detected.
Warning (line 10030): Invalid (self-intersecting) polygon detected.
Warning (line 10039): Invalid (self-intersecting) polygon detected.
Warning (line 10048): Invalid (self-intersecting) polygon detected.
Warning (line 10057): Invalid (self-intersecting) polygon detected.
Warning (line 10066): Invalid (self-intersecting) polygon detected.
Warning (line 10075): Invalid (self-intersecting) polygon detected.
Warning (line 10084): Invalid (self-intersecting) polygon detected.
Warning (line 10097): Invalid (self-intersecting) polygon detected.
Warning (line 10106): Invalid (self-intersecting) polygon detected.
Warning (line 10127): Invalid (self-intersecting) polygon detected.
Warning (line 10136): Invalid (self-intersecting) polygon detected.
Warning (line 10145): Invalid (self-intersecting) polygon detected.
Warning (line 10154): Invalid (self-intersecting) polygon detected.
Warning (line 10163): Invalid (self-intersecting) polygon detected.
Warning (line 10172): Invalid (self-intersecting) polygon detected.
Warning (line 10181): Invalid (self-intersecting) polygon detected.
Warning (line 10190): Invalid (self-intersecting) polygon detected.
Warning (line 10199): Invalid (self-intersecting) polygon detected.
Warning (line 10209): Invalid (self-intersecting) polygon detected.
Warning (line 10218): Invalid (self-intersecting) polygon detected.
Warning (line 10228): Invalid (self-intersecting) polygon detected.
Warning (line 10237): Invalid (self-intersecting) polygon detected.
Warning (line 10246): Invalid (self-intersecting) polygon detected.
Warning (line 10255): Invalid (self-intersecting) polygon detected.
Warning (line 10264): Invalid (self-intersecting) polygon detected.
Warning (line 10273): Invalid (self-intersecting) polygon detected.
Warning (line 10282): Invalid (self-intersecting) polygon detected.
Warning (line 10291): Invalid (self-intersecting) polygon detected.
Warning (line 10300): Invalid (self-intersecting) polygon detected.
Warning (line 10309): Invalid (self-intersecting) polygon detected.
Warning (line 10318): Invalid (self-intersecting) polygon detected.
Warning (line 10327): Invalid (self-intersecting) polygon detected.
Warning (line 10336): Invalid (self-intersecting) polygon detected.
Warning (line 10346): Invalid (self-intersecting) polygon detected.
Warning (line 10355): Invalid (self-intersecting) polygon detected.
Warning (line 10365): Invalid (self-intersecting) polygon detected.
Warning (line 10374): Invalid (self-intersecting) polygon detected.
Warning (line 10383): Invalid (self-intersecting) polygon detected.
Warning (line 10392): Invalid (self-intersecting) polygon detected.
Warning (line 10401): Invalid (self-intersecting) polygon detected.
Warning (line 10410): Invalid (self-intersecting) polygon detected.
Warning (line 10419): Invalid (self-intersecting) polygon detected.

----------------------------------------------------------------------

22-Nov-18  10:44                                            Page    2

P-CAD ASCII File Open: DBSens-1-11_exp.fpc.ERR

======================================================================

Warning (line 10428): Invalid (self-intersecting) polygon detected.
Warning (line 10437): Invalid (self-intersecting) polygon detected.
Warning (line 10446): Invalid (self-intersecting) polygon detected.
Warning (line 10455): Invalid (self-intersecting) polygon detected.
Warning (line 10464): Invalid (self-intersecting) polygon detected.
Warning (line 10473): Invalid (self-intersecting) polygon detected.
Warning (line 10482): Invalid (self-intersecting) polygon detected.
Warning (line 10492): Invalid (self-intersecting) polygon detected.
Warning (line 10502): Invalid (self-intersecting) polygon detected.
Warning (line 11666): Invalid (self-intersecting) polygon detected.
Warning (line 11676): Invalid (self-intersecting) polygon detected.
Warning (line 11685): Invalid (self-intersecting) polygon detected.
Warning (line 11694): Invalid (self-intersecting) polygon detected.
Warning (line 11703): Invalid (self-intersecting) polygon detected.
Warning (line 11712): Invalid (self-intersecting) polygon detected.
Warning (line 11722): Invalid (self-intersecting) polygon detected.
Warning (line 11732): Invalid (self-intersecting) polygon detected.
Warning (line 11742): Invalid (self-intersecting) polygon detected.
Warning (line 11752): Invalid (self-intersecting) polygon detected.
Warning (line 11770): Invalid (self-intersecting) polygon detected.
Warning (line 11783): Invalid (self-intersecting) polygon detected.
Warning (line 11880): Invalid (self-intersecting) polygon detected.
Warning (line 11940): Invalid (self-intersecting) polygon detected.
Warning (line 11968): Invalid (self-intersecting) polygon detected.
Warning (line 11998): Invalid (self-intersecting) polygon detected.
Warning (line 12021): Invalid (self-intersecting) polygon detected.
Warning (line 12030): Invalid (self-intersecting) polygon detected.
Warning (line 12039): Invalid (self-intersecting) polygon detected.
Warning (line 12074): Invalid (self-intersecting) polygon detected.
Warning (line 12083): Invalid (self-intersecting) polygon detected.
Warning (line 12092): Invalid (self-intersecting) polygon detected.
Warning (line 12110): Invalid (self-intersecting) polygon detected.
Warning (line 12120): Invalid (self-intersecting) polygon detected.
Warning (line 12130): Invalid (self-intersecting) polygon detected.
Warning (line 12140): Invalid (self-intersecting) polygon detected.


Total errors:       0
Total warnings:   150


















----------------------------------------------------------------------

22-Nov-18  10:44                                            Page    3

