P-CAD ASCII File Open: DBSens-1-11.fpc.ERR

======================================================================

Warning (line 9844): Invalid (self-intersecting) polygon detected.
Warning (line 9857): Invalid (self-intersecting) polygon detected.
Warning (line 9866): Invalid (self-intersecting) polygon detected.
Warning (line 9875): Invalid (self-intersecting) polygon detected.
Warning (line 9884): Invalid (self-intersecting) polygon detected.
Warning (line 9893): Invalid (self-intersecting) polygon detected.
Warning (line 9902): Invalid (self-intersecting) polygon detected.
Warning (line 9932): Invalid (self-intersecting) polygon detected.
Warning (line 9941): Invalid (self-intersecting) polygon detected.
Warning (line 9950): Invalid (self-intersecting) polygon detected.
Warning (line 9959): Invalid (self-intersecting) polygon detected.
Warning (line 9968): Invalid (self-intersecting) polygon detected.
Warning (line 9998): Invalid (self-intersecting) polygon detected.
Warning (line 10007): Invalid (self-intersecting) polygon detected.
Warning (line 10016): Invalid (self-intersecting) polygon detected.
Warning (line 10065): Invalid (self-intersecting) polygon detected.
Warning (line 10074): Invalid (self-intersecting) polygon detected.
Warning (line 10083): Invalid (self-intersecting) polygon detected.
Warning (line 10092): Invalid (self-intersecting) polygon detected.
Warning (line 10101): Invalid (self-intersecting) polygon detected.
Warning (line 10114): Invalid (self-intersecting) polygon detected.
Warning (line 10127): Invalid (self-intersecting) polygon detected.
Warning (line 10136): Invalid (self-intersecting) polygon detected.
Warning (line 10145): Invalid (self-intersecting) polygon detected.
Warning (line 10158): Invalid (self-intersecting) polygon detected.
Warning (line 10171): Invalid (self-intersecting) polygon detected.
Warning (line 10180): Invalid (self-intersecting) polygon detected.
Warning (line 10189): Invalid (self-intersecting) polygon detected.
Warning (line 10198): Invalid (self-intersecting) polygon detected.
Warning (line 10207): Invalid (self-intersecting) polygon detected.
Warning (line 10217): Invalid (self-intersecting) polygon detected.
Warning (line 10227): Invalid (self-intersecting) polygon detected.
Warning (line 10247): Invalid (self-intersecting) polygon detected.
Warning (line 10256): Invalid (self-intersecting) polygon detected.
Warning (line 10272): Invalid (self-intersecting) polygon detected.
Warning (line 10281): Invalid (self-intersecting) polygon detected.
Warning (line 10291): Invalid (self-intersecting) polygon detected.
Warning (line 10300): Invalid (self-intersecting) polygon detected.
Warning (line 10309): Invalid (self-intersecting) polygon detected.
Warning (line 10319): Invalid (self-intersecting) polygon detected.
Warning (line 10328): Invalid (self-intersecting) polygon detected.
Warning (line 10337): Invalid (self-intersecting) polygon detected.
Warning (line 10346): Invalid (self-intersecting) polygon detected.
Warning (line 10355): Invalid (self-intersecting) polygon detected.
Warning (line 10364): Invalid (self-intersecting) polygon detected.
Warning (line 10373): Invalid (self-intersecting) polygon detected.
Warning (line 10382): Invalid (self-intersecting) polygon detected.
Warning (line 10391): Invalid (self-intersecting) polygon detected.
Warning (line 10400): Invalid (self-intersecting) polygon detected.
Warning (line 10409): Invalid (self-intersecting) polygon detected.
Warning (line 10418): Invalid (self-intersecting) polygon detected.
Warning (line 10427): Invalid (self-intersecting) polygon detected.
Warning (line 10436): Invalid (self-intersecting) polygon detected.
Warning (line 10445): Invalid (self-intersecting) polygon detected.
Warning (line 10454): Invalid (self-intersecting) polygon detected.
Warning (line 10463): Invalid (self-intersecting) polygon detected.
Warning (line 10472): Invalid (self-intersecting) polygon detected.
Warning (line 10481): Invalid (self-intersecting) polygon detected.

----------------------------------------------------------------------

11-Dec-18  11:28                                            Page    1

P-CAD ASCII File Open: DBSens-1-11.fpc.ERR

======================================================================

Warning (line 10490): Invalid (self-intersecting) polygon detected.
Warning (line 10499): Invalid (self-intersecting) polygon detected.
Warning (line 10509): Invalid (self-intersecting) polygon detected.
Warning (line 10519): Invalid (self-intersecting) polygon detected.
Warning (line 10528): Invalid (self-intersecting) polygon detected.
Warning (line 10537): Invalid (self-intersecting) polygon detected.
Warning (line 10547): Invalid (self-intersecting) polygon detected.
Warning (line 10557): Invalid (self-intersecting) polygon detected.
Warning (line 10567): Invalid (self-intersecting) polygon detected.
Warning (line 10577): Invalid (self-intersecting) polygon detected.
Warning (line 10586): Invalid (self-intersecting) polygon detected.
Warning (line 10595): Invalid (self-intersecting) polygon detected.
Warning (line 10604): Invalid (self-intersecting) polygon detected.
Warning (line 10613): Invalid (self-intersecting) polygon detected.
Warning (line 10622): Invalid (self-intersecting) polygon detected.
Warning (line 10631): Invalid (self-intersecting) polygon detected.
Warning (line 10640): Invalid (self-intersecting) polygon detected.
Warning (line 10649): Invalid (self-intersecting) polygon detected.
Warning (line 10658): Invalid (self-intersecting) polygon detected.
Warning (line 10667): Invalid (self-intersecting) polygon detected.
Warning (line 10677): Invalid (self-intersecting) polygon detected.
Warning (line 10687): Invalid (self-intersecting) polygon detected.
Warning (line 10696): Invalid (self-intersecting) polygon detected.
Warning (line 10705): Invalid (self-intersecting) polygon detected.
Warning (line 10714): Invalid (self-intersecting) polygon detected.
Warning (line 10723): Invalid (self-intersecting) polygon detected.
Warning (line 10732): Invalid (self-intersecting) polygon detected.
Warning (line 10741): Invalid (self-intersecting) polygon detected.
Warning (line 10750): Invalid (self-intersecting) polygon detected.
Warning (line 10759): Invalid (self-intersecting) polygon detected.
Warning (line 12279): Invalid (self-intersecting) polygon detected.
Warning (line 12289): Invalid (self-intersecting) polygon detected.
Warning (line 12299): Invalid (self-intersecting) polygon detected.
Warning (line 12309): Invalid (self-intersecting) polygon detected.
Warning (line 12328): Invalid (self-intersecting) polygon detected.
Warning (line 12337): Invalid (self-intersecting) polygon detected.
Warning (line 12346): Invalid (self-intersecting) polygon detected.
Warning (line 12475): Invalid (self-intersecting) polygon detected.
Warning (line 12493): Invalid (self-intersecting) polygon detected.
Warning (line 12533): Invalid (self-intersecting) polygon detected.
Warning (line 12546): Invalid (self-intersecting) polygon detected.
Warning (line 12555): Invalid (self-intersecting) polygon detected.
Warning (line 12568): Invalid (self-intersecting) polygon detected.
Warning (line 12577): Invalid (self-intersecting) polygon detected.
Warning (line 12617): Invalid (self-intersecting) polygon detected.
Warning (line 12626): Invalid (self-intersecting) polygon detected.
Warning (line 12659): Invalid (self-intersecting) polygon detected.
Warning (line 12668): Invalid (self-intersecting) polygon detected.
Warning (line 12681): Invalid (self-intersecting) polygon detected.
Warning (line 12691): Invalid (self-intersecting) polygon detected.
Warning (line 12701): Invalid (self-intersecting) polygon detected.
Warning (line 12711): Invalid (self-intersecting) polygon detected.
Warning (line 12721): Invalid (self-intersecting) polygon detected.
Warning (line 12730): Invalid (self-intersecting) polygon detected.
Warning (line 12739): Invalid (self-intersecting) polygon detected.



----------------------------------------------------------------------

11-Dec-18  11:28                                            Page    2

P-CAD ASCII File Open: DBSens-1-11.fpc.ERR

======================================================================

Total errors:       0
Total warnings:   113























































----------------------------------------------------------------------

11-Dec-18  11:28                                            Page    3

