P-CAD ASCII File Open: DVM-1-1.fpc.ERR

======================================================================

Warning (line 5980): Invalid (self-intersecting) polygon detected.
Warning (line 5992): Invalid (self-intersecting) polygon detected.
Warning (line 6001): Invalid (self-intersecting) polygon detected.
Warning (line 6010): Invalid (self-intersecting) polygon detected.
Warning (line 6019): Invalid (self-intersecting) polygon detected.
Warning (line 6028): Invalid (self-intersecting) polygon detected.
Warning (line 6037): Invalid (self-intersecting) polygon detected.
Warning (line 6046): Invalid (self-intersecting) polygon detected.
Warning (line 6055): Invalid (self-intersecting) polygon detected.
Warning (line 6064): Invalid (self-intersecting) polygon detected.
Warning (line 6073): Invalid (self-intersecting) polygon detected.
Warning (line 6082): Invalid (self-intersecting) polygon detected.
Warning (line 6898): Invalid (self-intersecting) polygon detected.
Warning (line 6955): Invalid (self-intersecting) polygon detected.
Warning (line 6967): Invalid (self-intersecting) polygon detected.
Warning (line 6976): Invalid (self-intersecting) polygon detected.
Warning (line 6989): Invalid (self-intersecting) polygon detected.
Warning (line 7176): Invalid (self-intersecting) polygon detected.
Warning (line 7189): Invalid (self-intersecting) polygon detected.
Warning (line 7202): Invalid (self-intersecting) polygon detected.
Warning (line 7220): Invalid (self-intersecting) polygon detected.
Warning (line 7233): Invalid (self-intersecting) polygon detected.
Warning (line 7261): Invalid (self-intersecting) polygon detected.
Warning (line 7274): Invalid (self-intersecting) polygon detected.
Warning (line 7350): Invalid (self-intersecting) polygon detected.
Warning (line 7371): Invalid (self-intersecting) polygon detected.
Warning (line 7380): Invalid (self-intersecting) polygon detected.


Total errors:       0
Total warnings:    27



























----------------------------------------------------------------------

04-Apr-19  11:44                                            Page    1

