P-CAD ASCII File Open: EditPins.fpc.ERR

======================================================================

Warning (line 10965): Invalid (self-intersecting) polygon detected.
Warning (line 10975): Invalid (self-intersecting) polygon detected.
Warning (line 10985): Invalid (self-intersecting) polygon detected.
Warning (line 10995): Invalid (self-intersecting) polygon detected.
Warning (line 11089): Invalid (self-intersecting) polygon detected.
Warning (line 11098): Invalid (self-intersecting) polygon detected.
Warning (line 11107): Invalid (self-intersecting) polygon detected.
Warning (line 11116): Invalid (self-intersecting) polygon detected.
Warning (line 11125): Invalid (self-intersecting) polygon detected.
Warning (line 11134): Invalid (self-intersecting) polygon detected.
Warning (line 11143): Invalid (self-intersecting) polygon detected.
Warning (line 11152): Invalid (self-intersecting) polygon detected.
Warning (line 11161): Invalid (self-intersecting) polygon detected.
Warning (line 11170): Invalid (self-intersecting) polygon detected.
Warning (line 11179): Invalid (self-intersecting) polygon detected.
Warning (line 11188): Invalid (self-intersecting) polygon detected.
Warning (line 11198): Invalid (self-intersecting) polygon detected.
Warning (line 11208): Invalid (self-intersecting) polygon detected.
Warning (line 11243): Invalid (self-intersecting) polygon detected.
Warning (line 11253): Invalid (self-intersecting) polygon detected.
Warning (line 11263): Invalid (self-intersecting) polygon detected.
Warning (line 11273): Invalid (self-intersecting) polygon detected.
Warning (line 11283): Invalid (self-intersecting) polygon detected.
Warning (line 11293): Invalid (self-intersecting) polygon detected.
Warning (line 11303): Invalid (self-intersecting) polygon detected.
Warning (line 11313): Invalid (self-intersecting) polygon detected.
Warning (line 11323): Invalid (self-intersecting) polygon detected.
Warning (line 11332): Invalid (self-intersecting) polygon detected.
Warning (line 11341): Invalid (self-intersecting) polygon detected.
Warning (line 11445): Invalid (self-intersecting) polygon detected.
Warning (line 11637): Invalid (self-intersecting) polygon detected.
Warning (line 11648): Invalid (self-intersecting) polygon detected.
Warning (line 11657): Invalid (self-intersecting) polygon detected.
Warning (line 11666): Invalid (self-intersecting) polygon detected.
Warning (line 11679): Invalid (self-intersecting) polygon detected.
Warning (line 11688): Invalid (self-intersecting) polygon detected.
Warning (line 11697): Invalid (self-intersecting) polygon detected.
Warning (line 11707): Invalid (self-intersecting) polygon detected.
Warning (line 11717): Invalid (self-intersecting) polygon detected.
Warning (line 11726): Invalid (self-intersecting) polygon detected.
Warning (line 11736): Invalid (self-intersecting) polygon detected.
Warning (line 11746): Invalid (self-intersecting) polygon detected.
Warning (line 11755): Invalid (self-intersecting) polygon detected.
Warning (line 11764): Invalid (self-intersecting) polygon detected.
Warning (line 11773): Invalid (self-intersecting) polygon detected.
Warning (line 11782): Invalid (self-intersecting) polygon detected.
Warning (line 15397): Invalid (self-intersecting) polygon detected.
Warning (line 15623): Invalid (self-intersecting) polygon detected.
Warning (line 15638): Invalid (self-intersecting) polygon detected.
Warning (line 15648): Invalid (self-intersecting) polygon detected.
Warning (line 15658): Invalid (self-intersecting) polygon detected.
Warning (line 15671): Invalid (self-intersecting) polygon detected.
Warning (line 15776): Invalid (self-intersecting) polygon detected.
Warning (line 15789): Invalid (self-intersecting) polygon detected.
Warning (line 15799): Invalid (self-intersecting) polygon detected.
Warning (line 15809): Invalid (self-intersecting) polygon detected.
Warning (line 15819): Invalid (self-intersecting) polygon detected.
Warning (line 15829): Invalid (self-intersecting) polygon detected.

----------------------------------------------------------------------

19-Dec-18  16:28                                            Page    1

P-CAD ASCII File Open: EditPins.fpc.ERR

======================================================================

Warning (line 15839): Invalid (self-intersecting) polygon detected.
Warning (line 15849): Invalid (self-intersecting) polygon detected.
Warning (line 15859): Invalid (self-intersecting) polygon detected.
Warning (line 15869): Invalid (self-intersecting) polygon detected.
Warning (line 16010): Invalid (self-intersecting) polygon detected.
Warning (line 16020): Invalid (self-intersecting) polygon detected.
Warning (line 16030): Invalid (self-intersecting) polygon detected.
Warning (line 16051): Invalid (self-intersecting) polygon detected.
Warning (line 16081): Invalid (self-intersecting) polygon detected.
Warning (line 16220): Invalid (self-intersecting) polygon detected.
Warning (line 16229): Invalid (self-intersecting) polygon detected.
Warning (line 16238): Invalid (self-intersecting) polygon detected.
Warning (line 16247): Invalid (self-intersecting) polygon detected.
Warning (line 16256): Invalid (self-intersecting) polygon detected.
Warning (line 16265): Invalid (self-intersecting) polygon detected.
Warning (line 16274): Invalid (self-intersecting) polygon detected.
Warning (line 16283): Invalid (self-intersecting) polygon detected.
Warning (line 16305): Invalid (self-intersecting) polygon detected.
Warning (line 16345): Invalid (self-intersecting) polygon detected.
Warning (line 16354): Invalid (self-intersecting) polygon detected.
Warning (line 16363): Invalid (self-intersecting) polygon detected.
Warning (line 16373): Invalid (self-intersecting) polygon detected.
Warning (line 16383): Invalid (self-intersecting) polygon detected.
Warning (line 16392): Invalid (self-intersecting) polygon detected.
Warning (line 16411): Invalid (self-intersecting) polygon detected.
Warning (line 16421): Invalid (self-intersecting) polygon detected.
Warning (line 16431): Invalid (self-intersecting) polygon detected.
Warning (line 16441): Invalid (self-intersecting) polygon detected.
Warning (line 16451): Invalid (self-intersecting) polygon detected.
Warning (line 16461): Invalid (self-intersecting) polygon detected.


Total errors:       0
Total warnings:    88























----------------------------------------------------------------------

19-Dec-18  16:28                                            Page    2

