P-CAD ASCII File Open: Encoder Unit (PULSAR DBS).fpc.ERR

======================================================================

Warning (line 5392): Invalid (self-intersecting) polygon detected.
Warning (line 5401): Invalid (self-intersecting) polygon detected.
Warning (line 5410): Invalid (self-intersecting) polygon detected.
Warning (line 5419): Invalid (self-intersecting) polygon detected.
Warning (line 5428): Invalid (self-intersecting) polygon detected.
Warning (line 5437): Invalid (self-intersecting) polygon detected.
Warning (line 5523): Invalid (self-intersecting) polygon detected.
Warning (line 5574): Invalid (self-intersecting) polygon detected.
Warning (line 8042): Invalid (self-intersecting) polygon detected.
Warning (line 8141): Invalid (self-intersecting) polygon detected.
Warning (line 8174): Invalid (self-intersecting) polygon detected.
Warning (line 8183): Invalid (self-intersecting) polygon detected.
Warning (line 8193): Invalid (self-intersecting) polygon detected.
Warning (line 8202): Invalid (self-intersecting) polygon detected.
Warning (line 8227): Invalid (self-intersecting) polygon detected.
Warning (line 8236): Invalid (self-intersecting) polygon detected.
Warning (line 8245): Invalid (self-intersecting) polygon detected.
Warning (line 8254): Invalid (self-intersecting) polygon detected.
Warning (line 8263): Invalid (self-intersecting) polygon detected.
Warning (line 8272): Invalid (self-intersecting) polygon detected.
Warning (line 8281): Invalid (self-intersecting) polygon detected.
Warning (line 8290): Invalid (self-intersecting) polygon detected.
Warning (line 8299): Invalid (self-intersecting) polygon detected.
Warning (line 8308): Invalid (self-intersecting) polygon detected.
Warning (line 8317): Invalid (self-intersecting) polygon detected.
Warning (line 8326): Invalid (self-intersecting) polygon detected.
Warning (line 8335): Invalid (self-intersecting) polygon detected.
Warning (line 8344): Invalid (self-intersecting) polygon detected.
Warning (line 8353): Invalid (self-intersecting) polygon detected.
Warning (line 8362): Invalid (self-intersecting) polygon detected.
Warning (line 8375): Invalid (self-intersecting) polygon detected.
Warning (line 8384): Invalid (self-intersecting) polygon detected.
Warning (line 8393): Invalid (self-intersecting) polygon detected.
Warning (line 8402): Invalid (self-intersecting) polygon detected.
Warning (line 8411): Invalid (self-intersecting) polygon detected.
Warning (line 8420): Invalid (self-intersecting) polygon detected.
Warning (line 8429): Invalid (self-intersecting) polygon detected.
Warning (line 8438): Invalid (self-intersecting) polygon detected.
Warning (line 8447): Invalid (self-intersecting) polygon detected.
Warning (line 8456): Invalid (self-intersecting) polygon detected.
Warning (line 8465): Invalid (self-intersecting) polygon detected.
Warning (line 8474): Invalid (self-intersecting) polygon detected.
Warning (line 8483): Invalid (self-intersecting) polygon detected.
Warning (line 8492): Invalid (self-intersecting) polygon detected.
Warning (line 8501): Invalid (self-intersecting) polygon detected.
Warning (line 8510): Invalid (self-intersecting) polygon detected.
Warning (line 8519): Invalid (self-intersecting) polygon detected.
Warning (line 8528): Invalid (self-intersecting) polygon detected.
Warning (line 8537): Invalid (self-intersecting) polygon detected.
Warning (line 8546): Invalid (self-intersecting) polygon detected.
Warning (line 8555): Invalid (self-intersecting) polygon detected.
Warning (line 8564): Invalid (self-intersecting) polygon detected.
Warning (line 8589): Invalid (self-intersecting) polygon detected.
Warning (line 8614): Invalid (self-intersecting) polygon detected.
Warning (line 8627): Invalid (self-intersecting) polygon detected.
Warning (line 8652): Invalid (self-intersecting) polygon detected.
Warning (line 8677): Invalid (self-intersecting) polygon detected.
Warning (line 8712): Invalid (self-intersecting) polygon detected.

----------------------------------------------------------------------

01-Oct-18  12:19                                            Page    1

P-CAD ASCII File Open: Encoder Unit (PULSAR DBS).fpc.ERR

======================================================================

Warning (line 8721): Invalid (self-intersecting) polygon detected.
Warning (line 8730): Invalid (self-intersecting) polygon detected.
Warning (line 8739): Invalid (self-intersecting) polygon detected.
Warning (line 8748): Invalid (self-intersecting) polygon detected.
Warning (line 8765): Invalid (self-intersecting) polygon detected.
Warning (line 8774): Invalid (self-intersecting) polygon detected.
Warning (line 8791): Invalid (self-intersecting) polygon detected.
Warning (line 8800): Invalid (self-intersecting) polygon detected.
Warning (line 8817): Invalid (self-intersecting) polygon detected.


Total errors:       0
Total warnings:    67












































----------------------------------------------------------------------

01-Oct-18  12:19                                            Page    2

