P-CAD ASCII File Open: Onix-bt-1-11.fpc.ERR

======================================================================

Warning (line 4800): Invalid (self-intersecting) polygon detected.
Warning (line 4832): Invalid (self-intersecting) polygon detected.
Warning (line 4873): Invalid (self-intersecting) polygon detected.
Warning (line 4898): Invalid (self-intersecting) polygon detected.
Warning (line 4909): Invalid (self-intersecting) polygon detected.
Warning (line 4920): Invalid (self-intersecting) polygon detected.
Warning (line 4931): Invalid (self-intersecting) polygon detected.
Warning (line 7457): Invalid (self-intersecting) polygon detected.
Warning (line 7500): Invalid (self-intersecting) polygon detected.
Warning (line 7521): Invalid (self-intersecting) polygon detected.
Warning (line 7542): Invalid (self-intersecting) polygon detected.
Warning (line 7609): Invalid (self-intersecting) polygon detected.
Warning (line 7620): Invalid (self-intersecting) polygon detected.
Warning (line 7631): Invalid (self-intersecting) polygon detected.
Warning (line 7642): Invalid (self-intersecting) polygon detected.
Warning (line 7653): Invalid (self-intersecting) polygon detected.
Warning (line 7664): Invalid (self-intersecting) polygon detected.
Warning (line 7675): Invalid (self-intersecting) polygon detected.
Warning (line 7686): Invalid (self-intersecting) polygon detected.
Warning (line 7697): Invalid (self-intersecting) polygon detected.
Warning (line 7708): Invalid (self-intersecting) polygon detected.


Total errors:       0
Total warnings:    21

































----------------------------------------------------------------------

19-Oct-18  10:34                                            Page    1

