P-CAD ASCII File Open: Onix-bt-1-13b.fpc.ERR

======================================================================

Warning (line 7178): Invalid (self-intersecting) polygon detected.
Warning (line 7187): Invalid (self-intersecting) polygon detected.
Warning (line 7227): Invalid (self-intersecting) polygon detected.
Warning (line 7237): Invalid (self-intersecting) polygon detected.
Warning (line 7247): Invalid (self-intersecting) polygon detected.
Warning (line 7257): Invalid (self-intersecting) polygon detected.
Warning (line 7267): Invalid (self-intersecting) polygon detected.
Warning (line 7277): Invalid (self-intersecting) polygon detected.
Warning (line 7287): Invalid (self-intersecting) polygon detected.
Warning (line 7297): Invalid (self-intersecting) polygon detected.
Warning (line 7307): Invalid (self-intersecting) polygon detected.
Warning (line 7317): Invalid (self-intersecting) polygon detected.
Warning (line 7327): Invalid (self-intersecting) polygon detected.
Warning (line 7337): Invalid (self-intersecting) polygon detected.
Warning (line 7347): Invalid (self-intersecting) polygon detected.
Warning (line 7357): Invalid (self-intersecting) polygon detected.
Warning (line 7367): Invalid (self-intersecting) polygon detected.
Warning (line 7377): Invalid (self-intersecting) polygon detected.
Warning (line 7387): Invalid (self-intersecting) polygon detected.
Warning (line 7397): Invalid (self-intersecting) polygon detected.
Warning (line 7407): Invalid (self-intersecting) polygon detected.
Warning (line 7417): Invalid (self-intersecting) polygon detected.
Warning (line 7427): Invalid (self-intersecting) polygon detected.
Warning (line 7626): Duplicate refdes Hole1 (HOLE2.5) found.  This component was
 not loaded.


Total errors:       0
Total warnings:    24





























----------------------------------------------------------------------

14-Jan-19  14:48                                            Page    1

