P-CAD ASCII File Open: SENS-1-2.fpc.ERR

======================================================================

Warning (line 2285): Invalid (self-intersecting) polygon detected.
Warning (line 2298): Invalid (self-intersecting) polygon detected.
Warning (line 2311): Invalid (self-intersecting) polygon detected.
Warning (line 2324): Invalid (self-intersecting) polygon detected.
Warning (line 2345): Invalid (self-intersecting) polygon detected.
Warning (line 2358): Invalid (self-intersecting) polygon detected.
Warning (line 2371): Invalid (self-intersecting) polygon detected.
Warning (line 2384): Invalid (self-intersecting) polygon detected.
Warning (line 2397): Invalid (self-intersecting) polygon detected.
Warning (line 2410): Invalid (self-intersecting) polygon detected.
Warning (line 2423): Invalid (self-intersecting) polygon detected.
Warning (line 2434): Invalid (self-intersecting) polygon detected.
Warning (line 2445): Invalid (self-intersecting) polygon detected.
Warning (line 2456): Invalid (self-intersecting) polygon detected.
Warning (line 2469): Invalid (self-intersecting) polygon detected.
Warning (line 2480): Invalid (self-intersecting) polygon detected.
Warning (line 2493): Invalid (self-intersecting) polygon detected.
Warning (line 3385): Invalid (self-intersecting) polygon detected.
Warning (line 3398): Invalid (self-intersecting) polygon detected.
Warning (line 3505): Invalid (self-intersecting) polygon detected.
Warning (line 3518): Invalid (self-intersecting) polygon detected.
Warning (line 3531): Invalid (self-intersecting) polygon detected.
Warning (line 3541): Invalid (self-intersecting) polygon detected.
Warning (line 3554): Invalid (self-intersecting) polygon detected.
Warning (line 3567): Invalid (self-intersecting) polygon detected.
Warning (line 3578): Invalid (self-intersecting) polygon detected.
Warning (line 3589): Invalid (self-intersecting) polygon detected.
Warning (line 3600): Invalid (self-intersecting) polygon detected.
Warning (line 3611): Invalid (self-intersecting) polygon detected.
Warning (line 3624): Invalid (self-intersecting) polygon detected.
Warning (line 3637): Invalid (self-intersecting) polygon detected.


Total errors:       0
Total warnings:    31























----------------------------------------------------------------------

13-Dec-18  16:16                                            Page    1

