P-CAD ASCII File Open: TDS-1-5.fpc.ERR

======================================================================

Warning (line 2739): Invalid RefDes: 'r-Hole201'.  Please remove any dashes, spa
ces,
	tabs, commas, or colons.
Warning (line 10063): Invalid (self-intersecting) polygon detected.
Warning (line 10076): Invalid (self-intersecting) polygon detected.
Warning (line 10089): Invalid (self-intersecting) polygon detected.
Warning (line 10132): Invalid (self-intersecting) polygon detected.
Warning (line 10195): Invalid (self-intersecting) polygon detected.
Warning (line 10285): Invalid (self-intersecting) polygon detected.
Warning (line 10302): Invalid (self-intersecting) polygon detected.
Warning (line 10313): Invalid (self-intersecting) polygon detected.
Warning (line 10324): Invalid (self-intersecting) polygon detected.
Warning (line 10439): Invalid (self-intersecting) polygon detected.
Warning (line 10449): Invalid (self-intersecting) polygon detected.
Warning (line 10459): Invalid (self-intersecting) polygon detected.
Warning (line 10472): Invalid (self-intersecting) polygon detected.
Warning (line 10481): Invalid (self-intersecting) polygon detected.
Warning (line 10491): Invalid (self-intersecting) polygon detected.
Warning (line 10501): Invalid (self-intersecting) polygon detected.
Warning (line 10511): Invalid (self-intersecting) polygon detected.
Warning (line 10521): Invalid (self-intersecting) polygon detected.
Warning (line 10530): Invalid (self-intersecting) polygon detected.
Warning (line 10547): Invalid (self-intersecting) polygon detected.
Warning (line 10557): Invalid (self-intersecting) polygon detected.
Warning (line 10567): Invalid (self-intersecting) polygon detected.
Warning (line 10594): Invalid (self-intersecting) polygon detected.
Warning (line 10604): Invalid (self-intersecting) polygon detected.
Warning (line 10694): Invalid (self-intersecting) polygon detected.
Warning (line 10767): Invalid (self-intersecting) polygon detected.
Warning (line 10777): Invalid (self-intersecting) polygon detected.
Warning (line 10816): Invalid (self-intersecting) polygon detected.
Warning (line 10825): Invalid (self-intersecting) polygon detected.
Warning (line 10834): Invalid (self-intersecting) polygon detected.
Warning (line 10844): Invalid (self-intersecting) polygon detected.
Warning (line 10853): Invalid (self-intersecting) polygon detected.
Warning (line 10862): Invalid (self-intersecting) polygon detected.
Warning (line 10872): Invalid (self-intersecting) polygon detected.
Warning (line 10882): Invalid (self-intersecting) polygon detected.
Warning (line 10892): Invalid (self-intersecting) polygon detected.
Warning (line 10902): Invalid (self-intersecting) polygon detected.
Warning (line 10912): Invalid (self-intersecting) polygon detected.
Warning (line 10922): Invalid (self-intersecting) polygon detected.
Warning (line 10931): Invalid (self-intersecting) polygon detected.
Warning (line 10940): Invalid (self-intersecting) polygon detected.
Warning (line 10949): Invalid (self-intersecting) polygon detected.
Warning (line 10958): Invalid (self-intersecting) polygon detected.
Warning (line 10967): Invalid (self-intersecting) polygon detected.
Warning (line 10976): Invalid (self-intersecting) polygon detected.
Warning (line 10985): Invalid (self-intersecting) polygon detected.
Warning (line 11097): Invalid (self-intersecting) polygon detected.
Warning (line 11107): Invalid (self-intersecting) polygon detected.
Warning (line 11130): Invalid (self-intersecting) polygon detected.
Warning (line 11140): Invalid (self-intersecting) polygon detected.
Warning (line 11176): Invalid (self-intersecting) polygon detected.
Warning (line 11186): Invalid (self-intersecting) polygon detected.
Warning (line 11209): Invalid (self-intersecting) polygon detected.
Warning (line 11313): Invalid (self-intersecting) polygon detected.
Warning (line 11347): Invalid (self-intersecting) polygon detected.

----------------------------------------------------------------------

14-Dec-18  09:53                                            Page    1

P-CAD ASCII File Open: TDS-1-5.fpc.ERR

======================================================================

Warning (line 11360): Invalid (self-intersecting) polygon detected.
Warning (line 11373): Invalid (self-intersecting) polygon detected.
Warning (line 11391): Invalid (self-intersecting) polygon detected.
Warning (line 11401): Invalid (self-intersecting) polygon detected.
Warning (line 11474): Invalid (self-intersecting) polygon detected.
Warning (line 11562): Invalid (self-intersecting) polygon detected.
Warning (line 11603): Invalid (self-intersecting) polygon detected.
Warning (line 11613): Invalid (self-intersecting) polygon detected.
Warning (line 11623): Invalid (self-intersecting) polygon detected.
Warning (line 11632): Invalid (self-intersecting) polygon detected.
Warning (line 11641): Invalid (self-intersecting) polygon detected.
Warning (line 11650): Invalid (self-intersecting) polygon detected.
Warning (line 11659): Invalid (self-intersecting) polygon detected.
Warning (line 11668): Invalid (self-intersecting) polygon detected.
Warning (line 11677): Invalid (self-intersecting) polygon detected.
Warning (line 11687): Invalid (self-intersecting) polygon detected.
Warning (line 11696): Invalid (self-intersecting) polygon detected.
Warning (line 11705): Invalid (self-intersecting) polygon detected.
Warning (line 11714): Invalid (self-intersecting) polygon detected.
Warning (line 11724): Invalid (self-intersecting) polygon detected.
Warning (line 11737): Invalid (self-intersecting) polygon detected.
Warning (line 11800): Invalid (self-intersecting) polygon detected.
Warning (line 11890): Invalid (self-intersecting) polygon detected.
Warning (line 11903): Invalid (self-intersecting) polygon detected.
Warning (line 11916): Invalid (self-intersecting) polygon detected.
Warning (line 11929): Invalid (self-intersecting) polygon detected.
Warning (line 14115): Invalid (self-intersecting) polygon detected.
Warning (line 14126): Invalid (self-intersecting) polygon detected.
Warning (line 14137): Invalid (self-intersecting) polygon detected.
Warning (line 14148): Invalid (self-intersecting) polygon detected.
Warning (line 14161): Invalid (self-intersecting) polygon detected.
Warning (line 14170): Invalid (self-intersecting) polygon detected.
Warning (line 14316): Invalid (self-intersecting) polygon detected.
Warning (line 14326): Invalid (self-intersecting) polygon detected.
Warning (line 14336): Invalid (self-intersecting) polygon detected.
Warning (line 14346): Invalid (self-intersecting) polygon detected.
Warning (line 14356): Invalid (self-intersecting) polygon detected.
Warning (line 14366): Invalid (self-intersecting) polygon detected.
Warning (line 14384): Invalid (self-intersecting) polygon detected.
Warning (line 14393): Invalid (self-intersecting) polygon detected.
Warning (line 14402): Invalid (self-intersecting) polygon detected.
Warning (line 14415): Invalid (self-intersecting) polygon detected.
Warning (line 14425): Invalid (self-intersecting) polygon detected.
Warning (line 14435): Invalid (self-intersecting) polygon detected.
Warning (line 14445): Invalid (self-intersecting) polygon detected.
Warning (line 14455): Invalid (self-intersecting) polygon detected.
Warning (line 14468): Invalid (self-intersecting) polygon detected.
Warning (line 14478): Invalid (self-intersecting) polygon detected.
Warning (line 14488): Invalid (self-intersecting) polygon detected.
Warning (line 14498): Invalid (self-intersecting) polygon detected.
Warning (line 14508): Invalid (self-intersecting) polygon detected.
Warning (line 14518): Invalid (self-intersecting) polygon detected.
Warning (line 14583): Invalid (self-intersecting) polygon detected.


Total errors:       0
Total warnings:   109

----------------------------------------------------------------------

14-Dec-18  09:53                                            Page    2

P-CAD ASCII File Open: TDS-1-5.fpc.ERR

======================================================================


























































----------------------------------------------------------------------

14-Dec-18  09:53                                            Page    3

