P-CAD ASCII File Open: TDS-1-3.fpc.ERR

======================================================================

Warning (line 3236): Invalid RefDes: 'r-Hole201'.  Please remove any dashes, spa
ces,
	tabs, commas, or colons.
Warning (line 9005): Invalid (self-intersecting) polygon detected.
Warning (line 9014): Invalid (self-intersecting) polygon detected.
Warning (line 9308): Invalid (self-intersecting) polygon detected.
Warning (line 9318): Invalid (self-intersecting) polygon detected.
Warning (line 9327): Invalid (self-intersecting) polygon detected.
Warning (line 9337): Invalid (self-intersecting) polygon detected.
Warning (line 9347): Invalid (self-intersecting) polygon detected.
Warning (line 9357): Invalid (self-intersecting) polygon detected.
Warning (line 9366): Invalid (self-intersecting) polygon detected.
Warning (line 9375): Invalid (self-intersecting) polygon detected.
Warning (line 9384): Invalid (self-intersecting) polygon detected.
Warning (line 9393): Invalid (self-intersecting) polygon detected.
Warning (line 9402): Invalid (self-intersecting) polygon detected.
Warning (line 9411): Invalid (self-intersecting) polygon detected.
Warning (line 9420): Invalid (self-intersecting) polygon detected.
Warning (line 9429): Invalid (self-intersecting) polygon detected.
Warning (line 9438): Invalid (self-intersecting) polygon detected.
Warning (line 9447): Invalid (self-intersecting) polygon detected.
Warning (line 9469): Invalid (self-intersecting) polygon detected.
Warning (line 9478): Invalid (self-intersecting) polygon detected.
Warning (line 9487): Invalid (self-intersecting) polygon detected.
Warning (line 9497): Invalid (self-intersecting) polygon detected.
Warning (line 9507): Invalid (self-intersecting) polygon detected.
Warning (line 9516): Invalid (self-intersecting) polygon detected.
Warning (line 9525): Invalid (self-intersecting) polygon detected.
Warning (line 9563): Invalid (self-intersecting) polygon detected.
Warning (line 9572): Invalid (self-intersecting) polygon detected.
Warning (line 9581): Invalid (self-intersecting) polygon detected.
Warning (line 9617): Invalid (self-intersecting) polygon detected.
Warning (line 9626): Invalid (self-intersecting) polygon detected.
Warning (line 9635): Invalid (self-intersecting) polygon detected.
Warning (line 9644): Invalid (self-intersecting) polygon detected.
Warning (line 9653): Invalid (self-intersecting) polygon detected.
Warning (line 9662): Invalid (self-intersecting) polygon detected.
Warning (line 9671): Invalid (self-intersecting) polygon detected.
Warning (line 9680): Invalid (self-intersecting) polygon detected.
Warning (line 9707): Invalid (self-intersecting) polygon detected.
Warning (line 9716): Invalid (self-intersecting) polygon detected.
Warning (line 9725): Invalid (self-intersecting) polygon detected.
Warning (line 9746): Invalid (self-intersecting) polygon detected.
Warning (line 9846): Invalid (self-intersecting) polygon detected.
Warning (line 9964): Invalid (self-intersecting) polygon detected.
Warning (line 9987): Invalid (self-intersecting) polygon detected.
Warning (line 10010): Invalid (self-intersecting) polygon detected.
Warning (line 10044): Invalid (self-intersecting) polygon detected.
Warning (line 10053): Invalid (self-intersecting) polygon detected.
Warning (line 10102): Invalid (self-intersecting) polygon detected.
Warning (line 10133): Invalid (self-intersecting) polygon detected.
Warning (line 10156): Invalid (self-intersecting) polygon detected.
Warning (line 10166): Invalid (self-intersecting) polygon detected.
Warning (line 10176): Invalid (self-intersecting) polygon detected.
Warning (line 10186): Invalid (self-intersecting) polygon detected.
Warning (line 10196): Invalid (self-intersecting) polygon detected.
Warning (line 10205): Invalid (self-intersecting) polygon detected.
Warning (line 10214): Invalid (self-intersecting) polygon detected.

----------------------------------------------------------------------

14-May-18  17:06                                            Page    1

P-CAD ASCII File Open: TDS-1-3.fpc.ERR

======================================================================

Warning (line 10223): Invalid (self-intersecting) polygon detected.
Warning (line 10232): Invalid (self-intersecting) polygon detected.
Warning (line 10241): Invalid (self-intersecting) polygon detected.
Warning (line 10250): Invalid (self-intersecting) polygon detected.
Warning (line 10259): Invalid (self-intersecting) polygon detected.
Warning (line 10268): Invalid (self-intersecting) polygon detected.
Warning (line 10277): Invalid (self-intersecting) polygon detected.
Warning (line 10286): Invalid (self-intersecting) polygon detected.
Warning (line 10295): Invalid (self-intersecting) polygon detected.
Warning (line 10304): Invalid (self-intersecting) polygon detected.
Warning (line 10331): Invalid (self-intersecting) polygon detected.
Warning (line 10340): Invalid (self-intersecting) polygon detected.
Warning (line 10349): Invalid (self-intersecting) polygon detected.
Warning (line 10358): Invalid (self-intersecting) polygon detected.
Warning (line 10367): Invalid (self-intersecting) polygon detected.
Warning (line 10376): Invalid (self-intersecting) polygon detected.
Warning (line 10385): Invalid (self-intersecting) polygon detected.
Warning (line 10395): Invalid (self-intersecting) polygon detected.
Warning (line 10404): Invalid (self-intersecting) polygon detected.
Warning (line 10413): Invalid (self-intersecting) polygon detected.
Warning (line 10422): Invalid (self-intersecting) polygon detected.
Warning (line 10431): Invalid (self-intersecting) polygon detected.
Warning (line 10440): Invalid (self-intersecting) polygon detected.
Warning (line 10449): Invalid (self-intersecting) polygon detected.
Warning (line 10458): Invalid (self-intersecting) polygon detected.
Warning (line 10467): Invalid (self-intersecting) polygon detected.
Warning (line 10476): Invalid (self-intersecting) polygon detected.
Warning (line 10485): Invalid (self-intersecting) polygon detected.
Warning (line 10495): Invalid (self-intersecting) polygon detected.
Warning (line 10507): Invalid (self-intersecting) polygon detected.
Warning (line 10524): Invalid (self-intersecting) polygon detected.
Warning (line 12282): Invalid (self-intersecting) polygon detected.
Warning (line 12295): Invalid (self-intersecting) polygon detected.
Warning (line 12305): Invalid (self-intersecting) polygon detected.
Warning (line 12315): Invalid (self-intersecting) polygon detected.
Warning (line 12325): Invalid (self-intersecting) polygon detected.
Warning (line 12335): Invalid (self-intersecting) polygon detected.
Warning (line 12345): Invalid (self-intersecting) polygon detected.
Warning (line 12355): Invalid (self-intersecting) polygon detected.
Warning (line 12365): Invalid (self-intersecting) polygon detected.
Warning (line 12375): Invalid (self-intersecting) polygon detected.
Warning (line 12385): Invalid (self-intersecting) polygon detected.
Warning (line 12429): Invalid (self-intersecting) polygon detected.
Warning (line 12469): Invalid (self-intersecting) polygon detected.
Warning (line 12479): Invalid (self-intersecting) polygon detected.
Warning (line 12489): Invalid (self-intersecting) polygon detected.
Warning (line 12498): Invalid (self-intersecting) polygon detected.
Warning (line 12508): Invalid (self-intersecting) polygon detected.
Warning (line 12518): Invalid (self-intersecting) polygon detected.
Warning (line 12570): Invalid (self-intersecting) polygon detected.
Warning (line 12580): Invalid (self-intersecting) polygon detected.
Warning (line 12590): Invalid (self-intersecting) polygon detected.
Warning (line 12670): Invalid (self-intersecting) polygon detected.
Warning (line 12680): Invalid (self-intersecting) polygon detected.
Warning (line 12690): Invalid (self-intersecting) polygon detected.
Warning (line 12700): Invalid (self-intersecting) polygon detected.
Warning (line 12719): Invalid (self-intersecting) polygon detected.

----------------------------------------------------------------------

14-May-18  17:06                                            Page    2

P-CAD ASCII File Open: TDS-1-3.fpc.ERR

======================================================================

Warning (line 12729): Invalid (self-intersecting) polygon detected.
Warning (line 12742): Invalid (self-intersecting) polygon detected.
Warning (line 12752): Invalid (self-intersecting) polygon detected.
Warning (line 12775): Invalid (self-intersecting) polygon detected.
Warning (line 12798): Invalid (self-intersecting) polygon detected.
Warning (line 12808): Invalid (self-intersecting) polygon detected.
Warning (line 12818): Invalid (self-intersecting) polygon detected.


Total errors:       0
Total warnings:   120














































----------------------------------------------------------------------

14-May-18  17:06                                            Page    3

