P-CAD ASCII File Open: TDS-1-4.fpc.ERR

======================================================================

Warning (line 3313): Invalid RefDes: 'r-Hole201'.  Please remove any dashes, spa
ces,
	tabs, commas, or colons.
Warning (line 7029): Invalid (self-intersecting) polygon detected.
Warning (line 9707): Invalid (self-intersecting) polygon detected.
Warning (line 9716): Invalid (self-intersecting) polygon detected.
Warning (line 9733): Invalid (self-intersecting) polygon detected.
Warning (line 9743): Invalid (self-intersecting) polygon detected.
Warning (line 9753): Invalid (self-intersecting) polygon detected.
Warning (line 9776): Invalid (self-intersecting) polygon detected.
Warning (line 10250): Invalid (self-intersecting) polygon detected.
Warning (line 10259): Invalid (self-intersecting) polygon detected.
Warning (line 10268): Invalid (self-intersecting) polygon detected.
Warning (line 10277): Invalid (self-intersecting) polygon detected.
Warning (line 10286): Invalid (self-intersecting) polygon detected.
Warning (line 10295): Invalid (self-intersecting) polygon detected.
Warning (line 10304): Invalid (self-intersecting) polygon detected.
Warning (line 10313): Invalid (self-intersecting) polygon detected.
Warning (line 10322): Invalid (self-intersecting) polygon detected.
Warning (line 10332): Invalid (self-intersecting) polygon detected.
Warning (line 10342): Invalid (self-intersecting) polygon detected.
Warning (line 10352): Invalid (self-intersecting) polygon detected.
Warning (line 10362): Invalid (self-intersecting) polygon detected.
Warning (line 10376): Invalid (self-intersecting) polygon detected.
Warning (line 10386): Invalid (self-intersecting) polygon detected.
Warning (line 10396): Invalid (self-intersecting) polygon detected.
Warning (line 10406): Invalid (self-intersecting) polygon detected.
Warning (line 10416): Invalid (self-intersecting) polygon detected.
Warning (line 10426): Invalid (self-intersecting) polygon detected.
Warning (line 10436): Invalid (self-intersecting) polygon detected.
Warning (line 10446): Invalid (self-intersecting) polygon detected.
Warning (line 10456): Invalid (self-intersecting) polygon detected.
Warning (line 10466): Invalid (self-intersecting) polygon detected.
Warning (line 10476): Invalid (self-intersecting) polygon detected.
Warning (line 10486): Invalid (self-intersecting) polygon detected.
Warning (line 10513): Invalid (self-intersecting) polygon detected.
Warning (line 10555): Invalid (self-intersecting) polygon detected.
Warning (line 10572): Invalid (self-intersecting) polygon detected.
Warning (line 10581): Invalid (self-intersecting) polygon detected.
Warning (line 10590): Invalid (self-intersecting) polygon detected.
Warning (line 10599): Invalid (self-intersecting) polygon detected.
Warning (line 10608): Invalid (self-intersecting) polygon detected.
Warning (line 10617): Invalid (self-intersecting) polygon detected.
Warning (line 10626): Invalid (self-intersecting) polygon detected.
Warning (line 10635): Invalid (self-intersecting) polygon detected.
Warning (line 10644): Invalid (self-intersecting) polygon detected.
Warning (line 10708): Invalid (self-intersecting) polygon detected.
Warning (line 10717): Invalid (self-intersecting) polygon detected.
Warning (line 10738): Invalid (self-intersecting) polygon detected.
Warning (line 10748): Invalid (self-intersecting) polygon detected.
Warning (line 10758): Invalid (self-intersecting) polygon detected.
Warning (line 10768): Invalid (self-intersecting) polygon detected.
Warning (line 10778): Invalid (self-intersecting) polygon detected.
Warning (line 10788): Invalid (self-intersecting) polygon detected.
Warning (line 10798): Invalid (self-intersecting) polygon detected.
Warning (line 10808): Invalid (self-intersecting) polygon detected.
Warning (line 10817): Invalid (self-intersecting) polygon detected.
Warning (line 10826): Invalid (self-intersecting) polygon detected.

----------------------------------------------------------------------

12-Dec-18  15:33                                            Page    1

P-CAD ASCII File Open: TDS-1-4.fpc.ERR

======================================================================

Warning (line 10836): Invalid (self-intersecting) polygon detected.
Warning (line 10846): Invalid (self-intersecting) polygon detected.
Warning (line 10856): Invalid (self-intersecting) polygon detected.
Warning (line 10866): Invalid (self-intersecting) polygon detected.
Warning (line 10875): Invalid (self-intersecting) polygon detected.
Warning (line 10884): Invalid (self-intersecting) polygon detected.
Warning (line 10894): Invalid (self-intersecting) polygon detected.
Warning (line 10904): Invalid (self-intersecting) polygon detected.
Warning (line 10914): Invalid (self-intersecting) polygon detected.
Warning (line 10924): Invalid (self-intersecting) polygon detected.
Warning (line 10934): Invalid (self-intersecting) polygon detected.
Warning (line 10944): Invalid (self-intersecting) polygon detected.
Warning (line 10953): Invalid (self-intersecting) polygon detected.
Warning (line 10962): Invalid (self-intersecting) polygon detected.
Warning (line 10972): Invalid (self-intersecting) polygon detected.
Warning (line 10985): Invalid (self-intersecting) polygon detected.
Warning (line 10995): Invalid (self-intersecting) polygon detected.
Warning (line 11005): Invalid (self-intersecting) polygon detected.
Warning (line 11015): Invalid (self-intersecting) polygon detected.
Warning (line 11025): Invalid (self-intersecting) polygon detected.
Warning (line 11035): Invalid (self-intersecting) polygon detected.
Warning (line 11045): Invalid (self-intersecting) polygon detected.
Warning (line 11054): Invalid (self-intersecting) polygon detected.
Warning (line 11063): Invalid (self-intersecting) polygon detected.
Warning (line 11073): Invalid (self-intersecting) polygon detected.
Warning (line 11083): Invalid (self-intersecting) polygon detected.
Warning (line 11093): Invalid (self-intersecting) polygon detected.
Warning (line 13360): Invalid (self-intersecting) polygon detected.
Warning (line 13370): Invalid (self-intersecting) polygon detected.
Warning (line 13383): Invalid (self-intersecting) polygon detected.
Warning (line 13393): Invalid (self-intersecting) polygon detected.
Warning (line 13416): Invalid (self-intersecting) polygon detected.
Warning (line 13439): Invalid (self-intersecting) polygon detected.
Warning (line 13449): Invalid (self-intersecting) polygon detected.
Warning (line 13459): Invalid (self-intersecting) polygon detected.
Warning (line 13469): Invalid (self-intersecting) polygon detected.
Warning (line 13479): Invalid (self-intersecting) polygon detected.
Warning (line 13489): Invalid (self-intersecting) polygon detected.
Warning (line 13499): Invalid (self-intersecting) polygon detected.
Warning (line 13509): Invalid (self-intersecting) polygon detected.
Warning (line 13519): Invalid (self-intersecting) polygon detected.
Warning (line 13620): Invalid (self-intersecting) polygon detected.
Warning (line 13756): Invalid (self-intersecting) polygon detected.
Warning (line 13766): Invalid (self-intersecting) polygon detected.
Warning (line 13776): Invalid (self-intersecting) polygon detected.
Warning (line 13832): Invalid (self-intersecting) polygon detected.
Warning (line 13842): Invalid (self-intersecting) polygon detected.
Warning (line 13852): Invalid (self-intersecting) polygon detected.
Warning (line 13862): Invalid (self-intersecting) polygon detected.
Warning (line 13917): Invalid (self-intersecting) polygon detected.
Warning (line 14000): Invalid (self-intersecting) polygon detected.
Warning (line 14010): Invalid (self-intersecting) polygon detected.
Warning (line 14020): Invalid (self-intersecting) polygon detected.
Warning (line 14030): Invalid (self-intersecting) polygon detected.
Warning (line 14040): Invalid (self-intersecting) polygon detected.
Warning (line 14050): Invalid (self-intersecting) polygon detected.
Warning (line 14060): Invalid (self-intersecting) polygon detected.

----------------------------------------------------------------------

12-Dec-18  15:33                                            Page    2

P-CAD ASCII File Open: TDS-1-4.fpc.ERR

======================================================================

Warning (line 14073): Invalid (self-intersecting) polygon detected.
Warning (line 14083): Invalid (self-intersecting) polygon detected.
Warning (line 14093): Invalid (self-intersecting) polygon detected.
Warning (line 14102): Invalid (self-intersecting) polygon detected.
Warning (line 14111): Invalid (self-intersecting) polygon detected.
Warning (line 14121): Invalid (self-intersecting) polygon detected.


Total errors:       0
Total warnings:   119















































----------------------------------------------------------------------

12-Dec-18  15:33                                            Page    3

