P-CAD ASCII File Open: TDS-1-51.fpc.ERR

======================================================================

Warning (line 3312): Invalid RefDes: 'r-Hole201'.  Please remove any dashes, spa
ces,
	tabs, commas, or colons.
Warning (line 10782): Invalid (self-intersecting) polygon detected.
Warning (line 10845): Invalid (self-intersecting) polygon detected.
Warning (line 10855): Invalid (self-intersecting) polygon detected.
Warning (line 10865): Invalid (self-intersecting) polygon detected.
Warning (line 10956): Invalid (self-intersecting) polygon detected.
Warning (line 10999): Invalid (self-intersecting) polygon detected.
Warning (line 11009): Invalid (self-intersecting) polygon detected.
Warning (line 11019): Invalid (self-intersecting) polygon detected.
Warning (line 11062): Invalid (self-intersecting) polygon detected.
Warning (line 11125): Invalid (self-intersecting) polygon detected.
Warning (line 11215): Invalid (self-intersecting) polygon detected.
Warning (line 11224): Invalid (self-intersecting) polygon detected.
Warning (line 11233): Invalid (self-intersecting) polygon detected.
Warning (line 11243): Invalid (self-intersecting) polygon detected.
Warning (line 11253): Invalid (self-intersecting) polygon detected.
Warning (line 11263): Invalid (self-intersecting) polygon detected.
Warning (line 11273): Invalid (self-intersecting) polygon detected.
Warning (line 11283): Invalid (self-intersecting) polygon detected.
Warning (line 11308): Invalid (self-intersecting) polygon detected.
Warning (line 11318): Invalid (self-intersecting) polygon detected.
Warning (line 11328): Invalid (self-intersecting) polygon detected.
Warning (line 11338): Invalid (self-intersecting) polygon detected.
Warning (line 11400): Invalid (self-intersecting) polygon detected.
Warning (line 11410): Invalid (self-intersecting) polygon detected.
Warning (line 11420): Invalid (self-intersecting) polygon detected.
Warning (line 11430): Invalid (self-intersecting) polygon detected.
Warning (line 11439): Invalid (self-intersecting) polygon detected.
Warning (line 11449): Invalid (self-intersecting) polygon detected.
Warning (line 11459): Invalid (self-intersecting) polygon detected.
Warning (line 11468): Invalid (self-intersecting) polygon detected.
Warning (line 11477): Invalid (self-intersecting) polygon detected.
Warning (line 11486): Invalid (self-intersecting) polygon detected.
Warning (line 11495): Invalid (self-intersecting) polygon detected.
Warning (line 11504): Invalid (self-intersecting) polygon detected.
Warning (line 11513): Invalid (self-intersecting) polygon detected.
Warning (line 11522): Invalid (self-intersecting) polygon detected.
Warning (line 11535): Invalid (self-intersecting) polygon detected.
Warning (line 11545): Invalid (self-intersecting) polygon detected.
Warning (line 11563): Invalid (self-intersecting) polygon detected.
Warning (line 11572): Invalid (self-intersecting) polygon detected.
Warning (line 11581): Invalid (self-intersecting) polygon detected.
Warning (line 11590): Invalid (self-intersecting) polygon detected.
Warning (line 11599): Invalid (self-intersecting) polygon detected.
Warning (line 11609): Invalid (self-intersecting) polygon detected.
Warning (line 11619): Invalid (self-intersecting) polygon detected.
Warning (line 11628): Invalid (self-intersecting) polygon detected.
Warning (line 11637): Invalid (self-intersecting) polygon detected.
Warning (line 11647): Invalid (self-intersecting) polygon detected.
Warning (line 11661): Invalid (self-intersecting) polygon detected.
Warning (line 11674): Invalid (self-intersecting) polygon detected.
Warning (line 11687): Invalid (self-intersecting) polygon detected.
Warning (line 11696): Invalid (self-intersecting) polygon detected.
Warning (line 11730): Invalid (self-intersecting) polygon detected.
Warning (line 11858): Invalid (self-intersecting) polygon detected.
Warning (line 11881): Invalid (self-intersecting) polygon detected.

----------------------------------------------------------------------

14-Dec-18  09:17                                            Page    1

P-CAD ASCII File Open: TDS-1-51.fpc.ERR

======================================================================

Warning (line 11918): Invalid (self-intersecting) polygon detected.
Warning (line 11941): Invalid (self-intersecting) polygon detected.
Warning (line 12069): Invalid (self-intersecting) polygon detected.
Warning (line 12078): Invalid (self-intersecting) polygon detected.
Warning (line 12115): Invalid (self-intersecting) polygon detected.
Warning (line 12124): Invalid (self-intersecting) polygon detected.
Warning (line 12133): Invalid (self-intersecting) polygon detected.
Warning (line 12143): Invalid (self-intersecting) polygon detected.
Warning (line 12153): Invalid (self-intersecting) polygon detected.
Warning (line 12163): Invalid (self-intersecting) polygon detected.
Warning (line 12173): Invalid (self-intersecting) polygon detected.
Warning (line 12182): Invalid (self-intersecting) polygon detected.
Warning (line 12192): Invalid (self-intersecting) polygon detected.
Warning (line 12202): Invalid (self-intersecting) polygon detected.
Warning (line 12211): Invalid (self-intersecting) polygon detected.
Warning (line 12225): Invalid (self-intersecting) polygon detected.
Warning (line 12234): Invalid (self-intersecting) polygon detected.
Warning (line 12346): Invalid (self-intersecting) polygon detected.
Warning (line 12399): Invalid (self-intersecting) polygon detected.
Warning (line 12473): Invalid (self-intersecting) polygon detected.
Warning (line 12515): Invalid (self-intersecting) polygon detected.
Warning (line 12525): Invalid (self-intersecting) polygon detected.
Warning (line 12535): Invalid (self-intersecting) polygon detected.
Warning (line 12545): Invalid (self-intersecting) polygon detected.
Warning (line 12562): Invalid (self-intersecting) polygon detected.
Warning (line 12572): Invalid (self-intersecting) polygon detected.
Warning (line 12582): Invalid (self-intersecting) polygon detected.
Warning (line 12592): Invalid (self-intersecting) polygon detected.
Warning (line 12602): Invalid (self-intersecting) polygon detected.
Warning (line 12611): Invalid (self-intersecting) polygon detected.
Warning (line 12624): Invalid (self-intersecting) polygon detected.
Warning (line 12634): Invalid (self-intersecting) polygon detected.
Warning (line 12644): Invalid (self-intersecting) polygon detected.
Warning (line 14935): Invalid (self-intersecting) polygon detected.
Warning (line 14945): Invalid (self-intersecting) polygon detected.
Warning (line 14955): Invalid (self-intersecting) polygon detected.
Warning (line 14965): Invalid (self-intersecting) polygon detected.
Warning (line 14975): Invalid (self-intersecting) polygon detected.
Warning (line 14988): Invalid (self-intersecting) polygon detected.
Warning (line 15001): Invalid (self-intersecting) polygon detected.
Warning (line 15011): Invalid (self-intersecting) polygon detected.
Warning (line 15021): Invalid (self-intersecting) polygon detected.
Warning (line 15031): Invalid (self-intersecting) polygon detected.
Warning (line 15049): Invalid (self-intersecting) polygon detected.
Warning (line 15058): Invalid (self-intersecting) polygon detected.
Warning (line 15067): Invalid (self-intersecting) polygon detected.
Warning (line 15080): Invalid (self-intersecting) polygon detected.
Warning (line 15090): Invalid (self-intersecting) polygon detected.
Warning (line 15100): Invalid (self-intersecting) polygon detected.
Warning (line 15110): Invalid (self-intersecting) polygon detected.
Warning (line 15120): Invalid (self-intersecting) polygon detected.
Warning (line 15133): Invalid (self-intersecting) polygon detected.
Warning (line 15146): Invalid (self-intersecting) polygon detected.
Warning (line 15156): Invalid (self-intersecting) polygon detected.
Warning (line 15166): Invalid (self-intersecting) polygon detected.
Warning (line 15176): Invalid (self-intersecting) polygon detected.
Warning (line 15185): Invalid (self-intersecting) polygon detected.

----------------------------------------------------------------------

14-Dec-18  09:17                                            Page    2

P-CAD ASCII File Open: TDS-1-51.fpc.ERR

======================================================================

Warning (line 15195): Invalid (self-intersecting) polygon detected.
Warning (line 15205): Invalid (self-intersecting) polygon detected.
Warning (line 15218): Invalid (self-intersecting) polygon detected.
Warning (line 15228): Invalid (self-intersecting) polygon detected.
Warning (line 15238): Invalid (self-intersecting) polygon detected.
Warning (line 15296): Invalid (self-intersecting) polygon detected.


Total errors:       0
Total warnings:   119















































----------------------------------------------------------------------

14-Dec-18  09:17                                            Page    3

