P-CAD ASCII File Open: Vibran-Inc-Vist-TFT-008.fpc.ERR

======================================================================

Warning (line 16567): Invalid (self-intersecting) polygon detected.
Warning (line 16577): Invalid (self-intersecting) polygon detected.
Warning (line 16587): Invalid (self-intersecting) polygon detected.
Warning (line 16597): Invalid (self-intersecting) polygon detected.
Warning (line 16607): Invalid (self-intersecting) polygon detected.
Warning (line 16617): Invalid (self-intersecting) polygon detected.
Warning (line 16627): Invalid (self-intersecting) polygon detected.
Warning (line 16637): Invalid (self-intersecting) polygon detected.
Warning (line 16647): Invalid (self-intersecting) polygon detected.
Warning (line 16657): Invalid (self-intersecting) polygon detected.
Warning (line 16667): Invalid (self-intersecting) polygon detected.
Warning (line 16677): Invalid (self-intersecting) polygon detected.
Warning (line 16687): Invalid (self-intersecting) polygon detected.
Warning (line 16697): Invalid (self-intersecting) polygon detected.
Warning (line 16707): Invalid (self-intersecting) polygon detected.
Warning (line 16717): Invalid (self-intersecting) polygon detected.
Warning (line 16726): Invalid (self-intersecting) polygon detected.
Warning (line 16736): Invalid (self-intersecting) polygon detected.
Warning (line 16745): Invalid (self-intersecting) polygon detected.
Warning (line 16754): Invalid (self-intersecting) polygon detected.
Warning (line 16809): Invalid (self-intersecting) polygon detected.
Warning (line 16834): Invalid (self-intersecting) polygon detected.
Warning (line 16847): Invalid (self-intersecting) polygon detected.
Warning (line 16860): Invalid (self-intersecting) polygon detected.
Warning (line 16873): Invalid (self-intersecting) polygon detected.
Warning (line 16886): Invalid (self-intersecting) polygon detected.
Warning (line 16911): Invalid (self-intersecting) polygon detected.
Warning (line 16932): Invalid (self-intersecting) polygon detected.
Warning (line 16949): Invalid (self-intersecting) polygon detected.
Warning (line 16962): Invalid (self-intersecting) polygon detected.
Warning (line 16975): Invalid (self-intersecting) polygon detected.
Warning (line 16988): Invalid (self-intersecting) polygon detected.
Warning (line 17002): Invalid (self-intersecting) polygon detected.
Warning (line 17015): Invalid (self-intersecting) polygon detected.
Warning (line 17028): Invalid (self-intersecting) polygon detected.
Warning (line 17042): Invalid (self-intersecting) polygon detected.
Warning (line 17117): Invalid (self-intersecting) polygon detected.
Warning (line 17130): Invalid (self-intersecting) polygon detected.
Warning (line 17143): Invalid (self-intersecting) polygon detected.
Warning (line 17156): Invalid (self-intersecting) polygon detected.
Warning (line 17169): Invalid (self-intersecting) polygon detected.
Warning (line 17182): Invalid (self-intersecting) polygon detected.
Warning (line 17195): Invalid (self-intersecting) polygon detected.
Warning (line 17208): Invalid (self-intersecting) polygon detected.
Warning (line 17221): Invalid (self-intersecting) polygon detected.
Warning (line 17279): Invalid (self-intersecting) polygon detected.
Warning (line 17292): Invalid (self-intersecting) polygon detected.
Warning (line 17305): Invalid (self-intersecting) polygon detected.
Warning (line 17318): Invalid (self-intersecting) polygon detected.
Warning (line 17331): Invalid (self-intersecting) polygon detected.
Warning (line 17342): Invalid (self-intersecting) polygon detected.
Warning (line 17353): Invalid (self-intersecting) polygon detected.
Warning (line 17406): Invalid (self-intersecting) polygon detected.
Warning (line 17445): Invalid (self-intersecting) polygon detected.
Warning (line 17458): Invalid (self-intersecting) polygon detected.
Warning (line 17471): Invalid (self-intersecting) polygon detected.
Warning (line 17536): Invalid (self-intersecting) polygon detected.
Warning (line 17549): Invalid (self-intersecting) polygon detected.

----------------------------------------------------------------------

06-Dec-18  11:14                                            Page    1

P-CAD ASCII File Open: Vibran-Inc-Vist-TFT-008.fpc.ERR

======================================================================

Warning (line 17562): Invalid (self-intersecting) polygon detected.
Warning (line 17575): Invalid (self-intersecting) polygon detected.
Warning (line 17606): Invalid (self-intersecting) polygon detected.
Warning (line 17619): Invalid (self-intersecting) polygon detected.
Warning (line 17632): Invalid (self-intersecting) polygon detected.
Warning (line 17684): Invalid (self-intersecting) polygon detected.
Warning (line 17697): Invalid (self-intersecting) polygon detected.
Warning (line 17710): Invalid (self-intersecting) polygon detected.
Warning (line 17723): Invalid (self-intersecting) polygon detected.
Warning (line 17736): Invalid (self-intersecting) polygon detected.
Warning (line 17749): Invalid (self-intersecting) polygon detected.
Warning (line 17762): Invalid (self-intersecting) polygon detected.
Warning (line 17775): Invalid (self-intersecting) polygon detected.
Warning (line 17788): Invalid (self-intersecting) polygon detected.
Warning (line 17801): Invalid (self-intersecting) polygon detected.
Warning (line 17814): Invalid (self-intersecting) polygon detected.
Warning (line 17827): Invalid (self-intersecting) polygon detected.
Warning (line 17840): Invalid (self-intersecting) polygon detected.
Warning (line 17853): Invalid (self-intersecting) polygon detected.
Warning (line 17866): Invalid (self-intersecting) polygon detected.
Warning (line 17879): Invalid (self-intersecting) polygon detected.
Warning (line 17892): Invalid (self-intersecting) polygon detected.
Warning (line 17905): Invalid (self-intersecting) polygon detected.
Warning (line 17918): Invalid (self-intersecting) polygon detected.
Warning (line 17931): Invalid (self-intersecting) polygon detected.
Warning (line 17944): Invalid (self-intersecting) polygon detected.
Warning (line 17957): Invalid (self-intersecting) polygon detected.
Warning (line 17970): Invalid (self-intersecting) polygon detected.
Warning (line 17983): Invalid (self-intersecting) polygon detected.
Warning (line 17994): Invalid (self-intersecting) polygon detected.
Warning (line 18005): Invalid (self-intersecting) polygon detected.
Warning (line 18018): Invalid (self-intersecting) polygon detected.
Warning (line 18031): Invalid (self-intersecting) polygon detected.
Warning (line 18044): Invalid (self-intersecting) polygon detected.
Warning (line 18057): Invalid (self-intersecting) polygon detected.
Warning (line 18090): Invalid (self-intersecting) polygon detected.
Warning (line 18137): Invalid (self-intersecting) polygon detected.
Warning (line 18184): Invalid (self-intersecting) polygon detected.
Warning (line 24117): Invalid (self-intersecting) polygon detected.
Warning (line 24188): Invalid (self-intersecting) polygon detected.
Warning (line 24209): Invalid (self-intersecting) polygon detected.
Warning (line 24252): Invalid (self-intersecting) polygon detected.
Warning (line 24273): Invalid (self-intersecting) polygon detected.
Warning (line 24294): Invalid (self-intersecting) polygon detected.
Warning (line 24315): Invalid (self-intersecting) polygon detected.
Warning (line 24336): Invalid (self-intersecting) polygon detected.
Warning (line 24357): Invalid (self-intersecting) polygon detected.
Warning (line 24378): Invalid (self-intersecting) polygon detected.
Warning (line 24399): Invalid (self-intersecting) polygon detected.
Warning (line 24420): Invalid (self-intersecting) polygon detected.
Warning (line 24433): Invalid (self-intersecting) polygon detected.
Warning (line 24454): Invalid (self-intersecting) polygon detected.
Warning (line 24475): Invalid (self-intersecting) polygon detected.
Warning (line 24522): Invalid (self-intersecting) polygon detected.
Warning (line 24543): Invalid (self-intersecting) polygon detected.
Warning (line 24564): Invalid (self-intersecting) polygon detected.
Warning (line 24585): Invalid (self-intersecting) polygon detected.

----------------------------------------------------------------------

06-Dec-18  11:14                                            Page    2

P-CAD ASCII File Open: Vibran-Inc-Vist-TFT-008.fpc.ERR

======================================================================

Warning (line 24606): Invalid (self-intersecting) polygon detected.
Warning (line 24627): Invalid (self-intersecting) polygon detected.
Warning (line 24648): Invalid (self-intersecting) polygon detected.
Warning (line 24669): Invalid (self-intersecting) polygon detected.
Warning (line 24690): Invalid (self-intersecting) polygon detected.
Warning (line 24711): Invalid (self-intersecting) polygon detected.
Warning (line 24722): Invalid (self-intersecting) polygon detected.
Warning (line 24733): Invalid (self-intersecting) polygon detected.
Warning (line 24754): Invalid (self-intersecting) polygon detected.
Warning (line 24775): Invalid (self-intersecting) polygon detected.
Warning (line 24786): Invalid (self-intersecting) polygon detected.
Warning (line 24797): Invalid (self-intersecting) polygon detected.
Warning (line 24808): Invalid (self-intersecting) polygon detected.
Warning (line 24819): Invalid (self-intersecting) polygon detected.
Warning (line 24840): Invalid (self-intersecting) polygon detected.
Warning (line 24851): Invalid (self-intersecting) polygon detected.
Warning (line 24862): Invalid (self-intersecting) polygon detected.
Warning (line 24873): Invalid (self-intersecting) polygon detected.
Warning (line 24884): Invalid (self-intersecting) polygon detected.
Warning (line 24905): Invalid (self-intersecting) polygon detected.
Warning (line 24926): Invalid (self-intersecting) polygon detected.
Warning (line 24947): Invalid (self-intersecting) polygon detected.
Warning (line 24968): Invalid (self-intersecting) polygon detected.
Warning (line 24989): Invalid (self-intersecting) polygon detected.
Warning (line 25014): Invalid (self-intersecting) polygon detected.
Warning (line 25049): Invalid (self-intersecting) polygon detected.
Warning (line 25070): Invalid (self-intersecting) polygon detected.
Warning (line 25091): Invalid (self-intersecting) polygon detected.
Warning (line 25112): Invalid (self-intersecting) polygon detected.
Warning (line 25133): Invalid (self-intersecting) polygon detected.
Warning (line 25154): Invalid (self-intersecting) polygon detected.
Warning (line 25175): Invalid (self-intersecting) polygon detected.
Warning (line 25188): Invalid (self-intersecting) polygon detected.
Warning (line 25573): Invalid (self-intersecting) polygon detected.
Warning (line 25938): Invalid (self-intersecting) polygon detected.
Warning (line 26154): Invalid (self-intersecting) polygon detected.
Warning (line 26289): Invalid (self-intersecting) polygon detected.
Warning (line 26495): Invalid (self-intersecting) polygon detected.
Warning (line 26505): Invalid (self-intersecting) polygon detected.
Warning (line 26515): Invalid (self-intersecting) polygon detected.
Warning (line 26525): Invalid (self-intersecting) polygon detected.
Warning (line 26535): Invalid (self-intersecting) polygon detected.
Warning (line 26545): Invalid (self-intersecting) polygon detected.
Warning (line 26555): Invalid (self-intersecting) polygon detected.
Warning (line 26565): Invalid (self-intersecting) polygon detected.
Warning (line 26575): Invalid (self-intersecting) polygon detected.
Warning (line 26585): Invalid (self-intersecting) polygon detected.
Warning (line 26595): Invalid (self-intersecting) polygon detected.
Warning (line 26605): Invalid (self-intersecting) polygon detected.
Warning (line 26615): Invalid (self-intersecting) polygon detected.
Warning (line 26625): Invalid (self-intersecting) polygon detected.
Warning (line 26635): Invalid (self-intersecting) polygon detected.
Warning (line 26645): Invalid (self-intersecting) polygon detected.
Warning (line 26654): Invalid (self-intersecting) polygon detected.
Warning (line 26664): Invalid (self-intersecting) polygon detected.
Warning (line 26673): Invalid (self-intersecting) polygon detected.
Warning (line 26682): Invalid (self-intersecting) polygon detected.

----------------------------------------------------------------------

06-Dec-18  11:14                                            Page    3

P-CAD ASCII File Open: Vibran-Inc-Vist-TFT-008.fpc.ERR

======================================================================

Warning (line 26737): Invalid (self-intersecting) polygon detected.
Warning (line 26762): Invalid (self-intersecting) polygon detected.
Warning (line 26775): Invalid (self-intersecting) polygon detected.
Warning (line 26788): Invalid (self-intersecting) polygon detected.
Warning (line 26801): Invalid (self-intersecting) polygon detected.
Warning (line 26814): Invalid (self-intersecting) polygon detected.
Warning (line 26839): Invalid (self-intersecting) polygon detected.
Warning (line 26860): Invalid (self-intersecting) polygon detected.
Warning (line 26877): Invalid (self-intersecting) polygon detected.
Warning (line 26890): Invalid (self-intersecting) polygon detected.
Warning (line 26903): Invalid (self-intersecting) polygon detected.
Warning (line 26916): Invalid (self-intersecting) polygon detected.
Warning (line 26930): Invalid (self-intersecting) polygon detected.
Warning (line 26943): Invalid (self-intersecting) polygon detected.
Warning (line 26956): Invalid (self-intersecting) polygon detected.
Warning (line 26970): Invalid (self-intersecting) polygon detected.
Warning (line 27045): Invalid (self-intersecting) polygon detected.
Warning (line 27058): Invalid (self-intersecting) polygon detected.
Warning (line 27071): Invalid (self-intersecting) polygon detected.
Warning (line 27084): Invalid (self-intersecting) polygon detected.
Warning (line 27097): Invalid (self-intersecting) polygon detected.
Warning (line 27110): Invalid (self-intersecting) polygon detected.
Warning (line 27123): Invalid (self-intersecting) polygon detected.
Warning (line 27136): Invalid (self-intersecting) polygon detected.
Warning (line 27149): Invalid (self-intersecting) polygon detected.
Warning (line 27207): Invalid (self-intersecting) polygon detected.
Warning (line 27220): Invalid (self-intersecting) polygon detected.
Warning (line 27233): Invalid (self-intersecting) polygon detected.
Warning (line 27246): Invalid (self-intersecting) polygon detected.
Warning (line 27259): Invalid (self-intersecting) polygon detected.
Warning (line 27270): Invalid (self-intersecting) polygon detected.
Warning (line 27281): Invalid (self-intersecting) polygon detected.
Warning (line 27334): Invalid (self-intersecting) polygon detected.
Warning (line 27373): Invalid (self-intersecting) polygon detected.
Warning (line 27386): Invalid (self-intersecting) polygon detected.
Warning (line 27399): Invalid (self-intersecting) polygon detected.
Warning (line 27464): Invalid (self-intersecting) polygon detected.
Warning (line 27477): Invalid (self-intersecting) polygon detected.
Warning (line 27490): Invalid (self-intersecting) polygon detected.
Warning (line 27503): Invalid (self-intersecting) polygon detected.
Warning (line 27534): Invalid (self-intersecting) polygon detected.
Warning (line 27547): Invalid (self-intersecting) polygon detected.
Warning (line 27560): Invalid (self-intersecting) polygon detected.
Warning (line 27612): Invalid (self-intersecting) polygon detected.
Warning (line 27625): Invalid (self-intersecting) polygon detected.
Warning (line 27638): Invalid (self-intersecting) polygon detected.
Warning (line 27651): Invalid (self-intersecting) polygon detected.
Warning (line 27664): Invalid (self-intersecting) polygon detected.
Warning (line 27677): Invalid (self-intersecting) polygon detected.
Warning (line 27690): Invalid (self-intersecting) polygon detected.
Warning (line 27703): Invalid (self-intersecting) polygon detected.
Warning (line 27716): Invalid (self-intersecting) polygon detected.
Warning (line 27729): Invalid (self-intersecting) polygon detected.
Warning (line 27742): Invalid (self-intersecting) polygon detected.
Warning (line 27755): Invalid (self-intersecting) polygon detected.
W