P-CAD ASCII File Open: Vibran-4-15.fpc.ERR

======================================================================

Warning (line 21762): Invalid (self-intersecting) polygon detected.
Warning (line 22256): Invalid (self-intersecting) polygon detected.
Warning (line 22265): Invalid (self-intersecting) polygon detected.
Warning (line 22274): Invalid (self-intersecting) polygon detected.
Warning (line 22283): Invalid (self-intersecting) polygon detected.
Warning (line 22292): Invalid (self-intersecting) polygon detected.
Warning (line 22301): Invalid (self-intersecting) polygon detected.
Warning (line 22310): Invalid (self-intersecting) polygon detected.
Warning (line 22319): Invalid (self-intersecting) polygon detected.
Warning (line 22328): Invalid (self-intersecting) polygon detected.
Warning (line 22337): Invalid (self-intersecting) polygon detected.
Warning (line 22346): Invalid (self-intersecting) polygon detected.
Warning (line 22355): Invalid (self-intersecting) polygon detected.
Warning (line 22364): Invalid (self-intersecting) polygon detected.
Warning (line 22373): Invalid (self-intersecting) polygon detected.
Warning (line 22382): Invalid (self-intersecting) polygon detected.
Warning (line 22391): Invalid (self-intersecting) polygon detected.
Warning (line 22400): Invalid (self-intersecting) polygon detected.
Warning (line 22409): Invalid (self-intersecting) polygon detected.
Warning (line 22436): Invalid (self-intersecting) polygon detected.
Warning (line 22445): Invalid (self-intersecting) polygon detected.
Warning (line 22454): Invalid (self-intersecting) polygon detected.
Warning (line 22463): Invalid (self-intersecting) polygon detected.
Warning (line 22472): Invalid (self-intersecting) polygon detected.
Warning (line 22481): Invalid (self-intersecting) polygon detected.
Warning (line 22490): Invalid (self-intersecting) polygon detected.
Warning (line 22499): Invalid (self-intersecting) polygon detected.
Warning (line 22508): Invalid (self-intersecting) polygon detected.
Warning (line 22517): Invalid (self-intersecting) polygon detected.
Warning (line 26624): Invalid (self-intersecting) polygon detected.
Warning (line 26973): Invalid (self-intersecting) polygon detected.
Warning (line 27010): Invalid (self-intersecting) polygon detected.
Warning (line 27095): Invalid (self-intersecting) polygon detected.
Warning (line 27132): Invalid (self-intersecting) polygon detected.
Warning (line 27145): Invalid (self-intersecting) polygon detected.
Warning (line 27158): Invalid (self-intersecting) polygon detected.
Warning (line 27171): Invalid (self-intersecting) polygon detected.
Warning (line 27184): Invalid (self-intersecting) polygon detected.
Warning (line 27197): Invalid (self-intersecting) polygon detected.
Warning (line 27210): Invalid (self-intersecting) polygon detected.
Warning (line 27223): Invalid (self-intersecting) polygon detected.
Warning (line 27236): Invalid (self-intersecting) polygon detected.
Warning (line 27249): Invalid (self-intersecting) polygon detected.
Warning (line 27262): Invalid (self-intersecting) polygon detected.
Warning (line 27275): Invalid (self-intersecting) polygon detected.
Warning (line 27288): Invalid (self-intersecting) polygon detected.
Warning (line 27301): Invalid (self-intersecting) polygon detected.
Warning (line 27314): Invalid (self-intersecting) polygon detected.
Warning (line 27327): Invalid (self-intersecting) polygon detected.
Warning (line 27340): Invalid (self-intersecting) polygon detected.
Warning (line 27353): Invalid (self-intersecting) polygon detected.
Warning (line 27366): Invalid (self-intersecting) polygon detected.
Warning (line 27387): Invalid (self-intersecting) polygon detected.
Warning (line 27408): Invalid (self-intersecting) polygon detected.
Warning (line 27429): Invalid (self-intersecting) polygon detected.
Warning (line 27476): Invalid (self-intersecting) polygon detected.
Warning (line 27489): Invalid (self-intersecting) polygon detected.
Warning (line 27510): Invalid (self-intersecting) polygon detected.

----------------------------------------------------------------------

10-Apr-19  09:52                                            Page    1

P-CAD ASCII File Open: Vibran-4-15.fpc.ERR

======================================================================

Warning (line 27523): Invalid (self-intersecting) polygon detected.
Warning (line 27536): Invalid (self-intersecting) polygon detected.
Warning (line 27549): Invalid (self-intersecting) polygon detected.
Warning (line 27562): Invalid (self-intersecting) polygon detected.
Warning (line 27575): Invalid (self-intersecting) polygon detected.
Warning (line 27588): Invalid (self-intersecting) polygon detected.
Warning (line 27605): Invalid (self-intersecting) polygon detected.
Warning (line 27618): Invalid (self-intersecting) polygon detected.
Warning (line 27631): Invalid (self-intersecting) polygon detected.
Warning (line 27644): Invalid (self-intersecting) polygon detected.
Warning (line 27653): Invalid (self-intersecting) polygon detected.
Warning (line 27668): Invalid (self-intersecting) polygon detected.
Warning (line 27677): Invalid (self-intersecting) polygon detected.
Warning (line 27690): Invalid (self-intersecting) polygon detected.
Warning (line 27703): Invalid (self-intersecting) polygon detected.
Warning (line 27716): Invalid (self-intersecting) polygon detected.
Warning (line 27735): Invalid (self-intersecting) polygon detected.
Warning (line 28706): Invalid (self-intersecting) polygon detected.
Warning (line 28944): Invalid (self-intersecting) polygon detected.
Warning (line 29380): Invalid (self-intersecting) polygon detected.
Warning (line 29660): Invalid (self-intersecting) polygon detected.
Warning (line 29669): Invalid (self-intersecting) polygon detected.
Warning (line 30074): Invalid (self-intersecting) polygon detected.
Warning (line 30481): Invalid (self-intersecting) polygon detected.
Warning (line 30724): Invalid (self-intersecting) polygon detected.
Warning (line 30733): Invalid (self-intersecting) polygon detected.
Warning (line 30742): Invalid (self-intersecting) polygon detected.
Warning (line 30751): Invalid (self-intersecting) polygon detected.
Warning (line 30760): Invalid (self-intersecting) polygon detected.
Warning (line 30769): Invalid (self-intersecting) polygon detected.
Warning (line 30778): Invalid (self-intersecting) polygon detected.
Warning (line 30787): Invalid (self-intersecting) polygon detected.
Warning (line 30796): Invalid (self-intersecting) polygon detected.
Warning (line 30805): Invalid (self-intersecting) polygon detected.
Warning (line 30814): Invalid (self-intersecting) polygon detected.
Warning (line 30823): Invalid (self-intersecting) polygon detected.
Warning (line 30832): Invalid (self-intersecting) polygon detected.
Warning (line 30841): Invalid (self-intersecting) polygon detected.
Warning (line 30850): Invalid (self-intersecting) polygon detected.
Warning (line 30859): Invalid (self-intersecting) polygon detected.
Warning (line 30868): Invalid (self-intersecting) polygon detected.
Warning (line 30877): Invalid (self-intersecting) polygon detected.
Warning (line 30904): Invalid (self-intersecting) polygon detected.
Warning (line 30913): Invalid (self-intersecting) polygon detected.
Warning (line 30922): Invalid (self-intersecting) polygon detected.
Warning (line 30931): Invalid (self-intersecting) polygon detected.
Warning (line 30940): Invalid (self-intersecting) polygon detected.
Warning (line 30949): Invalid (self-intersecting) polygon detected.
Warning (line 30958): Invalid (self-intersecting) polygon detected.
Warning (line 30967): Invalid (self-intersecting) polygon detected.
Warning (line 30976): Invalid (self-intersecting) polygon detected.
Warning (line 30985): Invalid (self-intersecting) polygon detected.


Total errors:       0
Total warnings:   110

----------------------------------------------------------------------

10-Apr-19  09:52                                            Page    2

