P-CAD ASCII File Open: Vibran-Inc-Vist-TFT-010.fpc.ERR

======================================================================

Warning (line 5621): Invalid RefDes: 'C26-2'.  Please remove any dashes, spaces,

	tabs, commas, or colons.
Warning (line 5625): Invalid RefDes: 'C27-2'.  Please remove any dashes, spaces,

	tabs, commas, or colons.
Warning (line 5629): Invalid RefDes: 'C30-2'.  Please remove any dashes, spaces,

	tabs, commas, or colons.
Warning (line 5633): Invalid RefDes: 'C35-2'.  Please remove any dashes, spaces,

	tabs, commas, or colons.
Warning (line 13297): Invalid (self-intersecting) polygon detected.
Warning (line 13307): Invalid (self-intersecting) polygon detected.
Warning (line 13317): Invalid (self-intersecting) polygon detected.
Warning (line 13327): Invalid (self-intersecting) polygon detected.
Warning (line 13336): Invalid (self-intersecting) polygon detected.
Warning (line 13345): Invalid (self-intersecting) polygon detected.
Warning (line 13354): Invalid (self-intersecting) polygon detected.
Warning (line 13363): Invalid (self-intersecting) polygon detected.
Warning (line 13372): Invalid (self-intersecting) polygon detected.
Warning (line 13381): Invalid (self-intersecting) polygon detected.
Warning (line 13391): Invalid (self-intersecting) polygon detected.
Warning (line 13401): Invalid (self-intersecting) polygon detected.
Warning (line 13411): Invalid (self-intersecting) polygon detected.
Warning (line 13421): Invalid (self-intersecting) polygon detected.
Warning (line 13431): Invalid (self-intersecting) polygon detected.
Warning (line 13441): Invalid (self-intersecting) polygon detected.
Warning (line 13451): Invalid (self-intersecting) polygon detected.
Warning (line 13461): Invalid (self-intersecting) polygon detected.
Warning (line 13471): Invalid (self-intersecting) polygon detected.
Warning (line 13481): Invalid (self-intersecting) polygon detected.
Warning (line 13491): Invalid (self-intersecting) polygon detected.
Warning (line 13501): Invalid (self-intersecting) polygon detected.
Warning (line 13510): Invalid (self-intersecting) polygon detected.
Warning (line 13520): Invalid (self-intersecting) polygon detected.
Warning (line 13529): Invalid (self-intersecting) polygon detected.
Warning (line 13538): Invalid (self-intersecting) polygon detected.
Warning (line 13547): Invalid (self-intersecting) polygon detected.
Warning (line 13556): Invalid (self-intersecting) polygon detected.
Warning (line 13565): Invalid (self-intersecting) polygon detected.
Warning (line 13574): Invalid (self-intersecting) polygon detected.
Warning (line 13605): Invalid (self-intersecting) polygon detected.
Warning (line 13652): Invalid (self-intersecting) polygon detected.
Warning (line 13665): Invalid (self-intersecting) polygon detected.
Warning (line 13674): Invalid (self-intersecting) polygon detected.
Warning (line 13683): Invalid (self-intersecting) polygon detected.
Warning (line 13692): Invalid (self-intersecting) polygon detected.
Warning (line 13701): Invalid (self-intersecting) polygon detected.
Warning (line 13714): Invalid (self-intersecting) polygon detected.
Warning (line 13727): Invalid (self-intersecting) polygon detected.
Warning (line 13736): Invalid (self-intersecting) polygon detected.
Warning (line 13745): Invalid (self-intersecting) polygon detected.
Warning (line 13754): Invalid (self-intersecting) polygon detected.
Warning (line 13763): Invalid (self-intersecting) polygon detected.
Warning (line 13772): Invalid (self-intersecting) polygon detected.
Warning (line 13781): Invalid (self-intersecting) polygon detected.
Warning (line 13790): Invalid (self-intersecting) polygon detected.

----------------------------------------------------------------------

07-Dec-18  12:57                                            Page    1

P-CAD ASCII File Open: Vibran-Inc-Vist-TFT-010.fpc.ERR

======================================================================

Warning (line 13799): Invalid (self-intersecting) polygon detected.
Warning (line 13808): Invalid (self-intersecting) polygon detected.
Warning (line 17447): Invalid (self-intersecting) polygon detected.
Warning (line 17460): Invalid (self-intersecting) polygon detected.
Warning (line 17473): Invalid (self-intersecting) polygon detected.
Warning (line 17486): Invalid (self-intersecting) polygon detected.
Warning (line 17496): Invalid (self-intersecting) polygon detected.
Warning (line 17506): Invalid (self-intersecting) polygon detected.
Warning (line 17519): Invalid (self-intersecting) polygon detected.
Warning (line 17544): Invalid (self-intersecting) polygon detected.
Warning (line 17557): Invalid (self-intersecting) polygon detected.
Warning (line 17570): Invalid (self-intersecting) polygon detected.
Warning (line 17583): Invalid (self-intersecting) polygon detected.
Warning (line 17596): Invalid (self-intersecting) polygon detected.
Warning (line 17609): Invalid (self-intersecting) polygon detected.
Warning (line 17622): Invalid (self-intersecting) polygon detected.
Warning (line 17651): Invalid (self-intersecting) polygon detected.
Warning (line 17664): Invalid (self-intersecting) polygon detected.
Warning (line 17677): Invalid (self-intersecting) polygon detected.
Warning (line 17690): Invalid (self-intersecting) polygon detected.
Warning (line 17703): Invalid (self-intersecting) polygon detected.
Warning (line 17716): Invalid (self-intersecting) polygon detected.
Warning (line 17729): Invalid (self-intersecting) polygon detected.
Warning (line 17894): Invalid (self-intersecting) polygon detected.
Warning (line 17907): Invalid (self-intersecting) polygon detected.
Warning (line 17920): Invalid (self-intersecting) polygon detected.
Warning (line 17933): Invalid (self-intersecting) polygon detected.
Warning (line 17946): Invalid (self-intersecting) polygon detected.
Warning (line 17959): Invalid (self-intersecting) polygon detected.
Warning (line 17972): Invalid (self-intersecting) polygon detected.
Warning (line 17985): Invalid (self-intersecting) polygon detected.
Warning (line 17998): Invalid (self-intersecting) polygon detected.
Warning (line 18011): Invalid (self-intersecting) polygon detected.
Warning (line 18021): Invalid (self-intersecting) polygon detected.
Warning (line 18031): Invalid (self-intersecting) polygon detected.
Warning (line 18041): Invalid (self-intersecting) polygon detected.
Warning (line 18051): Invalid (self-intersecting) polygon detected.
Warning (line 18064): Invalid (self-intersecting) polygon detected.
Warning (line 18074): Invalid (self-intersecting) polygon detected.
Warning (line 18084): Invalid (self-intersecting) polygon detected.
Warning (line 18094): Invalid (self-intersecting) polygon detected.
Warning (line 18104): Invalid (self-intersecting) polygon detected.
Warning (line 18117): Invalid (self-intersecting) polygon detected.
Warning (line 18130): Invalid (self-intersecting) polygon detected.
Warning (line 18143): Invalid (self-intersecting) polygon detected.
Warning (line 18156): Invalid (self-intersecting) polygon detected.
Warning (line 18169): Invalid (self-intersecting) polygon detected.
Warning (line 18182): Invalid (self-intersecting) polygon detected.
Warning (line 18195): Invalid (self-intersecting) polygon detected.
Warning (line 18208): Invalid (self-intersecting) polygon detected.
Warning (line 18227): Invalid (self-intersecting) polygon detected.
Warning (line 18240): Invalid (self-intersecting) polygon detected.
Warning (line 18249): Invalid (self-intersecting) polygon detected.
Warning (line 18627): Invalid (self-intersecting) polygon detected.
Warning (line 18983): Invalid (self-intersecting) polygon detected.
Warning (line 19199): Invalid (self-intersecting) polygon detected.
Warning (line 19335): Invalid (self-intersecting) polygon detected.

----------------------------------------------------------------------

07-Dec-18  12:57                                            Page    2

P-CAD ASCII File Open: Vibran-Inc-Vist-TFT-010.fpc.ERR

======================================================================

Warning (line 19537): Invalid (self-intersecting) polygon detected.
Warning (line 19547): Invalid (self-intersecting) polygon detected.
Warning (line 19557): Invalid (self-intersecting) polygon detected.
Warning (line 19567): Invalid (self-intersecting) polygon detected.
Warning (line 19576): Invalid (self-intersecting) polygon detected.
Warning (line 19585): Invalid (self-intersecting) polygon detected.
Warning (line 19594): Invalid (self-intersecting) polygon detected.
Warning (line 19603): Invalid (self-intersecting) polygon detected.
Warning (line 19612): Invalid (self-intersecting) polygon detected.
Warning (line 19621): Invalid (self-intersecting) polygon detected.
Warning (line 19631): Invalid (self-intersecting) polygon detected.
Warning (line 19641): Invalid (self-intersecting) polygon detected.
Warning (line 19651): Invalid (self-intersecting) polygon detected.
Warning (line 19661): Invalid (self-intersecting) polygon detected.
Warning (line 19671): Invalid (self-intersecting) polygon detected.
Warning (line 19681): Invalid (self-intersecting) polygon detected.
Warning (line 19691): Invalid (self-intersecting) polygon detected.
Warning (line 19701): Invalid (self-intersecting) polygon detected.
Warning (line 19711): Invalid (self-intersecting) polygon detected.
Warning (line 19721): Invalid (self-intersecting) polygon detected.
Warning (line 19731): Invalid (self-intersecting) polygon detected.
Warning (line 19741): Invalid (self-intersecting) polygon detected.
Warning (line 19750): Invalid (self-intersecting) polygon detected.
Warning (line 19760): Invalid (self-intersecting) polygon detected.
Warning (line 19769): Invalid (self-intersecting) polygon detected.
Warning (line 19778): Invalid (self-intersecting) polygon detected.
Warning (line 19787): Invalid (self-intersecting) polygon detected.
Warning (line 19796): Invalid (self-intersecting) polygon detected.
Warning (line 19805): Invalid (self-intersecting) polygon detected.
Warning (line 19814): Invalid (self-intersecting) polygon detected.
Warning (line 19845): Invalid (self-intersecting) polygon detected.
Warning (line 19892): Invalid (self-intersecting) polygon detected.
Warning (line 19905): Invalid (self-intersecting) polygon detected.
Warning (line 19914): Invalid (self-intersecting) polygon detected.
Warning (line 19923): Invalid (self-intersecting) polygon detected.
Warning (line 19932): Invalid (self-intersecting) polygon detected.
Warning (line 19941): Invalid (self-intersecting) polygon detected.
Warning (line 19954): Invalid (self-intersecting) polygon detected.
Warning (line 19967): Invalid (self-intersecting) polygon detected.
Warning (line 19976): Invalid (self-intersecting) polygon detected.
Warning (line 19985): Invalid (self-intersecting) polygon detected.
Warning (line 19994): Invalid (self-intersecting) polygon detected.
Warning (line 20003): Invalid (self-intersecting) polygon detected.
Warning (line 20012): Invalid (self-intersecting) polygon detected.
Warning (line 20021): Invalid (self-intersecting) polygon detected.
Warning (line 20030): Invalid (self-intersecting) polygon detected.
Warning (line 20039): Invalid (self-intersecting) polygon detected.
Warning (line 20048): Invalid (self-intersecting) polygon detected.
Error   (line 20115): Could not add object to layer 0.


Total errors:       1
Total warnings:   155




----------------------------------------------------------------------

07-Dec-18  12:57                                            Page    3

