P-CAD ASCII File Open: Vibran-Inc-Vist-TFT-002.fpc.ERR

======================================================================

Warning (line 14193): Invalid (self-intersecting) polygon detected.
Warning (line 14214): Invalid (self-intersecting) polygon detected.
Warning (line 14241): Invalid (self-intersecting) polygon detected.
Warning (line 14282): Invalid (self-intersecting) polygon detected.
Warning (line 14327): Invalid (self-intersecting) polygon detected.
Warning (line 14960): Invalid (self-intersecting) polygon detected.
Warning (line 15465): Invalid (self-intersecting) polygon detected.
Warning (line 15936): Invalid (self-intersecting) polygon detected.
Warning (line 16013): Invalid (self-intersecting) polygon detected.
Warning (line 16158): Invalid (self-intersecting) polygon detected.
Warning (line 16402): Invalid (self-intersecting) polygon detected.
Warning (line 16674): Invalid (self-intersecting) polygon detected.
Warning (line 16945): Invalid (self-intersecting) polygon detected.
Warning (line 17237): Invalid (self-intersecting) polygon detected.
Warning (line 17585): Invalid (self-intersecting) polygon detected.
Warning (line 17859): Invalid (self-intersecting) polygon detected.
Warning (line 18092): Invalid (self-intersecting) polygon detected.
Warning (line 18382): Invalid (self-intersecting) polygon detected.
Warning (line 18534): Invalid (self-intersecting) polygon detected.
Warning (line 18555): Invalid (self-intersecting) polygon detected.
Warning (line 18582): Invalid (self-intersecting) polygon detected.
Warning (line 18623): Invalid (self-intersecting) polygon detected.
Warning (line 18668): Invalid (self-intersecting) polygon detected.


Total errors:       0
Total warnings:    23































----------------------------------------------------------------------

06-Dec-18  11:04                                            Page    1

