P-CAD ASCII File Open: Vibran-TFT-011.fpc.ERR

======================================================================

Warning (line 5413): Invalid RefDes: 'C26-2'.  Please remove any dashes, spaces,

	tabs, commas, or colons.
Warning (line 5417): Invalid RefDes: 'C27-2'.  Please remove any dashes, spaces,

	tabs, commas, or colons.
Warning (line 5421): Invalid RefDes: 'C30-2'.  Please remove any dashes, spaces,

	tabs, commas, or colons.
Warning (line 12722): Invalid (self-intersecting) polygon detected.
Warning (line 12732): Invalid (self-intersecting) polygon detected.
Warning (line 12742): Invalid (self-intersecting) polygon detected.
Warning (line 12752): Invalid (self-intersecting) polygon detected.
Warning (line 12761): Invalid (self-intersecting) polygon detected.
Warning (line 12770): Invalid (self-intersecting) polygon detected.
Warning (line 12779): Invalid (self-intersecting) polygon detected.
Warning (line 12788): Invalid (self-intersecting) polygon detected.
Warning (line 12797): Invalid (self-intersecting) polygon detected.
Warning (line 12806): Invalid (self-intersecting) polygon detected.
Warning (line 12816): Invalid (self-intersecting) polygon detected.
Warning (line 12826): Invalid (self-intersecting) polygon detected.
Warning (line 12836): Invalid (self-intersecting) polygon detected.
Warning (line 12846): Invalid (self-intersecting) polygon detected.
Warning (line 12856): Invalid (self-intersecting) polygon detected.
Warning (line 12866): Invalid (self-intersecting) polygon detected.
Warning (line 12876): Invalid (self-intersecting) polygon detected.
Warning (line 12886): Invalid (self-intersecting) polygon detected.
Warning (line 12896): Invalid (self-intersecting) polygon detected.
Warning (line 12906): Invalid (self-intersecting) polygon detected.
Warning (line 12916): Invalid (self-intersecting) polygon detected.
Warning (line 12926): Invalid (self-intersecting) polygon detected.
Warning (line 12935): Invalid (self-intersecting) polygon detected.
Warning (line 12945): Invalid (self-intersecting) polygon detected.
Warning (line 12954): Invalid (self-intersecting) polygon detected.
Warning (line 12963): Invalid (self-intersecting) polygon detected.
Warning (line 12972): Invalid (self-intersecting) polygon detected.
Warning (line 12981): Invalid (self-intersecting) polygon detected.
Warning (line 12990): Invalid (self-intersecting) polygon detected.
Warning (line 12999): Invalid (self-intersecting) polygon detected.
Warning (line 13030): Invalid (self-intersecting) polygon detected.
Warning (line 13077): Invalid (self-intersecting) polygon detected.
Warning (line 13090): Invalid (self-intersecting) polygon detected.
Warning (line 13099): Invalid (self-intersecting) polygon detected.
Warning (line 13108): Invalid (self-intersecting) polygon detected.
Warning (line 13117): Invalid (self-intersecting) polygon detected.
Warning (line 13126): Invalid (self-intersecting) polygon detected.
Warning (line 13139): Invalid (self-intersecting) polygon detected.
Warning (line 13152): Invalid (self-intersecting) polygon detected.
Warning (line 13161): Invalid (self-intersecting) polygon detected.
Warning (line 13170): Invalid (self-intersecting) polygon detected.
Warning (line 13179): Invalid (self-intersecting) polygon detected.
Warning (line 13188): Invalid (self-intersecting) polygon detected.
Warning (line 13197): Invalid (self-intersecting) polygon detected.
Warning (line 13206): Invalid (self-intersecting) polygon detected.
Warning (line 13215): Invalid (self-intersecting) polygon detected.
Warning (line 13224): Invalid (self-intersecting) polygon detected.
Warning (line 13233): Invalid (self-intersecting) polygon detected.
Warning (line 16595): Invalid (self-intersecting) polygon detected.

----------------------------------------------------------------------

06-Feb-19  09:46                                            Page    1

P-CAD ASCII File Open: Vibran-TFT-011.fpc.ERR

======================================================================

Warning (line 16608): Invalid (self-intersecting) polygon detected.
Warning (line 16621): Invalid (self-intersecting) polygon detected.
Warning (line 16662): Invalid (self-intersecting) polygon detected.
Warning (line 16675): Invalid (self-intersecting) polygon detected.
Warning (line 16688): Invalid (self-intersecting) polygon detected.
Warning (line 16701): Invalid (self-intersecting) polygon detected.
Warning (line 16722): Invalid (self-intersecting) polygon detected.
Warning (line 16735): Invalid (self-intersecting) polygon detected.
Warning (line 16748): Invalid (self-intersecting) polygon detected.
Warning (line 16761): Invalid (self-intersecting) polygon detected.
Warning (line 16774): Invalid (self-intersecting) polygon detected.
Warning (line 16787): Invalid (self-intersecting) polygon detected.
Warning (line 16800): Invalid (self-intersecting) polygon detected.
Warning (line 16838): Invalid (self-intersecting) polygon detected.
Warning (line 16851): Invalid (self-intersecting) polygon detected.
Warning (line 16872): Invalid (self-intersecting) polygon detected.
Warning (line 16885): Invalid (self-intersecting) polygon detected.
Warning (line 16898): Invalid (self-intersecting) polygon detected.
Warning (line 16911): Invalid (self-intersecting) polygon detected.
Warning (line 16930): Invalid (self-intersecting) polygon detected.
Warning (line 16943): Invalid (self-intersecting) polygon detected.
Warning (line 16956): Invalid (self-intersecting) polygon detected.
Warning (line 16969): Invalid (self-intersecting) polygon detected.
Warning (line 16982): Invalid (self-intersecting) polygon detected.
Warning (line 16995): Invalid (self-intersecting) polygon detected.
Warning (line 17008): Invalid (self-intersecting) polygon detected.
Warning (line 17021): Invalid (self-intersecting) polygon detected.
Warning (line 17048): Invalid (self-intersecting) polygon detected.
Warning (line 17064): Invalid (self-intersecting) polygon detected.
Warning (line 17077): Invalid (self-intersecting) polygon detected.
Warning (line 17090): Invalid (self-intersecting) polygon detected.
Warning (line 17103): Invalid (self-intersecting) polygon detected.
Warning (line 17116): Invalid (self-intersecting) polygon detected.
Warning (line 17129): Invalid (self-intersecting) polygon detected.
Warning (line 17142): Invalid (self-intersecting) polygon detected.
Warning (line 17155): Invalid (self-intersecting) polygon detected.
Warning (line 17168): Invalid (self-intersecting) polygon detected.
Warning (line 17181): Invalid (self-intersecting) polygon detected.
Warning (line 17194): Invalid (self-intersecting) polygon detected.
Warning (line 17207): Invalid (self-intersecting) polygon detected.
Warning (line 17220): Invalid (self-intersecting) polygon detected.
Warning (line 17233): Invalid (self-intersecting) polygon detected.
Warning (line 17246): Invalid (self-intersecting) polygon detected.
Warning (line 17259): Invalid (self-intersecting) polygon detected.
Warning (line 17272): Invalid (self-intersecting) polygon detected.
Warning (line 17285): Invalid (self-intersecting) polygon detected.
Warning (line 17298): Invalid (self-intersecting) polygon detected.
Warning (line 17311): Invalid (self-intersecting) polygon detected.
Warning (line 17693): Invalid (self-intersecting) polygon detected.
Warning (line 17967): Invalid (self-intersecting) polygon detected.
Warning (line 18109): Invalid (self-intersecting) polygon detected.
Warning (line 18327): Invalid (self-intersecting) polygon detected.
Warning (line 18466): Invalid (self-intersecting) polygon detected.
Warning (line 18670): Invalid (self-intersecting) polygon detected.
Warning (line 18680): Invalid (self-intersecting) polygon detected.
Warning (line 18690): Invalid (self-intersecting) polygon detected.
Warning (line 18700): Invalid (self-intersecting) polygon detected.

----------------------------------------------------------------------

06-Feb-19  09:46                                            Page    2

P-CAD ASCII File Open: Vibran-TFT-011.fpc.ERR

======================================================================

Warning (line