P-CAD ASCII File Open: Vibran-4-14.fpc.ERR

======================================================================

Warning (line 20597): Invalid (self-intersecting) polygon detected.
Warning (line 20871): Invalid (self-intersecting) polygon detected.
Warning (line 21130): Invalid (self-intersecting) polygon detected.
Warning (line 21143): Invalid (self-intersecting) polygon detected.
Warning (line 21156): Invalid (self-intersecting) polygon detected.
Warning (line 21169): Invalid (self-intersecting) polygon detected.
Warning (line 21182): Invalid (self-intersecting) polygon detected.
Warning (line 21195): Invalid (self-intersecting) polygon detected.
Warning (line 21208): Invalid (self-intersecting) polygon detected.
Warning (line 21217): Invalid (self-intersecting) polygon detected.
Warning (line 21226): Invalid (self-intersecting) polygon detected.
Warning (line 21235): Invalid (self-intersecting) polygon detected.
Warning (line 21244): Invalid (self-intersecting) polygon detected.
Warning (line 21253): Invalid (self-intersecting) polygon detected.
Warning (line 21262): Invalid (self-intersecting) polygon detected.
Warning (line 21271): Invalid (self-intersecting) polygon detected.
Warning (line 21280): Invalid (self-intersecting) polygon detected.
Warning (line 21302): Invalid (self-intersecting) polygon detected.
Warning (line 21311): Invalid (self-intersecting) polygon detected.
Warning (line 21330): Invalid (self-intersecting) polygon detected.
Warning (line 21340): Invalid (self-intersecting) polygon detected.
Warning (line 21350): Invalid (self-intersecting) polygon detected.
Warning (line 21360): Invalid (self-intersecting) polygon detected.
Warning (line 21370): Invalid (self-intersecting) polygon detected.
Warning (line 21526): Invalid (self-intersecting) polygon detected.
Warning (line 21535): Invalid (self-intersecting) polygon detected.
Warning (line 21544): Invalid (self-intersecting) polygon detected.
Warning (line 21553): Invalid (self-intersecting) polygon detected.
Warning (line 21562): Invalid (self-intersecting) polygon detected.
Warning (line 21571): Invalid (self-intersecting) polygon detected.
Warning (line 21580): Invalid (self-intersecting) polygon detected.
Warning (line 21589): Invalid (self-intersecting) polygon detected.
Warning (line 21598): Invalid (self-intersecting) polygon detected.
Warning (line 21607): Invalid (self-intersecting) polygon detected.
Warning (line 24380): Invalid (self-intersecting) polygon detected.
Warning (line 24393): Invalid (self-intersecting) polygon detected.
Warning (line 24406): Invalid (self-intersecting) polygon detected.
Warning (line 24419): Invalid (self-intersecting) polygon detected.
Warning (line 24432): Invalid (self-intersecting) polygon detected.
Warning (line 24445): Invalid (self-intersecting) polygon detected.
Warning (line 24482): Invalid (self-intersecting) polygon detected.
Warning (line 24495): Invalid (self-intersecting) polygon detected.
Warning (line 24508): Invalid (self-intersecting) polygon detected.
Warning (line 24521): Invalid (self-intersecting) polygon detected.
Warning (line 24562): Invalid (self-intersecting) polygon detected.
Warning (line 24587): Invalid (self-intersecting) polygon detected.
Warning (line 24606): Invalid (self-intersecting) polygon detected.
Warning (line 24619): Invalid (self-intersecting) polygon detected.
Warning (line 24632): Invalid (self-intersecting) polygon detected.
Warning (line 24645): Invalid (self-intersecting) polygon detected.
Warning (line 24658): Invalid (self-intersecting) polygon detected.
Warning (line 24671): Invalid (self-intersecting) polygon detected.
Warning (line 24684): Invalid (self-intersecting) polygon detected.
Warning (line 24697): Invalid (self-intersecting) polygon detected.
Warning (line 24710): Invalid (self-intersecting) polygon detected.
Warning (line 24723): Invalid (self-intersecting) polygon detected.
Warning (line 24768): Invalid (self-intersecting) polygon detected.
Warning (line 24781): Invalid (self-intersecting) polygon detected.

----------------------------------------------------------------------

22-Oct-18  17:43                                            Page    1

P-CAD ASCII File Open: Vibran-4-14.fpc.ERR

======================================================================

Warning (line 24794): Invalid (self-intersecting) polygon detected.
Warning (line 24831): Invalid (self-intersecting) polygon detected.
Warning (line 24868): Invalid (self-intersecting) polygon detected.
Warning (line 24887): Invalid (self-intersecting) polygon detected.
Warning (line 24906): Invalid (self-intersecting) polygon detected.
Warning (line 24925): Invalid (self-intersecting) polygon detected.
Warning (line 24944): Invalid (self-intersecting) polygon detected.
Warning (line 24957): Invalid (self-intersecting) polygon detected.
Warning (line 24970): Invalid (self-intersecting) polygon detected.
Warning (line 24983): Invalid (self-intersecting) polygon detected.
Warning (line 26091): Invalid (self-intersecting) polygon detected.
Warning (line 26100): Invalid (self-intersecting) polygon detected.
Warning (line 27123): Invalid (self-intersecting) polygon detected.
Warning (line 27312): Invalid (self-intersecting) polygon detected.
Warning (line 27933): Invalid (self-intersecting) polygon detected.
Warning (line 28340): Invalid (self-intersecting) polygon detected.
Warning (line 28614): Invalid (self-intersecting) polygon detected.
Warning (line 28873): Invalid (self-intersecting) polygon detected.
Warning (line 28886): Invalid (self-intersecting) polygon detected.
Warning (line 28899): Invalid (self-intersecting) polygon detected.
Warning (line 28912): Invalid (self-intersecting) polygon detected.
Warning (line 28925): Invalid (self-intersecting) polygon detected.
Warning (line 28938): Invalid (self-intersecting) polygon detected.
Warning (line 28951): Invalid (self-intersecting) polygon detected.
Warning (line 28960): Invalid (self-intersecting) polygon detected.
Warning (line 28969): Invalid (self-intersecting) polygon detected.
Warning (line 28978): Invalid (self-intersecting) polygon detected.
Warning (line 28987): Invalid (self-intersecting) polygon detected.
Warning (line 28996): Invalid (self-intersecting) polygon detected.
Warning (line 29005): Invalid (self-intersecting) polygon detected.
Warning (line 29014): Invalid (self-intersecting) polygon detected.
Warning (line 29023): Invalid (self-intersecting) polygon detected.
Warning (line 29045): Invalid (self-intersecting) polygon detected.
Warning (line 29054): Invalid (self-intersecting) polygon detected.
Warning (line 29073): Invalid (self-intersecting) polygon detected.
Warning (line 29083): Invalid (self-intersecting) polygon detected.
Warning (line 29093): Invalid (self-intersecting) polygon detected.
Warning (line 29103): Invalid (self-intersecting) polygon detected.
Warning (line 29113): Invalid (self-intersecting) polygon detected.
Warning (line 29269): Invalid (self-intersecting) polygon detected.
Warning (line 29278): Invalid (self-intersecting) polygon detected.
Warning (line 29287): Invalid (self-intersecting) polygon detected.
Warning (line 29296): Invalid (self-intersecting) polygon detected.
Warning (line 29305): Invalid (self-intersecting) polygon detected.
Warning (line 29314): Invalid (self-intersecting) polygon detected.
Warning (line 29323): Invalid (self-intersecting) polygon detected.
Warning (line 29332): Invalid (self-intersecting) polygon detected.
Warning (line 29341): Invalid (self-intersecting) polygon detected.
Warning (line 29350): Invalid (self-intersecting) polygon detected.


Total errors:       0
Total warnings:   107




----------------------------------------------------------------------

22-Oct-18  17:43                                            Page    2

