P-CAD ASCII File Open: VIP-1-31-008.fpc.ERR

======================================================================

Warning (line 9584): Invalid (self-intersecting) polygon detected.
Warning (line 9594): Invalid (self-intersecting) polygon detected.
Warning (line 9604): Invalid (self-intersecting) polygon detected.
Warning (line 9614): Invalid (self-intersecting) polygon detected.
Warning (line 9708): Invalid (self-intersecting) polygon detected.
Warning (line 9717): Invalid (self-intersecting) polygon detected.
Warning (line 9726): Invalid (self-intersecting) polygon detected.
Warning (line 9735): Invalid (self-intersecting) polygon detected.
Warning (line 9744): Invalid (self-intersecting) polygon detected.
Warning (line 9753): Invalid (self-intersecting) polygon detected.
Warning (line 9762): Invalid (self-intersecting) polygon detected.
Warning (line 9771): Invalid (self-intersecting) polygon detected.
Warning (line 9781): Invalid (self-intersecting) polygon detected.
Warning (line 9791): Invalid (self-intersecting) polygon detected.
Warning (line 9826): Invalid (self-intersecting) polygon detected.
Warning (line 9836): Invalid (self-intersecting) polygon detected.
Warning (line 9846): Invalid (self-intersecting) polygon detected.
Warning (line 9856): Invalid (self-intersecting) polygon detected.
Warning (line 9866): Invalid (self-intersecting) polygon detected.
Warning (line 9876): Invalid (self-intersecting) polygon detected.
Warning (line 9886): Invalid (self-intersecting) polygon detected.
Warning (line 9896): Invalid (self-intersecting) polygon detected.
Warning (line 9906): Invalid (self-intersecting) polygon detected.
Warning (line 9915): Invalid (self-intersecting) polygon detected.
Warning (line 9924): Invalid (self-intersecting) polygon detected.
Warning (line 10028): Invalid (self-intersecting) polygon detected.
Warning (line 10220): Invalid (self-intersecting) polygon detected.
Warning (line 10231): Invalid (self-intersecting) polygon detected.
Warning (line 10240): Invalid (self-intersecting) polygon detected.
Warning (line 10249): Invalid (self-intersecting) polygon detected.
Warning (line 10262): Invalid (self-intersecting) polygon detected.
Warning (line 10271): Invalid (self-intersecting) polygon detected.
Warning (line 10280): Invalid (self-intersecting) polygon detected.
Warning (line 10290): Invalid (self-intersecting) polygon detected.
Warning (line 10300): Invalid (self-intersecting) polygon detected.
Warning (line 10309): Invalid (self-intersecting) polygon detected.
Warning (line 10319): Invalid (self-intersecting) polygon detected.
Warning (line 10329): Invalid (self-intersecting) polygon detected.
Warning (line 10338): Invalid (self-intersecting) polygon detected.
Warning (line 10347): Invalid (self-intersecting) polygon detected.
Warning (line 10356): Invalid (self-intersecting) polygon detected.
Warning (line 10365): Invalid (self-intersecting) polygon detected.
Warning (line 10374): Invalid (self-intersecting) polygon detected.
Warning (line 10383): Invalid (self-intersecting) polygon detected.
Warning (line 10392): Invalid (self-intersecting) polygon detected.
Warning (line 10401): Invalid (self-intersecting) polygon detected.
Warning (line 14016): Invalid (self-intersecting) polygon detected.
Warning (line 14242): Invalid (self-intersecting) polygon detected.
Warning (line 14257): Invalid (self-intersecting) polygon detected.
Warning (line 14267): Invalid (self-intersecting) polygon detected.
Warning (line 14277): Invalid (self-intersecting) polygon detected.
Warning (line 14290): Invalid (self-intersecting) polygon detected.
Warning (line 14395): Invalid (self-intersecting) polygon detected.
Warning (line 14408): Invalid (self-intersecting) polygon detected.
Warning (line 14418): Invalid (self-intersecting) polygon detected.
Warning (line 14428): Invalid (self-intersecting) polygon detected.
Warning (line 14438): Invalid (self-intersecting) polygon detected.
Warning (line 14448): Invalid (self-intersecting) polygon detected.

----------------------------------------------------------------------

19-Dec-18  17:14                                            Page    1

P-CAD ASCII File Open: VIP-1-31-008.fpc.ERR

======================================================================

Warning (line 14458): Invalid (self-intersecting) polygon detected.
Warning (line 14468): Invalid (self-intersecting) polygon detected.
Warning (line 14478): Invalid (self-intersecting) polygon detected.
Warning (line 14488): Invalid (self-intersecting) polygon detected.
Warning (line 14629): Invalid (self-intersecting) polygon detected.
Warning (line 14639): Invalid (self-intersecting) polygon detected.
Warning (line 14649): Invalid (self-intersecting) polygon detected.
Warning (line 14670): Invalid (self-intersecting) polygon detected.
Warning (line 14700): Invalid (self-intersecting) polygon detected.
Warning (line 14839): Invalid (self-intersecting) polygon detected.
Warning (line 14848): Invalid (self-intersecting) polygon detected.
Warning (line 14857): Invalid (self-intersecting) polygon detected.
Warning (line 14866): Invalid (self-intersecting) polygon detected.
Warning (line 14875): Invalid (self-intersecting) polygon detected.
Warning (line 14884): Invalid (self-intersecting) polygon detected.
Warning (line 14893): Invalid (self-intersecting) polygon detected.
Warning (line 14902): Invalid (self-intersecting) polygon detected.
Warning (line 14924): Invalid (self-intersecting) polygon detected.
Warning (line 14964): Invalid (self-intersecting) polygon detected.
Warning (line 14973): Invalid (self-intersecting) polygon detected.
Warning (line 14982): Invalid (self-intersecting) polygon detected.
Warning (line 14992): Invalid (self-intersecting) polygon detected.
Warning (line 15002): Invalid (self-intersecting) polygon detected.
Warning (line 15011): Invalid (self-intersecting) polygon detected.
Warning (line 15030): Invalid (self-intersecting) polygon detected.
Warning (line 15040): Invalid (self-intersecting) polygon detected.
Warning (line 15050): Invalid (self-intersecting) polygon detected.
Warning (line 15060): Invalid (self-intersecting) polygon detected.
Warning (line 15070): Invalid (self-intersecting) polygon detected.
Warning (line 15080): Invalid (self-intersecting) polygon detected.


Total errors:       0
Total warnings:    88























----------------------------------------------------------------------

19-Dec-18  17:14                                            Page    2

