P-CAD ASCII File Open: Zond-1-12.fpc.ERR

======================================================================

Warning (line 4320): Invalid (self-intersecting) polygon detected.
Warning (line 4365): Invalid (self-intersecting) polygon detected.
Warning (line 4374): Invalid (self-intersecting) polygon detected.
Warning (line 4383): Invalid (self-intersecting) polygon detected.
Warning (line 4392): Invalid (self-intersecting) polygon detected.
Warning (line 4401): Invalid (self-intersecting) polygon detected.
Warning (line 4449): Invalid (self-intersecting) polygon detected.
Warning (line 4495): Invalid (self-intersecting) polygon detected.
Warning (line 4504): Invalid (self-intersecting) polygon detected.
Warning (line 4517): Invalid (self-intersecting) polygon detected.
Warning (line 4535): Invalid (self-intersecting) polygon detected.
Warning (line 4544): Invalid (self-intersecting) polygon detected.
Warning (line 4553): Invalid (self-intersecting) polygon detected.
Warning (line 4562): Invalid (self-intersecting) polygon detected.
Warning (line 4571): Invalid (self-intersecting) polygon detected.
Warning (line 4580): Invalid (self-intersecting) polygon detected.
Warning (line 4589): Invalid (self-intersecting) polygon detected.
Warning (line 4598): Invalid (self-intersecting) polygon detected.
Warning (line 4607): Invalid (self-intersecting) polygon detected.
Warning (line 4616): Invalid (self-intersecting) polygon detected.
Warning (line 4625): Invalid (self-intersecting) polygon detected.
Warning (line 4634): Invalid (self-intersecting) polygon detected.
Warning (line 4643): Invalid (self-intersecting) polygon detected.
Warning (line 4652): Invalid (self-intersecting) polygon detected.
Warning (line 4661): Invalid (self-intersecting) polygon detected.
Warning (line 4670): Invalid (self-intersecting) polygon detected.
Warning (line 4679): Invalid (self-intersecting) polygon detected.
Warning (line 4688): Invalid (self-intersecting) polygon detected.
Warning (line 4698): Invalid (self-intersecting) polygon detected.
Warning (line 4708): Invalid (self-intersecting) polygon detected.
Warning (line 4717): Invalid (self-intersecting) polygon detected.
Warning (line 4726): Invalid (self-intersecting) polygon detected.
Warning (line 4735): Invalid (self-intersecting) polygon detected.
Warning (line 4748): Invalid (self-intersecting) polygon detected.
Warning (line 4764): Invalid (self-intersecting) polygon detected.
Warning (line 4973): Invalid (self-intersecting) polygon detected.
Warning (line 6330): Invalid (self-intersecting) polygon detected.
Warning (line 6545): Invalid (self-intersecting) polygon detected.
Warning (line 6555): Invalid (self-intersecting) polygon detected.
Warning (line 6565): Invalid (self-intersecting) polygon detected.
Warning (line 6575): Invalid (self-intersecting) polygon detected.
Warning (line 6585): Invalid (self-intersecting) polygon detected.
Warning (line 6595): Invalid (self-intersecting) polygon detected.
Warning (line 6605): Invalid (self-intersecting) polygon detected.
Warning (line 6615): Invalid (self-intersecting) polygon detected.
Warning (line 6625): Invalid (self-intersecting) polygon detected.
Warning (line 6634): Invalid (self-intersecting) polygon detected.
Warning (line 6795): Invalid (self-intersecting) polygon detected.
Warning (line 6812): Invalid (self-intersecting) polygon detected.
Warning (line 6833): Invalid (self-intersecting) polygon detected.
Warning (line 6843): Invalid (self-intersecting) polygon detected.
Warning (line 6853): Invalid (self-intersecting) polygon detected.
Warning (line 6863): Invalid (self-intersecting) polygon detected.
Warning (line 6873): Invalid (self-intersecting) polygon detected.
Warning (line 6883): Invalid (self-intersecting) polygon detected.
Warning (line 6893): Invalid (self-intersecting) polygon detected.
Warning (line 6903): Invalid (self-intersecting) polygon detected.
Warning (line 6913): Invalid (self-intersecting) polygon detected.

----------------------------------------------------------------------

13-Dec-18  16:14                                            Page    1

P-CAD ASCII File Open: Zond-1-12.fpc.ERR

======================================================================

Warning (line 6923): Invalid (self-intersecting) polygon detected.
Warning (line 6933): Invalid (self-intersecting) polygon detected.


Total errors:       0
Total warnings:    60



















































----------------------------------------------------------------------

13-Dec-18  16:14                                            Page    2

